#
# A fatal error has been detected by the Java Runtime Environment:
#
#  SIGSEGV (0xb) at pc=0x00007fff830f04cd, pid=6877, tid=50183
#
# JRE version: Java(TM) SE Runtime Environment (8.0_72-b15) (build 1.8.0_72-b15)
# Java VM: Java HotSpot(TM) 64-Bit Server VM (25.72-b15 mixed mode bsd-amd64 compressed oops)
# Problematic frame:
# C  [libsystem_pthread.dylib+0x14cd]  _pthread_mutex_lock+0x17
#
# Failed to write core dump. Core dumps have been disabled. To enable core dumping, try "ulimit -c unlimited" before starting Java again
#
# If you would like to submit a bug report, please visit:
#   http://bugreport.java.com/bugreport/crash.jsp
# The crash happened outside the Java Virtual Machine in native code.
# See problematic frame for where to report the bug.
#

---------------  T H R E A D  ---------------

Current thread (0x00007ff48a382800):  JavaThread "AWT-EventQueue-0" [_thread_in_native, id=50183, stack(0x000000011db30000,0x000000011dc30000)]

siginfo: si_signo: 11 (SIGSEGV), si_code: 1 (SEGV_MAPERR), si_addr: 0xffffffff00000065

Registers:
RAX=0x0000000000000000, RBX=0xffffffff00000065, RCX=0x0000000000000000, RDX=0x0000000000000000
RSP=0x000000011dc2b930, RBP=0x000000011dc2b9b0, RSI=0x0000000000000000, RDI=0xffffffff00000065
R8 =0x0000000000000000, R9 =0x00007ff4894cb070, R10=0x000000011dc2b970, R11=0x000000011dd58a50
R12=0x0000000000000008, R13=0xffffffff00000005, R14=0x0000000000000000, R15=0x0000000000000000
RIP=0x00007fff830f04cd, EFLAGS=0x0000000000010206, ERR=0x0000000000000004
  TRAPNO=0x000000000000000e

Top of Stack: (sp=0x000000011dc2b930)
0x000000011dc2b930:   000000011dc2b960 000000011c82debb
0x000000011dc2b940:   0000000000000001 0000000000000008
0x000000011dc2b950:   0000000000000003 000000011dc2bc10
0x000000011dc2b960:   000000011dc2bb20 000000011c82e456
0x000000011dc2b970:   ffffffff00000005 0000000000000000
0x000000011dc2b980:   0000000000000000 0000000000000001
0x000000011dc2b990:   0000000000000008 ffffffff00000005
0x000000011dc2b9a0:   0000000000000000 0000000000000000
0x000000011dc2b9b0:   0000000000000000 000000011dd58a7c
0x000000011dc2b9c0:   00007ff4894cb070 00007ff4894cb070
0x000000011dc2b9d0:   ffffffff00000065 ffffffff00000005
0x000000011dc2b9e0:   000000011dc2ba20 0000000000000001
0x000000011dc2b9f0:   0000000000000008 0000000000000004
0x000000011dc2ba00:   000000011dc2bc18 000000011dc2bb60
0x000000011dc2ba10:   000000011dc2ba20 000000011c82e94c
0x000000011dc2ba20:   0000000000000000 000000011dc2c510
0x000000011dc2ba30:   000000011dc2bb20 000000011c82e456
0x000000011dc2ba40:   000000011dc2ba70 000000011c82debb
0x000000011dc2ba50:   0000000000000018 000000011dc2bad0
0x000000011dc2ba60:   000000011dc2bc80 000000011dc2bae4
0x000000011dc2ba70:   000000011dc2bae0 000000011dc2bad0
0x000000011dc2ba80:   000000011dc2bb30 000000011dc2c510
0x000000011dc2ba90:   000000011dd58a50 000000011dc2bc80
0x000000011dc2baa0:   000000011dc2b970 000000011dc2ba20
0x000000011dc2bab0:   0000000000000004 0000000400000004
0x000000011dc2bac0:   000000011dc2b970 0000000100000000
0x000000011dc2bad0:   0000000100000001 000000011dc2bc80
0x000000011dc2bae0:   0000000100000000 130015f57c46c505
0x000000011dc2baf0:   000000011dc2bb50 000000011dc2bc80
0x000000011dc2bb00:   000000011dc2bc20 00007ff48a3829f8
0x000000011dc2bb10:   000000011dc2bb50 000000011dc2bb80
0x000000011dc2bb20:   000000011dc2c500 000000011c8252f5 

Instructions: (pc=0x00007fff830f04cd)
0x00007fff830f04ad:   90 90 31 f6 e9 00 00 00 00 55 48 89 e5 41 57 41
0x00007fff830f04bd:   56 41 55 41 54 53 48 83 ec 58 41 89 f7 48 89 fb
0x00007fff830f04cd:   48 81 3b 58 54 55 4d 74 14 48 89 df e8 f3 02 00
0x00007fff830f04dd:   00 41 89 c6 45 85 f6 0f 85 99 02 00 00 8b 43 0c 

Register to memory mapping:

RAX=0x0000000000000000 is an unknown value
RBX=0xffffffff00000065 is an unknown value
RCX=0x0000000000000000 is an unknown value
RDX=0x0000000000000000 is an unknown value
RSP=0x000000011dc2b930 is pointing into the stack for thread: 0x00007ff48a382800
RBP=0x000000011dc2b9b0 is pointing into the stack for thread: 0x00007ff48a382800
RSI=0x0000000000000000 is an unknown value
RDI=0xffffffff00000065 is an unknown value
R8 =0x0000000000000000 is an unknown value
R9 =0x00007ff4894cb070 is an unknown value
R10=0x000000011dc2b970 is pointing into the stack for thread: 0x00007ff48a382800
R11=0x000000011dd58a50: libvlc_event_detach+0 in /Applications/VLC.app/Contents/MacOS/lib/libvlc.dylib at 0x000000011dd52000
R12=0x0000000000000008 is an unknown value
R13=0xffffffff00000005 is an unknown value
R14=0x0000000000000000 is an unknown value
R15=0x0000000000000000 is an unknown value


Stack: [0x000000011db30000,0x000000011dc30000],  sp=0x000000011dc2b930,  free space=1006k
Native frames: (J=compiled Java code, j=interpreted, Vv=VM code, C=native code)
C  [libsystem_pthread.dylib+0x14cd]  _pthread_mutex_lock+0x17
C  [libvlc.dylib+0x6a7c]  libvlc_event_detach+0x2c

Java frames: (J=compiled Java code, j=interpreted, Vv=VM code)
j  com.sun.jna.Native.invokeVoid(JI[Ljava/lang/Object;)V+0
j  com.sun.jna.Function.invoke([Ljava/lang/Object;Ljava/lang/Class;Z)Ljava/lang/Object;+30
j  com.sun.jna.Function.invoke(Ljava/lang/Class;[Ljava/lang/Object;Ljava/util/Map;)Ljava/lang/Object;+262
j  com.sun.jna.Library$Handler.invoke(Ljava/lang/Object;Ljava/lang/reflect/Method;[Ljava/lang/Object;)Ljava/lang/Object;+316
j  com.sun.proxy.$Proxy0.libvlc_event_detach(Luk/co/caprica/vlcj/binding/internal/libvlc_event_manager_t;ILuk/co/caprica/vlcj/binding/internal/libvlc_callback_t;Lcom/sun/jna/Pointer;)V+32
j  uk.co.caprica.vlcj.player.DefaultMediaPlayer.deregisterMediaEventListener()V+117
j  uk.co.caprica.vlcj.player.DefaultMediaPlayer.setMedia(Luk/co/caprica/vlcj/player/media/Media;)Z+26
j  uk.co.caprica.vlcj.player.DefaultMediaPlayer.prepareMedia(Luk/co/caprica/vlcj/player/media/Media;)Z+14
j  uk.co.caprica.vlcj.player.DefaultMediaPlayer.playMedia(Luk/co/caprica/vlcj/player/media/Media;)Z+14
j  uk.co.caprica.vlcj.player.DefaultMediaPlayer.playMedia(Ljava/lang/String;[Ljava/lang/String;)Z+26
j  controllers.PlayerController.play()V+21
v  ~StubRoutines::call_stub
j  sun.reflect.NativeMethodAccessorImpl.invoke0(Ljava/lang/reflect/Method;Ljava/lang/Object;[Ljava/lang/Object;)Ljava/lang/Object;+0
j  sun.reflect.NativeMethodAccessorImpl.invoke(Ljava/lang/Object;[Ljava/lang/Object;)Ljava/lang/Object;+100
J 1040 C1 sun.reflect.DelegatingMethodAccessorImpl.invoke(Ljava/lang/Object;[Ljava/lang/Object;)Ljava/lang/Object; (10 bytes) @ 0x0000000102563acc [0x00000001025639c0+0x10c]
J 1039 C1 java.lang.reflect.Method.invoke(Ljava/lang/Object;[Ljava/lang/Object;)Ljava/lang/Object; (62 bytes) @ 0x00000001025634d4 [0x00000001025630e0+0x3f4]
j  controllers.EventMapper.actionPerformed(Ljava/awt/event/ActionEvent;)V+67
j  javax.swing.AbstractButton.fireActionPerformed(Ljava/awt/event/ActionEvent;)V+83
j  javax.swing.AbstractButton$Handler.actionPerformed(Ljava/awt/event/ActionEvent;)V+5
j  javax.swing.DefaultButtonModel.fireActionPerformed(Ljava/awt/event/ActionEvent;)V+34
j  javax.swing.DefaultButtonModel.setPressed(Z)V+117
j  javax.swing.plaf.basic.BasicButtonListener.mouseReleased(Ljava/awt/event/MouseEvent;)V+35
j  java.awt.Component.processMouseEvent(Ljava/awt/event/MouseEvent;)V+64
j  javax.swing.JComponent.processMouseEvent(Ljava/awt/event/MouseEvent;)V+23
j  java.awt.Component.processEvent(Ljava/awt/AWTEvent;)V+81
j  java.awt.Container.processEvent(Ljava/awt/AWTEvent;)V+18
j  java.awt.Component.dispatchEventImpl(Ljava/awt/AWTEvent;)V+589
J 1247 C1 java.awt.Container.dispatchEventImpl(Ljava/awt/AWTEvent;)V (129 bytes) @ 0x00000001026117ec [0x00000001026116a0+0x14c]
J 1246 C1 java.awt.Component.dispatchEvent(Ljava/awt/AWTEvent;)V (6 bytes) @ 0x0000000102611304 [0x0000000102611200+0x104]
j  java.awt.LightweightDispatcher.retargetMouseEvent(Ljava/awt/Component;ILjava/awt/event/MouseEvent;)V+327
j  java.awt.LightweightDispatcher.processMouseEvent(Ljava/awt/event/MouseEvent;)Z+155
j  java.awt.LightweightDispatcher.dispatchEvent(Ljava/awt/AWTEvent;)Z+50
J 1247 C1 java.awt.Container.dispatchEventImpl(Ljava/awt/AWTEvent;)V (129 bytes) @ 0x000000010261178c [0x00000001026116a0+0xec]
j  java.awt.Window.dispatchEventImpl(Ljava/awt/AWTEvent;)V+19
J 1246 C1 java.awt.Component.dispatchEvent(Ljava/awt/AWTEvent;)V (6 bytes) @ 0x0000000102611304 [0x0000000102611200+0x104]
j  java.awt.EventQueue.dispatchEventImpl(Ljava/awt/AWTEvent;Ljava/lang/Object;)V+41
j  java.awt.EventQueue.access$500(Ljava/awt/EventQueue;Ljava/awt/AWTEvent;Ljava/lang/Object;)V+3
j  java.awt.EventQueue$3.run()Ljava/lang/Void;+32
j  java.awt.EventQueue$3.run()Ljava/lang/Object;+1
v  ~StubRoutines::call_stub
J 1001  java.security.AccessController.doPrivileged(Ljava/security/PrivilegedAction;Ljava/security/AccessControlContext;)Ljava/lang/Object; (0 bytes) @ 0x0000000102550663 [0x0000000102550600+0x63]
J 1009 C1 java.security.ProtectionDomain$JavaSecurityAccessImpl.doIntersectionPrivilege(Ljava/security/PrivilegedAction;Ljava/security/AccessControlContext;Ljava/security/AccessControlContext;)Ljava/lang/Object; (22 bytes) @ 0x000000010255441c [0x0000000102553fa0+0x47c]
j  java.security.ProtectionDomain$JavaSecurityAccessImpl.doIntersectionPrivilege(Ljava/security/PrivilegedAction;Ljava/security/AccessControlContext;)Ljava/lang/Object;+6
j  java.awt.EventQueue$4.run()Ljava/lang/Void;+11
j  java.awt.EventQueue$4.run()Ljava/lang/Object;+1
v  ~StubRoutines::call_stub
J 1001  java.security.AccessController.doPrivileged(Ljava/security/PrivilegedAction;Ljava/security/AccessControlContext;)Ljava/lang/Object; (0 bytes) @ 0x0000000102550663 [0x0000000102550600+0x63]
J 1257 C1 java.awt.EventQueue.dispatchEvent(Ljava/awt/AWTEvent;)V (80 bytes) @ 0x0000000102614eb4 [0x0000000102614000+0xeb4]
j  java.awt.EventDispatchThread.pumpOneEventForFilters(I)V+245
j  java.awt.EventDispatchThread.pumpEventsForFilter(ILjava/awt/Conditional;Ljava/awt/EventFilter;)V+35
j  java.awt.EventDispatchThread.pumpEventsForHierarchy(ILjava/awt/Conditional;Ljava/awt/Component;)V+11
j  java.awt.EventDispatchThread.pumpEvents(ILjava/awt/Conditional;)V+4
j  java.awt.EventDispatchThread.pumpEvents(Ljava/awt/Conditional;)V+3
j  java.awt.EventDispatchThread.run()V+9
v  ~StubRoutines::call_stub

---------------  P R O C E S S  ---------------

Java Threads: ( => current thread )
  0x00007ff489814000 JavaThread "DestroyJavaVM" [_thread_blocked, id=4867, stack(0x0000000101c79000,0x0000000101d79000)]
=>0x00007ff48a382800 JavaThread "AWT-EventQueue-0" [_thread_in_native, id=50183, stack(0x000000011db30000,0x000000011dc30000)]
  0x00007ff48a378000 JavaThread "Java2D Disposer" daemon [_thread_blocked, id=49163, stack(0x000000011ccb5000,0x000000011cdb5000)]
  0x00007ff48a2de000 JavaThread "Java2D Queue Flusher" daemon [_thread_blocked, id=47879, stack(0x000000011bbd5000,0x000000011bcd5000)]
  0x00007ff48a290800 JavaThread "AWT-Shutdown" [_thread_blocked, id=26643, stack(0x0000000119279000,0x0000000119379000)]
  0x00007ff489b13000 JavaThread "AppKit Thread" daemon [_thread_in_native, id=1811, stack(0x00007fff5e82d000,0x00007fff5f02d000)]
  0x00007ff48a07b000 JavaThread "Service Thread" daemon [_thread_blocked, id=16643, stack(0x00000001170ca000,0x00000001171ca000)]
  0x00007ff489893800 JavaThread "C1 CompilerThread1" daemon [_thread_blocked, id=16131, stack(0x0000000116fc7000,0x00000001170c7000)]
  0x00007ff48a037800 JavaThread "C2 CompilerThread0" daemon [_thread_blocked, id=15619, stack(0x0000000116ec4000,0x0000000116fc4000)]
  0x00007ff48a037000 JavaThread "Signal Dispatcher" daemon [_thread_blocked, id=11791, stack(0x0000000116dc1000,0x0000000116ec1000)]
  0x00007ff48985f800 JavaThread "Finalizer" daemon [_thread_blocked, id=10499, stack(0x00000001153b2000,0x00000001154b2000)]
  0x00007ff48a006800 JavaThread "Reference Handler" daemon [_thread_blocked, id=9987, stack(0x00000001152af000,0x00000001153af000)]

Other Threads:
  0x00007ff489855000 VMThread [stack: 0x00000001151ac000,0x00000001152ac000] [id=9475]
  0x00007ff48a07b800 WatcherThread [stack: 0x00000001171cd000,0x00000001172cd000] [id=17155]

VM state:not at safepoint (normal execution)

VM Mutex/Monitor currently owned by a thread: None

Heap:
 PSYoungGen      total 18944K, used 17808K [0x00000007aab00000, 0x00000007ac000000, 0x00000007c0000000)
  eden space 16384K, 93% used [0x00000007aab00000,0x00000007ab9e9d40,0x00000007abb00000)
  from space 2560K, 99% used [0x00000007abd80000,0x00000007abffa2c8,0x00000007ac000000)
  to   space 2560K, 0% used [0x00000007abb00000,0x00000007abb00000,0x00000007abd80000)
 ParOldGen       total 44032K, used 1408K [0x0000000780000000, 0x0000000782b00000, 0x00000007aab00000)
  object space 44032K, 3% used [0x0000000780000000,0x0000000780160008,0x0000000782b00000)
 Metaspace       used 13981K, capacity 14298K, committed 14464K, reserved 1062912K
  class space    used 1750K, capacity 1850K, committed 1920K, reserved 1048576K

Card table byte_map: [0x00000001115c0000,0x00000001117c1000] byte_map_base: 0x000000010d9c0000

Marking Bits: (ParMarkBitMap*) 0x00000001015b5ea0
 Begin Bits: [0x0000000111b1d000, 0x0000000112b1d000)
 End Bits:   [0x0000000112b1d000, 0x0000000113b1d000)

Polling page: 0x0000000101dbe000

CodeCache: size=245760Kb used=4215Kb max_used=4215Kb free=241544Kb
 bounds [0x0000000102200000, 0x0000000102630000, 0x0000000111200000]
 total_blobs=1798 nmethods=1266 adapters=448
 compilation: enabled

Compilation events (10 events):
Event: 11.056 Thread 0x00007ff489893800 1269       3       javax.swing.ArrayTable::get (83 bytes)
Event: 11.058 Thread 0x00007ff489893800 nmethod 1269 0x000000010261e390 code [0x000000010261e560, 0x000000010261ed58]
Event: 11.058 Thread 0x00007ff489893800 1266       3       sun.java2d.SunGraphics2D::validateColor (102 bytes)
Event: 11.059 Thread 0x00007ff489893800 nmethod 1266 0x000000010261ef90 code [0x000000010261f140, 0x000000010261f7a8]
Event: 11.059 Thread 0x00007ff489893800 1267       3       sun.java2d.SurfaceData::pixelFor (13 bytes)
Event: 11.059 Thread 0x00007ff489893800 nmethod 1267 0x000000010261f950 code [0x000000010261fac0, 0x000000010261fdc8]
Event: 11.059 Thread 0x00007ff489893800 1268       3       java.awt.Component::getForeground (29 bytes)
Event: 11.059 Thread 0x00007ff489893800 nmethod 1268 0x000000010261ff10 code [0x00000001026200a0, 0x00000001026204e8]
Event: 11.059 Thread 0x00007ff489893800 1270       1       sun.font.GlyphList::usePositions (5 bytes)
Event: 11.059 Thread 0x00007ff489893800 nmethod 1270 0x0000000102620610 code [0x0000000102620760, 0x0000000102620870]

GC Heap History (4 events):
Event: 1.485 GC heap before
{Heap before GC invocations=1 (full 0):
 PSYoungGen      total 18944K, used 16384K [0x00000007aab00000, 0x00000007ac000000, 0x00000007c0000000)
  eden space 16384K, 100% used [0x00000007aab00000,0x00000007abb00000,0x00000007abb00000)
  from space 2560K, 0% used [0x00000007abd80000,0x00000007abd80000,0x00000007ac000000)
  to   space 2560K, 0% used [0x00000007abb00000,0x00000007abb00000,0x00000007abd80000)
 ParOldGen       total 44032K, used 0K [0x0000000780000000, 0x0000000782b00000, 0x00000007aab00000)
  object space 44032K, 0% used [0x0000000780000000,0x0000000780000000,0x0000000782b00000)
 Metaspace       used 9957K, capacity 10186K, committed 10368K, reserved 1058816K
  class space    used 1245K, capacity 1328K, committed 1408K, reserved 1048576K
Event: 1.495 GC heap after
Heap after GC invocations=1 (full 0):
 PSYoungGen      total 18944K, used 2366K [0x00000007aab00000, 0x00000007ac000000, 0x00000007c0000000)
  eden space 16384K, 0% used [0x00000007aab00000,0x00000007aab00000,0x00000007abb00000)
  from space 2560K, 92% used [0x00000007abb00000,0x00000007abd4faa8,0x00000007abd80000)
  to   space 2560K, 0% used [0x00000007abd80000,0x00000007abd80000,0x00000007ac000000)
 ParOldGen       total 44032K, used 8K [0x0000000780000000, 0x0000000782b00000, 0x00000007aab00000)
  object space 44032K, 0% used [0x0000000780000000,0x0000000780002000,0x0000000782b00000)
 Metaspace       used 9957K, capacity 10186K, committed 10368K, reserved 1058816K
  class space    used 1245K, capacity 1328K, committed 1408K, reserved 1048576K
}
Event: 5.546 GC heap before
{Heap before GC invocations=2 (full 0):
 PSYoungGen      total 18944K, used 18750K [0x00000007aab00000, 0x00000007ac000000, 0x00000007c0000000)
  eden space 16384K, 100% used [0x00000007aab00000,0x00000007abb00000,0x00000007abb00000)
  from space 2560K, 92% used [0x00000007abb00000,0x00000007abd4faa8,0x00000007abd80000)
  to   space 2560K, 0% used [0x00000007abd80000,0x00000007abd80000,0x00000007ac000000)
 ParOldGen       total 44032K, used 8K [0x0000000780000000, 0x0000000782b00000, 0x00000007aab00000)
  object space 44032K, 0% used [0x0000000780000000,0x0000000780002000,0x0000000782b00000)
 Metaspace       used 13345K, capacity 13546K, committed 13824K, reserved 1060864K
  class space    used 1692K, capacity 1784K, committed 1792K, reserved 1048576K
Event: 5.564 GC heap after
Heap after GC invocations=2 (full 0):
 PSYoungGen      total 18944K, used 2536K [0x00000007aab00000, 0x00000007ac000000, 0x00000007c0000000)
  eden space 16384K, 0% used [0x00000007aab00000,0x00000007aab00000,0x00000007abb00000)
  from space 2560K, 99% used [0x00000007abd80000,0x00000007abffa2c8,0x00000007ac000000)
  to   space 2560K, 0% used [0x00000007abb00000,0x00000007abb00000,0x00000007abd80000)
 ParOldGen       total 44032K, used 1408K [0x0000000780000000, 0x0000000782b00000, 0x00000007aab00000)
  object space 44032K, 3% used [0x0000000780000000,0x0000000780160008,0x0000000782b00000)
 Metaspace       used 13345K, capacity 13546K, committed 13824K, reserved 1060864K
  class space    used 1692K, capacity 1784K, committed 1792K, reserved 1048576K
}

Deoptimization events (10 events):
Event: 1.775 Thread 0x00007ff489814000 Uncommon trap: reason=class_check action=maybe_recompile pc=0x0000000102431474 method=java.util.regex.Matcher.match(II)Z @ 86
Event: 1.807 Thread 0x00007ff489814000 Uncommon trap: reason=class_check action=maybe_recompile pc=0x000000010248c780 method=sun.misc.ProxyGenerator$ConstantPool$IndirectEntry.equals(Ljava/lang/Object;)Z @ 1
Event: 1.807 Thread 0x00007ff489814000 Uncommon trap: reason=class_check action=maybe_recompile pc=0x000000010248c780 method=sun.misc.ProxyGenerator$ConstantPool$IndirectEntry.equals(Ljava/lang/Object;)Z @ 1
Event: 1.808 Thread 0x00007ff489814000 Uncommon trap: reason=class_check action=maybe_recompile pc=0x000000010248c780 method=sun.misc.ProxyGenerator$ConstantPool$IndirectEntry.equals(Ljava/lang/Object;)Z @ 1
Event: 1.808 Thread 0x00007ff489814000 Uncommon trap: reason=class_check action=maybe_recompile pc=0x000000010248c780 method=sun.misc.ProxyGenerator$ConstantPool$IndirectEntry.equals(Ljava/lang/Object;)Z @ 1
Event: 1.850 Thread 0x00007ff489814000 Uncommon trap: reason=unstable_if action=reinterpret pc=0x0000000102452e54 method=java.lang.String.lastIndexOf([CII[CIII)I @ 118
Event: 2.269 Thread 0x00007ff489814000 Uncommon trap: reason=unstable_if action=reinterpret pc=0x00000001023d6d2c method=java.lang.String.replace(CC)Ljava/lang/String; @ 26
Event: 5.528 Thread 0x00007ff48a382800 Uncommon trap: reason=unstable_if action=reinterpret pc=0x0000000102430e60 method=java.lang.CharacterData.of(I)Ljava/lang/CharacterData; @ 4
Event: 8.708 Thread 0x00007ff4898cc800 Uncommon trap: reason=null_check action=make_not_entrant pc=0x0000000102600f34 method=com.sun.jna.Native.getNativeSize(Ljava/lang/Class;Ljava/lang/Object;)I @ 64
Event: 8.973 Thread 0x00007ff48c834000 Uncommon trap: reason=null_check action=make_not_entrant pc=0x0000000102605834 method=com.sun.jna.Native.getNativeSize(Ljava/lang/Class;)I @ 4

Internal exceptions (10 events):
Event: 1.197 Thread 0x00007ff489814000 Exception <a 'java/io/FileNotFoundException'> (0x00000007ab909e88) thrown at [/Users/java_re/workspace/8-2-build-macosx-x86_64/jdk8u72/5732/hotspot/src/share/vm/prims/jni.cpp, line 709]
Event: 1.519 Thread 0x00007ff489814000 Exception <a 'java/lang/NoClassDefFoundError': org/slf4j/impl/StaticLoggerBinder> (0x00000007aabbec70) thrown at [/Users/java_re/workspace/8-2-build-macosx-x86_64/jdk8u72/5732/hotspot/src/share/vm/classfile/systemDictionary.cpp, line 199]
Event: 1.850 Thread 0x00007ff489814000 Exception <a 'java/lang/UnsatisfiedLinkError': dlopen(libX11.dylib, 9): image not found> (0x00000007ab52a4b0) thrown at [/Users/java_re/workspace/8-2-build-macosx-x86_64/jdk8u72/5732/hotspot/src/share/vm/prims/jni.cpp, line 735]
Event: 1.851 Thread 0x00007ff489814000 Exception <a 'java/lang/UnsatisfiedLinkError': dlopen(libX11.dylib, 9): image not found> (0x00000007ab52b410) thrown at [/Users/java_re/workspace/8-2-build-macosx-x86_64/jdk8u72/5732/hotspot/src/share/vm/prims/jni.cpp, line 735]
Event: 1.852 Thread 0x00007ff489814000 Exception <a 'java/lang/UnsatisfiedLinkError'> (0x00000007ab5577d0) thrown at [/Users/java_re/workspace/8-2-build-macosx-x86_64/jdk8u72/5732/hotspot/src/share/vm/oops/instanceKlass.cpp, line 948]
Event: 5.567 Thread 0x00007ff48985f800 Exception <a 'java/lang/NullPointerException'> (0x00000007aaba55d0) thrown at [/Users/java_re/workspace/8-2-build-macosx-x86_64/jdk8u72/5732/hotspot/src/share/vm/interpreter/linkResolver.cpp, line 1178]
Event: 6.944 Thread 0x00007ff48a382800 Exception <a 'java/lang/NullPointerException'> (0x00000007aae058e0) thrown at [/Users/java_re/workspace/8-2-build-macosx-x86_64/jdk8u72/5732/hotspot/src/share/vm/interpreter/linkResolver.cpp, line 1178]
Event: 6.944 Thread 0x00007ff48a382800 Exception <a 'java/lang/reflect/InvocationTargetException'> (0x00000007ab07c008) thrown at [/Users/java_re/workspace/8-2-build-macosx-x86_64/jdk8u72/5732/hotspot/src/share/vm/runtime/reflection.cpp, line 1092]
Event: 9.212 Thread 0x00007ff48a382800 Exception <a 'java/lang/NullPointerException'> (0x00000007ab997690) thrown at [/Users/java_re/workspace/8-2-build-macosx-x86_64/jdk8u72/5732/hotspot/src/share/vm/interpreter/linkResolver.cpp, line 1178]
Event: 9.212 Thread 0x00007ff48a382800 Exception <a 'java/lang/reflect/InvocationTargetException'> (0x00000007ab997a80) thrown at [/Users/java_re/workspace/8-2-build-macosx-x86_64/jdk8u72/5732/hotspot/src/share/vm/runtime/reflection.cpp, line 1092]

Events (10 events):
Event: 8.973 Thread 0x00007ff48c834000 DEOPT PACKING pc=0x0000000102605834 sp=0x0000000180e696f0
Event: 8.973 Thread 0x00007ff48c834000 DEOPT UNPACKING pc=0x0000000102204f69 sp=0x0000000180e69668 mode 2
Event: 8.974 Thread 0x00007ff48c834000 Thread exited: 0x00007ff48c834000
Event: 8.976 Thread 0x00007ff489d4b000 Thread added: 0x00007ff489d4b000
Event: 8.977 Thread 0x00007ff489d4b000 Thread exited: 0x00007ff489d4b000
Event: 9.206 loading class uk/co/caprica/vlcj/player/events/MediaPlayerStoppedEvent
Event: 9.206 loading class uk/co/caprica/vlcj/player/events/MediaPlayerStoppedEvent done
Event: 9.216 Executing VM operation: RevokeBias
Event: 9.216 Executing VM operation: RevokeBias done
Event: 9.216 Thread 0x00007ff489f7d000 Thread exited: 0x00007ff489f7d000


Dynamic libraries:
0x0000000001910000 	/System/Library/Frameworks/Cocoa.framework/Versions/A/Cocoa
0x0000000001910000 	/System/Library/Frameworks/Security.framework/Versions/A/Security
0x0000000001910000 	/System/Library/Frameworks/ApplicationServices.framework/Versions/A/ApplicationServices
0x0000000001910000 	/usr/lib/libz.1.dylib
0x0000000001910000 	/usr/lib/libSystem.B.dylib
0x0000000001910000 	/usr/lib/libobjc.A.dylib
0x0000000001910000 	/System/Library/Frameworks/CoreFoundation.framework/Versions/A/CoreFoundation
0x0000000001910000 	/System/Library/Frameworks/Foundation.framework/Versions/C/Foundation
0x0000000001910000 	/System/Library/Frameworks/AppKit.framework/Versions/C/AppKit
0x0000000001910000 	/System/Library/Frameworks/CoreData.framework/Versions/A/CoreData
0x0000000001910000 	/System/Library/PrivateFrameworks/RemoteViewServices.framework/Versions/A/RemoteViewServices
0x0000000001910000 	/System/Library/PrivateFrameworks/UIFoundation.framework/Versions/A/UIFoundation
0x0000000001910000 	/System/Library/Frameworks/IOSurface.framework/Versions/A/IOSurface
0x0000000001910000 	/System/Library/Frameworks/AudioToolbox.framework/Versions/A/AudioToolbox
0x0000000001910000 	/System/Library/Frameworks/AudioUnit.framework/Versions/A/AudioUnit
0x0000000001910000 	/System/Library/PrivateFrameworks/DataDetectorsCore.framework/Versions/A/DataDetectorsCore
0x0000000001910000 	/System/Library/PrivateFrameworks/DesktopServicesPriv.framework/Versions/A/DesktopServicesPriv
0x0000000001910000 	/System/Library/Frameworks/Carbon.framework/Versions/A/Frameworks/HIToolbox.framework/Versions/A/HIToolbox
0x0000000001910000 	/System/Library/Frameworks/QuartzCore.framework/Versions/A/QuartzCore
0x0000000001910000 	/System/Library/Frameworks/Carbon.framework/Versions/A/Frameworks/SpeechRecognition.framework/Versions/A/SpeechRecognition
0x0000000001910000 	/usr/lib/libauto.dylib
0x0000000001910000 	/usr/lib/libicucore.A.dylib
0x0000000001910000 	/usr/lib/libxml2.2.dylib
0x0000000001910000 	/System/Library/PrivateFrameworks/CoreUI.framework/Versions/A/CoreUI
0x0000000001910000 	/System/Library/Frameworks/CoreAudio.framework/Versions/A/CoreAudio
0x0000000001910000 	/System/Library/Frameworks/DiskArbitration.framework/Versions/A/DiskArbitration
0x0000000001910000 	/usr/lib/liblangid.dylib
0x0000000001910000 	/System/Library/PrivateFrameworks/MultitouchSupport.framework/Versions/A/MultitouchSupport
0x0000000001910000 	/System/Library/Frameworks/IOKit.framework/Versions/A/IOKit
0x0000000001910000 	/usr/lib/libDiagnosticMessagesClient.dylib
0x0000000001910000 	/System/Library/Frameworks/CoreServices.framework/Versions/A/CoreServices
0x0000000001910000 	/System/Library/PrivateFrameworks/PerformanceAnalysis.framework/Versions/A/PerformanceAnalysis
0x0000000001910000 	/System/Library/PrivateFrameworks/GenerationalStorage.framework/Versions/A/GenerationalStorage
0x0000000001910000 	/System/Library/Frameworks/OpenGL.framework/Versions/A/OpenGL
0x0000000001910000 	/System/Library/PrivateFrameworks/Sharing.framework/Versions/A/Sharing
0x0000000001910000 	/System/Library/Frameworks/CoreGraphics.framework/Versions/A/CoreGraphics
0x0000000001910000 	/System/Library/Frameworks/CoreText.framework/Versions/A/CoreText
0x0000000001910000 	/System/Library/Frameworks/ImageIO.framework/Versions/A/ImageIO
0x0000000001910000 	/usr/lib/libextension.dylib
0x0000000001910000 	/System/Library/PrivateFrameworks/Backup.framework/Versions/A/Backup
0x0000000001910000 	/usr/lib/libarchive.2.dylib
0x0000000001910000 	/System/Library/Frameworks/CFNetwork.framework/Versions/A/CFNetwork
0x0000000001910000 	/System/Library/Frameworks/SystemConfiguration.framework/Versions/A/SystemConfiguration
0x0000000001910000 	/usr/lib/libCRFSuite.dylib
0x0000000001910000 	/usr/lib/libc++.1.dylib
0x0000000001910000 	/usr/lib/libc++abi.dylib
0x0000000001910000 	/usr/lib/system/libcache.dylib
0x0000000001910000 	/usr/lib/system/libcommonCrypto.dylib
0x0000000001910000 	/usr/lib/system/libcompiler_rt.dylib
0x0000000001910000 	/usr/lib/system/libcopyfile.dylib
0x0000000001910000 	/usr/lib/system/libcorecrypto.dylib
0x0000000001910000 	/usr/lib/system/libdispatch.dylib
0x0000000001910000 	/usr/lib/system/libdyld.dylib
0x0000000001910000 	/usr/lib/system/libkeymgr.dylib
0x0000000001910000 	/usr/lib/system/liblaunch.dylib
0x0000000001910000 	/usr/lib/system/libmacho.dylib
0x0000000001910000 	/usr/lib/system/libquarantine.dylib
0x0000000001910000 	/usr/lib/system/libremovefile.dylib
0x0000000001910000 	/usr/lib/system/libsystem_asl.dylib
0x0000000001910000 	/usr/lib/system/libsystem_blocks.dylib
0x0000000001910000 	/usr/lib/system/libsystem_c.dylib
0x0000000001910000 	/usr/lib/system/libsystem_configuration.dylib
0x0000000001910000 	/usr/lib/system/libsystem_coreservices.dylib
0x0000000001910000 	/usr/lib/system/libsystem_coretls.dylib
0x0000000001910000 	/usr/lib/system/libsystem_dnssd.dylib
0x0000000001910000 	/usr/lib/system/libsystem_info.dylib
0x0000000001910000 	/usr/lib/system/libsystem_kernel.dylib
0x0000000001910000 	/usr/lib/system/libsystem_m.dylib
0x0000000001910000 	/usr/lib/system/libsystem_malloc.dylib
0x0000000001910000 	/usr/lib/system/libsystem_network.dylib
0x0000000001910000 	/usr/lib/system/libsystem_networkextension.dylib
0x0000000001910000 	/usr/lib/system/libsystem_notify.dylib
0x0000000001910000 	/usr/lib/system/libsystem_platform.dylib
0x0000000001910000 	/usr/lib/system/libsystem_pthread.dylib
0x0000000001910000 	/usr/lib/system/libsystem_sandbox.dylib
0x0000000001910000 	/usr/lib/system/libsystem_secinit.dylib
0x0000000001910000 	/usr/lib/system/libsystem_stats.dylib
0x0000000001910000 	/usr/lib/system/libsystem_trace.dylib
0x0000000001910000 	/usr/lib/system/libunc.dylib
0x0000000001910000 	/usr/lib/system/libunwind.dylib
0x0000000001910000 	/usr/lib/system/libxpc.dylib
0x0000000001910000 	/usr/lib/libbz2.1.0.dylib
0x0000000001910000 	/usr/lib/liblzma.5.dylib
0x0000000001910000 	/usr/lib/libbsm.0.dylib
0x0000000001910000 	/usr/lib/libsqlite3.dylib
0x0000000001910000 	/usr/lib/system/libkxld.dylib
0x0000000001910000 	/usr/lib/libxar.1.dylib
0x0000000001910000 	/usr/lib/libpam.2.dylib
0x0000000001910000 	/usr/lib/libOpenScriptingUtil.dylib
0x0000000001910000 	/System/Library/Frameworks/CoreServices.framework/Versions/A/Frameworks/FSEvents.framework/Versions/A/FSEvents
0x0000000001910000 	/System/Library/Frameworks/CoreServices.framework/Versions/A/Frameworks/CarbonCore.framework/Versions/A/CarbonCore
0x0000000001910000 	/System/Library/Frameworks/CoreServices.framework/Versions/A/Frameworks/Metadata.framework/Versions/A/Metadata
0x0000000001910000 	/System/Library/Frameworks/CoreServices.framework/Versions/A/Frameworks/OSServices.framework/Versions/A/OSServices
0x0000000001910000 	/System/Library/Frameworks/CoreServices.framework/Versions/A/Frameworks/SearchKit.framework/Versions/A/SearchKit
0x0000000001910000 	/System/Library/Frameworks/CoreServices.framework/Versions/A/Frameworks/AE.framework/Versions/A/AE
0x0000000001910000 	/System/Library/Frameworks/CoreServices.framework/Versions/A/Frameworks/LaunchServices.framework/Versions/A/LaunchServices
0x0000000001910000 	/System/Library/Frameworks/CoreServices.framework/Versions/A/Frameworks/DictionaryServices.framework/Versions/A/DictionaryServices
0x0000000001910000 	/System/Library/Frameworks/NetFS.framework/Versions/A/NetFS
0x0000000001910000 	/System/Library/PrivateFrameworks/NetAuth.framework/Versions/A/NetAuth
0x0000000001910000 	/System/Library/PrivateFrameworks/login.framework/Versions/A/Frameworks/loginsupport.framework/Versions/A/loginsupport
0x0000000001910000 	/System/Library/PrivateFrameworks/TCC.framework/Versions/A/TCC
0x0000000001910000 	/usr/lib/libmecabra.dylib
0x0000000001910000 	/System/Library/Frameworks/ApplicationServices.framework/Versions/A/Frameworks/ATS.framework/Versions/A/ATS
0x0000000001910000 	/System/Library/Frameworks/ApplicationServices.framework/Versions/A/Frameworks/ColorSync.framework/Versions/A/ColorSync
0x0000000001910000 	/System/Library/Frameworks/ApplicationServices.framework/Versions/A/Frameworks/HIServices.framework/Versions/A/HIServices
0x0000000001910000 	/System/Library/Frameworks/ApplicationServices.framework/Versions/A/Frameworks/LangAnalysis.framework/Versions/A/LangAnalysis
0x0000000001910000 	/System/Library/Frameworks/ApplicationServices.framework/Versions/A/Frameworks/PrintCore.framework/Versions/A/PrintCore
0x0000000001910000 	/System/Library/Frameworks/ApplicationServices.framework/Versions/A/Frameworks/QD.framework/Versions/A/QD
0x0000000001910000 	/System/Library/Frameworks/ApplicationServices.framework/Versions/A/Frameworks/SpeechSynthesis.framework/Versions/A/SpeechSynthesis
0x0000000001910000 	/System/Library/Frameworks/Accelerate.framework/Versions/A/Accelerate
0x0000000001910000 	/System/Library/Frameworks/Accelerate.framework/Versions/A/Frameworks/vImage.framework/Versions/A/vImage
0x0000000001910000 	/System/Library/Frameworks/Accelerate.framework/Versions/A/Frameworks/vecLib.framework/Versions/A/vecLib
0x0000000001910000 	/System/Library/Frameworks/Accelerate.framework/Versions/A/Frameworks/vecLib.framework/Versions/A/libvDSP.dylib
0x0000000001910000 	/System/Library/Frameworks/Accelerate.framework/Versions/A/Frameworks/vecLib.framework/Versions/A/libvMisc.dylib
0x0000000001910000 	/System/Library/Frameworks/Accelerate.framework/Versions/A/Frameworks/vecLib.framework/Versions/A/libLAPACK.dylib
0x0000000001910000 	/System/Library/Frameworks/Accelerate.framework/Versions/A/Frameworks/vecLib.framework/Versions/A/libBLAS.dylib
0x0000000001910000 	/System/Library/Frameworks/Accelerate.framework/Versions/A/Frameworks/vecLib.framework/Versions/A/libLinearAlgebra.dylib
0x0000000001910000 	/System/Library/Frameworks/ApplicationServices.framework/Versions/A/Frameworks/ATS.framework/Versions/A/Resources/libFontParser.dylib
0x0000000001910000 	/System/Library/Frameworks/ApplicationServices.framework/Versions/A/Frameworks/ATS.framework/Versions/A/Resources/libFontRegistry.dylib
0x0000000001910000 	/System/Library/PrivateFrameworks/AppleVPA.framework/Versions/A/AppleVPA
0x0000000001910000 	/System/Library/PrivateFrameworks/AppleJPEG.framework/Versions/A/AppleJPEG
0x0000000001910000 	/System/Library/Frameworks/ImageIO.framework/Versions/A/Resources/libJPEG.dylib
0x0000000001910000 	/System/Library/Frameworks/ImageIO.framework/Versions/A/Resources/libTIFF.dylib
0x0000000001910000 	/System/Library/Frameworks/ImageIO.framework/Versions/A/Resources/libPng.dylib
0x0000000001910000 	/System/Library/Frameworks/ImageIO.framework/Versions/A/Resources/libGIF.dylib
0x0000000001910000 	/System/Library/Frameworks/ImageIO.framework/Versions/A/Resources/libJP2.dylib
0x0000000001910000 	/System/Library/Frameworks/ImageIO.framework/Versions/A/Resources/libRadiance.dylib
0x0000000001910000 	/System/Library/Frameworks/CoreVideo.framework/Versions/A/CoreVideo
0x0000000001910000 	/System/Library/Frameworks/OpenGL.framework/Versions/A/Libraries/libGLU.dylib
0x0000000001910000 	/System/Library/Frameworks/OpenGL.framework/Versions/A/Libraries/libGFXShared.dylib
0x0000000001910000 	/System/Library/Frameworks/OpenGL.framework/Versions/A/Libraries/libGL.dylib
0x0000000001910000 	/System/Library/Frameworks/OpenGL.framework/Versions/A/Libraries/libGLImage.dylib
0x0000000001910000 	/System/Library/Frameworks/OpenGL.framework/Versions/A/Libraries/libCVMSPluginSupport.dylib
0x0000000001910000 	/System/Library/Frameworks/OpenGL.framework/Versions/A/Libraries/libCoreVMClient.dylib
0x0000000001910000 	/usr/lib/libcups.2.dylib
0x0000000001910000 	/System/Library/Frameworks/Kerberos.framework/Versions/A/Kerberos
0x0000000001910000 	/System/Library/Frameworks/GSS.framework/Versions/A/GSS
0x0000000001910000 	/usr/lib/libresolv.9.dylib
0x0000000001910000 	/usr/lib/libiconv.2.dylib
0x0000000001910000 	/System/Library/PrivateFrameworks/Heimdal.framework/Versions/A/Heimdal
0x0000000001910000 	/usr/lib/libheimdal-asn1.dylib
0x0000000001910000 	/System/Library/Frameworks/OpenDirectory.framework/Versions/A/OpenDirectory
0x0000000001910000 	/System/Library/PrivateFrameworks/CommonAuth.framework/Versions/A/CommonAuth
0x0000000001910000 	/System/Library/Frameworks/OpenDirectory.framework/Versions/A/Frameworks/CFOpenDirectory.framework/Versions/A/CFOpenDirectory
0x0000000001910000 	/System/Library/Frameworks/SecurityFoundation.framework/Versions/A/SecurityFoundation
0x0000000001910000 	/System/Library/PrivateFrameworks/LanguageModeling.framework/Versions/A/LanguageModeling
0x0000000001910000 	/usr/lib/libcmph.dylib
0x0000000001910000 	/System/Library/Frameworks/ServiceManagement.framework/Versions/A/ServiceManagement
0x0000000001910000 	/usr/lib/libxslt.1.dylib
0x0000000001910000 	/System/Library/Frameworks/Carbon.framework/Versions/A/Frameworks/Ink.framework/Versions/A/Ink
0x0000000001910000 	/System/Library/Frameworks/QuartzCore.framework/Versions/A/Frameworks/CoreImage.framework/Versions/A/CoreImage
0x0000000001910000 	/System/Library/PrivateFrameworks/CrashReporterSupport.framework/Versions/A/CrashReporterSupport
0x0000000001910000 	/System/Library/Frameworks/OpenCL.framework/Versions/A/OpenCL
0x0000000001910000 	/System/Library/PrivateFrameworks/FaceCore.framework/Versions/A/FaceCore
0x0000000001910000 	/System/Library/PrivateFrameworks/Ubiquity.framework/Versions/A/Ubiquity
0x0000000001910000 	/System/Library/PrivateFrameworks/IconServices.framework/Versions/A/IconServices
0x0000000001910000 	/System/Library/PrivateFrameworks/ChunkingLibrary.framework/Versions/A/ChunkingLibrary
0x0000000001910000 	/System/Library/PrivateFrameworks/Apple80211.framework/Versions/A/Apple80211
0x0000000001910000 	/System/Library/Frameworks/CoreWLAN.framework/Versions/A/CoreWLAN
0x0000000001910000 	/System/Library/Frameworks/IOBluetooth.framework/Versions/A/IOBluetooth
0x0000000001910000 	/System/Library/PrivateFrameworks/CoreWiFi.framework/Versions/A/CoreWiFi
0x0000000001910000 	/System/Library/Frameworks/CoreBluetooth.framework/Versions/A/CoreBluetooth
0x0000000001910000 	/System/Library/PrivateFrameworks/DebugSymbols.framework/Versions/A/DebugSymbols
0x0000000001910000 	/System/Library/PrivateFrameworks/CoreSymbolication.framework/Versions/A/CoreSymbolication
0x0000000001910000 	/System/Library/PrivateFrameworks/Symbolication.framework/Versions/A/Symbolication
0x0000000001910000 	/System/Library/PrivateFrameworks/SpeechRecognitionCore.framework/Versions/A/SpeechRecognitionCore
0x0000000100cd2000 	/Library/Java/JavaVirtualMachines/jdk1.8.0_72.jdk/Contents/Home/jre/lib/server/libjvm.dylib
0x0000000001910000 	/usr/lib/libstdc++.6.dylib
0x0000000101d7b000 	/Library/Java/JavaVirtualMachines/jdk1.8.0_72.jdk/Contents/Home/jre/lib/libverify.dylib
0x0000000101d89000 	/Library/Java/JavaVirtualMachines/jdk1.8.0_72.jdk/Contents/Home/jre/lib/libjava.dylib
0x0000000101dc8000 	/Library/Java/JavaVirtualMachines/jdk1.8.0_72.jdk/Contents/Home/jre/lib/libzip.dylib
0x00000001154b4000 	/System/Library/Frameworks/JavaVM.framework/Frameworks/JavaRuntimeSupport.framework/JavaRuntimeSupport
0x0000000101de6000 	/System/Library/Frameworks/JavaVM.framework/Versions/A/Frameworks/JavaNativeFoundation.framework/Versions/A/JavaNativeFoundation
0x00000001154cf000 	/System/Library/Frameworks/JavaVM.framework/Versions/A/JavaVM
0x0000000001910000 	/System/Library/Frameworks/Carbon.framework/Versions/A/Carbon
0x00000001154dc000 	/System/Library/PrivateFrameworks/JavaLaunching.framework/Versions/A/JavaLaunching
0x0000000001910000 	/System/Library/Frameworks/Carbon.framework/Versions/A/Frameworks/CommonPanels.framework/Versions/A/CommonPanels
0x0000000001910000 	/System/Library/Frameworks/Carbon.framework/Versions/A/Frameworks/Help.framework/Versions/A/Help
0x0000000001910000 	/System/Library/Frameworks/Carbon.framework/Versions/A/Frameworks/ImageCapture.framework/Versions/A/ImageCapture
0x0000000001910000 	/System/Library/Frameworks/Carbon.framework/Versions/A/Frameworks/OpenScripting.framework/Versions/A/OpenScripting
0x0000000001910000 	/System/Library/Frameworks/Carbon.framework/Versions/A/Frameworks/Print.framework/Versions/A/Print
0x0000000001910000 	/System/Library/Frameworks/Carbon.framework/Versions/A/Frameworks/SecurityHI.framework/Versions/A/SecurityHI
0x0000000117610000 	/Library/Java/JavaVirtualMachines/jdk1.8.0_72.jdk/Contents/Home/jre/lib/libawt.dylib
0x00000001176b8000 	/Library/Java/JavaVirtualMachines/jdk1.8.0_72.jdk/Contents/Home/jre/lib/./libmlib_image.dylib
0x0000000117784000 	/Library/Java/JavaVirtualMachines/jdk1.8.0_72.jdk/Contents/Home/jre/lib/libawt_lwawt.dylib
0x0000000117839000 	/Library/Java/JavaVirtualMachines/jdk1.8.0_72.jdk/Contents/Home/jre/lib/./libosxapp.dylib
0x0000000001910000 	/System/Library/Frameworks/ExceptionHandling.framework/Versions/A/ExceptionHandling
0x0000000001910000 	/System/Library/PrivateFrameworks/CoreServicesInternal.framework/Versions/A/CoreServicesInternal
0x0000000001910000 	/System/Library/PrivateFrameworks/CloudDocs.framework/Versions/A/CloudDocs
0x0000000001910000 	/System/Library/PrivateFrameworks/CoreDuet.framework/Versions/A/CoreDuet
0x0000000001910000 	/System/Library/Frameworks/CloudKit.framework/Versions/A/CloudKit
0x0000000001910000 	/System/Library/PrivateFrameworks/ProtocolBuffer.framework/Versions/A/ProtocolBuffer
0x0000000001910000 	/System/Library/PrivateFrameworks/CoreDuetDaemonProtocol.framework/Versions/A/CoreDuetDaemonProtocol
0x0000000001910000 	/System/Library/PrivateFrameworks/CoreDuetDebugLogging.framework/Versions/A/CoreDuetDebugLogging
0x0000000001910000 	/System/Library/PrivateFrameworks/MMCS.framework/Versions/A/MMCS
0x0000000001910000 	/System/Library/Frameworks/CoreLocation.framework/Versions/A/CoreLocation
0x0000000001910000 	/System/Library/PrivateFrameworks/ProtectedCloudStorage.framework/Versions/A/ProtectedCloudStorage
0x0000000001910000 	/System/Library/PrivateFrameworks/GeoServices.framework/Versions/A/GeoServices
0x0000000117f28000 	/System/Library/Frameworks/CoreGraphics.framework/Versions/A/Resources/libCGCMS.A.dylib
0x0000000119d4c000 	/System/Library/Frameworks/CoreGraphics.framework/Versions/A/Resources/libRIP.A.dylib
0x0000000119fa1000 	/System/Library/Frameworks/CoreGraphics.framework/Versions/A/Resources/libCGXType.A.dylib
0x0000000001910000 	/System/Library/Frameworks/OpenCL.framework/Versions/A/Libraries/libcldcpuengine.dylib
0x0000000001910000 	/System/Library/PrivateFrameworks/DiskImages.framework/Versions/A/DiskImages
0x0000000001910000 	/System/Library/Frameworks/DiscRecording.framework/Versions/A/DiscRecording
0x0000000001910000 	/usr/lib/libcsfde.dylib
0x0000000001910000 	/usr/lib/libcurl.4.dylib
0x0000000001910000 	/System/Library/PrivateFrameworks/MediaKit.framework/Versions/A/MediaKit
0x0000000001910000 	/usr/lib/libCoreStorage.dylib
0x0000000001910000 	/System/Library/PrivateFrameworks/EFILogin.framework/Versions/A/EFILogin
0x0000000001910000 	/usr/lib/libutil.dylib
0x0000000001910000 	/System/Library/PrivateFrameworks/FindMyDevice.framework/Versions/A/FindMyDevice
0x0000000001910000 	/System/Library/Frameworks/LDAP.framework/Versions/A/LDAP
0x0000000001910000 	/usr/lib/libsasl2.2.dylib
0x0000000001910000 	/System/Library/PrivateFrameworks/CoreDaemon.framework/Versions/B/CoreDaemon
0x0000000001910000 	/usr/lib/libcrypto.0.9.8.dylib
0x0000000001910000 	/System/Library/PrivateFrameworks/AppleSRP.framework/Versions/A/AppleSRP
0x0000000001910000 	/System/Library/PrivateFrameworks/TrustEvaluationAgent.framework/Versions/A/TrustEvaluationAgent
0x000000011aa0f000 	cl_kernels
0x000000011aa11000 	/System/Library/Frameworks/OpenCL.framework/Versions/A/Libraries/ImageFormats/unorm8_bgra.dylib
0x000000011aa00000 	cl_kernels
0x0000000001910000 	/System/Library/PrivateFrameworks/FamilyControls.framework/Versions/A/FamilyControls
0x0000000001910000 	/System/Library/PrivateFrameworks/CommerceKit.framework/Versions/A/Frameworks/CommerceCore.framework/Versions/A/CommerceCore
0x0000000001910000 	/System/Library/PrivateFrameworks/SystemAdministration.framework/Versions/A/SystemAdministration
0x0000000001910000 	/System/Library/PrivateFrameworks/AppContainer.framework/Versions/A/AppContainer
0x0000000001910000 	/System/Library/PrivateFrameworks/SecCodeWrapper.framework/Versions/A/SecCodeWrapper
0x0000000001910000 	/System/Library/Frameworks/DirectoryService.framework/Versions/A/DirectoryService
0x0000000001910000 	/System/Library/PrivateFrameworks/LoginUIKit.framework/Versions/A/Frameworks/LoginUICore.framework/Versions/A/LoginUICore
0x0000000001910000 	/usr/lib/libodfde.dylib
0x000000011bcd7000 	/System/Library/Frameworks/OpenGL.framework/Resources/GLEngine.bundle/GLEngine
0x0000000001910000 	/System/Library/Frameworks/OpenGL.framework/Versions/A/Libraries/libGLProgrammability.dylib
0x0000000000000000 	/System/Library/Extensions/GeForceTeslaGLDriver.bundle/Contents/MacOS/GeForceTeslaGLDriver
0x000000011bec2000 	/System/Library/Extensions/GeForceTeslaGLDriver.bundle/Contents/MacOS/libclh.dylib
0x0000000119f5d000 	/System/Library/PrivateFrameworks/GPUSupport.framework/Versions/A/Libraries/libGPUSupport.dylib
0x000000011c709000 	/System/Library/Frameworks/OpenGL.framework/Resources//GLRendererFloat.bundle/GLRendererFloat
0x000000011cdb7000 	/Library/Java/JavaVirtualMachines/jdk1.8.0_72.jdk/Contents/Home/jre/lib/libfontmanager.dylib
0x000000011ce1e000 	/Library/Java/JavaVirtualMachines/jdk1.8.0_72.jdk/Contents/Home/jre/lib/libosxui.dylib
0x000000011c821000 	/private/var/folders/fz/n4xv205n29s453jyxm07l31c0000gn/T/jna-67228189/jna1183927264831040506.tmp
0x000000011dd52000 	/Applications/VLC.app/Contents/MacOS/lib/libvlc.dylib
0x000000011dd71000 	/Applications/VLC.app/Contents/MacOS/lib/libvlccore.8.dylib
0x000000011e0b8000 	/Applications/VLC.app/Contents/MacOS/plugins/libavcapture_plugin.dylib
0x0000000001910000 	/System/Library/Frameworks/AVFoundation.framework/Versions/A/AVFoundation
0x0000000001910000 	/System/Library/Frameworks/CoreMedia.framework/Versions/A/CoreMedia
0x0000000001910000 	/System/Library/Frameworks/AVFoundation.framework/Versions/A/Resources/libAVFAudio.dylib
0x0000000001910000 	/System/Library/Frameworks/MediaToolbox.framework/Versions/A/MediaToolbox
0x0000000001910000 	/System/Library/Frameworks/VideoToolbox.framework/Versions/A/VideoToolbox
0x0000000001910000 	/System/Library/Frameworks/CoreMediaIO.framework/Versions/A/CoreMediaIO
0x0000000001910000 	/System/Library/PrivateFrameworks/MediaControlSender.framework/Versions/A/MediaControlSender
0x0000000001910000 	/System/Library/PrivateFrameworks/CoreAVCHD.framework/Versions/A/CoreAVCHD
0x0000000001910000 	/System/Library/Frameworks/MediaAccessibility.framework/Versions/A/MediaAccessibility
0x0000000001910000 	/System/Library/PrivateFrameworks/Mangrove.framework/Versions/A/Mangrove
0x0000000001910000 	/System/Library/PrivateFrameworks/CoreAUC.framework/Versions/A/CoreAUC
0x0000000001910000 	/System/Library/PrivateFrameworks/NetworkStatistics.framework/Versions/A/NetworkStatistics
0x0000000001910000 	/System/Library/PrivateFrameworks/AirPlaySupport.framework/Versions/A/AirPlaySupport
0x0000000001910000 	/System/Library/PrivateFrameworks/CoreUtils.framework/Versions/A/CoreUtils
0x0000000001910000 	/System/Library/PrivateFrameworks/AppleVA.framework/Versions/A/AppleVA
0x0000000001910000 	/System/Library/PrivateFrameworks/XPCService.framework/Versions/A/XPCService
0x0000000001910000 	/System/Library/PrivateFrameworks/AppSandbox.framework/Versions/A/AppSandbox
0x0000000001910000 	/usr/lib/libsandbox.1.dylib
0x0000000001910000 	/usr/lib/libMatch.1.dylib
0x000000011e0c2000 	/Applications/VLC.app/Contents/MacOS/plugins/libqtcapture_plugin.dylib
0x0000000001910000 	/System/Library/Frameworks/QTKit.framework/Versions/A/QTKit
0x0000000001910000 	/System/Library/PrivateFrameworks/CoreMediaAuthoring.framework/Versions/A/CoreMediaAuthoring
0x000000011e0cd000 	/Applications/VLC.app/Contents/MacOS/plugins/libqtsound_plugin.dylib
0x000000011e0d7000 	/Applications/VLC.app/Contents/MacOS/plugins/libauhal_plugin.dylib
0x000000011e0e6000 	/System/Library/Extensions/AppleHDA.kext/Contents/PlugIns/AppleHDAHALPlugIn.bundle/Contents/MacOS/AppleHDAHALPlugIn
0x000000011f951000 	/Library/Java/JavaVirtualMachines/jdk1.8.0_72.jdk/Contents/Home/jre/lib/libnet.dylib
0x000000011f9b0000 	/Library/Java/JavaVirtualMachines/jdk1.8.0_72.jdk/Contents/Home/jre/lib/libnio.dylib
0x0000000001910000 	/System/Library/Frameworks/ApplicationServices.framework/Versions/A/Frameworks/ATS.framework/Versions/A/Resources/libTrueTypeScaler.dylib
0x0000000001910000 	/System/Library/Frameworks/Accelerate.framework/Versions/A/Frameworks/vImage.framework/Versions/A/Libraries/libCGInterfaces.dylib
0x000000017e504000 	/Applications/VLC.app/Contents/MacOS/plugins/liblua_plugin.dylib
0x000000011f1a0000 	/Applications/VLC.app/Contents/MacOS/plugins/libfolder_plugin.dylib
0x0000000181074000 	/Applications/VLC.app/Contents/MacOS/plugins/liblibbluray_plugin.dylib
0x000000011f1a6000 	/Applications/VLC.app/Contents/MacOS/plugins/libvdr_plugin.dylib
0x000000011f1af000 	/Applications/VLC.app/Contents/MacOS/plugins/libaccess_bd_plugin.dylib
0x000000011f1bd000 	/Applications/VLC.app/Contents/MacOS/plugins/libfilesystem_plugin.dylib
0x000000017f444000 	/Applications/VLC.app/Contents/MacOS/plugins/libdvdnav_plugin.dylib
0x000000011f1c6000 	/Applications/VLC.app/Contents/MacOS/plugins/libsmooth_plugin.dylib
0x000000011f1d1000 	/Applications/VLC.app/Contents/MacOS/plugins/libdecomp_plugin.dylib
0x0000000180e6e000 	/Applications/VLC.app/Contents/MacOS/plugins/libhttplive_plugin.dylib
0x000000017e55a000 	/Applications/VLC.app/Contents/MacOS/plugins/libdash_plugin.dylib
0x000000011f1d8000 	/Applications/VLC.app/Contents/MacOS/plugins/librar_plugin.dylib
0x000000017ebd0000 	/Applications/VLC.app/Contents/MacOS/plugins/libzip_plugin.dylib
0x000000011f1df000 	/Applications/VLC.app/Contents/MacOS/plugins/librecord_plugin.dylib
0x000000017e589000 	/Applications/VLC.app/Contents/MacOS/plugins/libes_plugin.dylib
0x0000000182c0f000 	/Applications/VLC.app/Contents/MacOS/plugins/libvorbis_plugin.dylib
0x0000000182cec000 	/Applications/VLC.app/Contents/MacOS/plugins/libmp4_plugin.dylib
0x000000011f1e5000 	/Applications/VLC.app/Contents/MacOS/plugins/librawvideo_plugin.dylib
0x000000017ebe8000 	/Applications/VLC.app/Contents/MacOS/plugins/libavi_plugin.dylib
0x0000000182d1d000 	/Applications/VLC.app/Contents/MacOS/plugins/libtheora_plugin.dylib
0x000000017ebf9000 	/Applications/VLC.app/Contents/MacOS/plugins/libasf_plugin.dylib
0x0000000182d62000 	/Applications/VLC.app/Contents/MacOS/plugins/libspeex_plugin.dylib
0x000000017e592000 	/Applications/VLC.app/Contents/MacOS/plugins/libflacsys_plugin.dylib
0x000000017f4a3000 	/Applications/VLC.app/Contents/MacOS/plugins/libaes3_plugin.dylib
0x000000017f4a9000 	/Applications/VLC.app/Contents/MacOS/plugins/liblpcm_plugin.dylib
0x0000000182d98000 	/Applications/VLC.app/Contents/MacOS/plugins/libpacketizer_mpeg4audio_plugin.dylib
0x0000000182da2000 	/Applications/VLC.app/Contents/MacOS/plugins/libpacketizer_mlp_plugin.dylib
0x0000000182da9000 	/Applications/VLC.app/Contents/MacOS/plugins/libpacketizer_h264_plugin.dylib
0x0000000182db4000 	/Applications/VLC.app/Contents/MacOS/plugins/libpacketizer_flac_plugin.dylib
0x0000000182dbc000 	/Applications/VLC.app/Contents/MacOS/plugins/libpacketizer_dirac_plugin.dylib
0x0000000182dc5000 	/Applications/VLC.app/Contents/MacOS/plugins/libpacketizer_hevc_plugin.dylib
0x0000000182dcc000 	/Applications/VLC.app/Contents/MacOS/plugins/libsvcdsub_plugin.dylib
0x0000000182dd3000 	/Applications/VLC.app/Contents/MacOS/plugins/libspudec_plugin.dylib
0x0000000182dda000 	/Applications/VLC.app/Contents/MacOS/plugins/libpacketizer_vc1_plugin.dylib
0x0000000182de2000 	/Applications/VLC.app/Contents/MacOS/plugins/libpacketizer_mpegvideo_plugin.dylib
0x0000000182dea000 	/Applications/VLC.app/Contents/MacOS/plugins/libpacketizer_mpeg4video_plugin.dylib
0x0000000182df2000 	/Applications/VLC.app/Contents/MacOS/plugins/libcvdsub_plugin.dylib
0x0000000182df9000 	/Applications/VLC.app/Contents/MacOS/plugins/libavcodec_plugin.dylib
0x000000018444c000 	/System/Library/Frameworks/VideoDecodeAcceleration.framework/Versions/A/VideoDecodeAcceleration
0x0000000184452000 	/Applications/VLC.app/Contents/MacOS/plugins/libdts_plugin.dylib
0x0000000184459000 	/Applications/VLC.app/Contents/MacOS/plugins/liba52_plugin.dylib
0x0000000184460000 	/Applications/VLC.app/Contents/MacOS/plugins/libmpeg_audio_plugin.dylib
0x0000000184667000 	/Applications/VLC.app/Contents/MacOS/plugins/libtaglib_plugin.dylib
0x0000000184970000 	/Applications/VLC.app/Contents/MacOS/plugins/libcdg_plugin.dylib
0x0000000180f6e000 	/Applications/VLC.app/Contents/MacOS/plugins/libpng_plugin.dylib
0x0000000180fe2000 	/Applications/VLC.app/Contents/MacOS/plugins/libjpeg_plugin.dylib
0x0000000184977000 	/Applications/VLC.app/Contents/MacOS/plugins/libschroedinger_plugin.dylib
0x0000000181054000 	/Applications/VLC.app/Contents/MacOS/plugins/libsubstx3g_plugin.dylib
0x0000000184b89000 	/Applications/VLC.app/Contents/MacOS/plugins/libopus_plugin.dylib
0x0000000184d6c000 	/System/Library/Components/CoreAudio.component/Contents/MacOS/CoreAudio
0x000000018105b000 	/Applications/VLC.app/Contents/MacOS/plugins/libfloat_mixer_plugin.dylib
0x0000000181060000 	/Applications/VLC.app/Contents/MacOS/plugins/libscaletempo_plugin.dylib
0x000000018537a000 	/Applications/VLC.app/Contents/MacOS/plugins/liba52tofloat32_plugin.dylib
0x000000018538a000 	/Applications/VLC.app/Contents/MacOS/plugins/libmpgatofixed32_plugin.dylib
0x00000001853ba000 	/Applications/VLC.app/Contents/MacOS/plugins/libdtstofloat32_plugin.dylib
0x00000001853e4000 	/Applications/VLC.app/Contents/MacOS/plugins/libdtstospdif_plugin.dylib
0x00000001853ea000 	/Applications/VLC.app/Contents/MacOS/plugins/libsimple_channel_mixer_plugin.dylib
0x00000001853f1000 	/Applications/VLC.app/Contents/MacOS/plugins/liba52tospdif_plugin.dylib
0x00000001853f7000 	/Applications/VLC.app/Contents/MacOS/plugins/libdolby_surround_decoder_plugin.dylib
0x00000001853fd000 	/Applications/VLC.app/Contents/MacOS/plugins/libugly_resampler_plugin.dylib
0x0000000185403000 	/Applications/VLC.app/Contents/MacOS/plugins/libaudio_format_plugin.dylib
0x000000018540a000 	/Applications/VLC.app/Contents/MacOS/plugins/libtrivial_channel_mixer_plugin.dylib

VM Arguments:
jvm_args: -Dfile.encoding=UTF-8 
java_command: mediaplayer.MediaPlayer
java_class_path (initial): /Applications/NetBeans/NetBeans 8.1.app/Contents/Resources/NetBeans/ide/modules/org-apache-commons-logging.jar:/Applications/NetBeans/NetBeans 8.1.app/Contents/Resources/NetBeans/java/modules/ext/cglib-2.2.jar:/Applications/NetBeans/NetBeans 8.1.app/Contents/Resources/NetBeans/java/modules/ext/spring-4/spring-aop-4.0.1.RELEASE.jar:/Applications/NetBeans/NetBeans 8.1.app/Contents/Resources/NetBeans/java/modules/ext/spring-4/spring-aspects-4.0.1.RELEASE.jar:/Applications/NetBeans/NetBeans 8.1.app/Contents/Resources/NetBeans/java/modules/ext/spring-4/spring-beans-4.0.1.RELEASE.jar:/Applications/NetBeans/NetBeans 8.1.app/Contents/Resources/NetBeans/java/modules/ext/spring-4/spring-build-src-4.0.1.RELEASE.jar:/Applications/NetBeans/NetBeans 8.1.app/Contents/Resources/NetBeans/java/modules/ext/spring-4/spring-context-4.0.1.RELEASE.jar:/Applications/NetBeans/NetBeans 8.1.app/Contents/Resources/NetBeans/java/modules/ext/spring-4/spring-context-support-4.0.1.RELEASE.jar:/Applications/NetBeans/NetBeans 8.1.app/Contents/Resources/NetBeans/java/modules/ext/spring-4/spring-core-4.0.1.RELEASE.jar:/Applications/NetBeans/NetBeans 8.1.app/Contents/Resources/NetBeans/java/modules/ext/spring-4/spring-expression-4.0.1.RELEASE.jar:/Applications/NetBeans/NetBeans 8.1.app/Contents/Resources/NetBeans/java/modules/ext/spring-4/spring-framework-bom-4.0.1.RELEASE.jar:/Applications/NetBeans/NetBeans 8.1.app/Contents/Resources/NetBeans/java/modules/ext/spring-4/spring-instrument-4.0.1.RELEASE.jar:/Applications/NetBeans/NetBeans 8.1.app/Contents/Resources/NetBeans/java/modules/ext/spring-4/spring-instrument-tomcat-4.0.1.RELEASE.jar:/Applications/NetBeans/NetBeans 8.1.app/Contents/Resources/NetBeans/java/modules/ext/spring-4/spring-jdbc-4.0.1.RELEASE.jar:/Applications/NetBeans/NetBeans 8.1.app/Contents/Resources/NetBeans/java/modules/ext/spring-4/spring-jms-4.0.1.RELEASE.jar:/Applications/NetBeans/NetBeans 8.1.app/Contents/Resources/NetBeans/java/modules/ext/spring-4/
Launcher Type: SUN_STANDARD

Environment Variables:
PATH=/usr/bin:/bin:/usr/sbin:/sbin
LD_LIBRARY_PATH=/Library/Java/JavaVirtualMachines/jdk1.8.0_72.jdk/Contents/Home/jre/lib/amd64:/Library/Java/JavaVirtualMachines/jdk1.8.0_72.jdk/Contents/Home/jre/lib/i386:
SHELL=/bin/bash
DISPLAY=/private/tmp/com.apple.launchd.yYtkahHiwM/org.macosforge.xquartz:0
DYLD_LIBRARY_PATH=/Applications/NetBeans/NetBeans 8.1.app/Contents/Resources/NetBeans/webcommon/bin:

Signal Handlers:
SIGSEGV: [libjvm.dylib+0x5a6855], sa_mask[0]=11111111011111110111111111111111, sa_flags=SA_ONSTACK|SA_RESTART|SA_SIGINFO
SIGBUS: [libjvm.dylib+0x5a6855], sa_mask[0]=11111111011111110111111111111111, sa_flags=SA_RESTART|SA_SIGINFO
SIGFPE: [libjvm.dylib+0x4804ec], sa_mask[0]=11111111011111110111111111111111, sa_flags=SA_RESTART|SA_SIGINFO
SIGPIPE: [libjvm.dylib+0x4804ec], sa_mask[0]=11111111011111110111111111111111, sa_flags=SA_RESTART|SA_SIGINFO
SIGXFSZ: [libjvm.dylib+0x4804ec], sa_mask[0]=11111111011111110111111111111111, sa_flags=SA_RESTART|SA_SIGINFO
SIGILL: [libjvm.dylib+0x4804ec], sa_mask[0]=11111111011111110111111111111111, sa_flags=SA_RESTART|SA_SIGINFO
SIGUSR1: SIG_DFL, sa_mask[0]=00000000000000000000000000000000, sa_flags=none
SIGUSR2: [libjvm.dylib+0x48000a], sa_mask[0]=00100000000000000000000000000000, sa_flags=SA_RESTART|SA_SIGINFO
SIGHUP: [AudioToolbox+0xf933a], sa_mask[0]=00000000000000000000000000000000, sa_flags=SA_RESTART
SIGINT: SIG_IGN, sa_mask[0]=00000000000000000000000000000000, sa_flags=none
SIGTERM: [libjvm.dylib+0x47e5e1], sa_mask[0]=11111111011111110111111111111111, sa_flags=SA_RESTART|SA_SIGINFO
SIGQUIT: [libjvm.dylib+0x47e5e1], sa_mask[0]=11111111011111110111111111111111, sa_flags=SA_RESTART|SA_SIGINFO


---------------  S Y S T E M  ---------------

OS:Bsduname:Darwin 14.5.0 Darwin Kernel Version 14.5.0: Mon Jan 11 18:48:35 PST 2016; root:xnu-2782.50.2~1/RELEASE_X86_64 x86_64
rlimit: STACK 8192k, CORE 0k, NPROC 709, NOFILE 10240, AS infinity
load average:1.90 1.88 1.90

CPU:total 2 (2 cores per cpu, 1 threads per core) family 6 model 23 stepping 10, cmov, cx8, fxsr, mmx, sse, sse2, sse3, ssse3, sse4.1, tsc

Memory: 4k page, physical 4194304k(120264k free)

/proc/meminfo:


vm_info: Java HotSpot(TM) 64-Bit Server VM (25.72-b15) for bsd-amd64 JRE (1.8.0_72-b15), built on Dec 22 2015 15:43:34 by "java_re" with gcc 4.2.1 (Based on Apple Inc. build 5658) (LLVM build 2336.11.00)

time: Sun Apr 24 17:19:24 2016
elapsed time: 11 seconds (0d 0h 0m 11s)

