#
# A fatal error has been detected by the Java Runtime Environment:
#
#  SIGSEGV (0xb) at pc=0x000000011baf1010, pid=6820, tid=66323
#
# JRE version: Java(TM) SE Runtime Environment (8.0_72-b15) (build 1.8.0_72-b15)
# Java VM: Java HotSpot(TM) 64-Bit Server VM (25.72-b15 mixed mode bsd-amd64 compressed oops)
# Problematic frame:
# C  0x000000011baf1010
#
# Failed to write core dump. Core dumps have been disabled. To enable core dumping, try "ulimit -c unlimited" before starting Java again
#
# If you would like to submit a bug report, please visit:
#   http://bugreport.java.com/bugreport/crash.jsp
#

---------------  T H R E A D  ---------------

Current thread is native thread

siginfo: si_signo: 11 (SIGSEGV), si_code: 1 (SEGV_MAPERR), si_addr: 0x0000000000000000

Registers:
RAX=0x0000000000000000, RBX=0x00007f83d6ae6410, RCX=0x0000000000000000, RDX=0x00007f83d6ae62d0
RSP=0x0000000186fa47b8, RBP=0x000000011baf1010, RSI=0x0000000000000000, RDI=0x0000000186fa4838
R8 =0x0000000186fa4790, R9 =0x00000000fffe0000, R10=0x0000000000000004, R11=0x0000000000000246
R12=0x00007f83d6bcd8f0, R13=0x0000000000000010, R14=0x00007f83d6ae6290, R15=0x0000000186fa4838
RIP=0x000000011baf1010, EFLAGS=0x0000000000010246, ERR=0x0000000000000006
  TRAPNO=0x000000000000000e

Top of Stack: (sp=0x0000000186fa47b8)
0x0000000186fa47b8:   0000000124f3e755 00007f83d6bcd8f0
0x0000000186fa47c8:   00007f83d6ae62f0 0000000186fa4838
0x0000000186fa47d8:   0000000100000000 00007f83d6ae62b0
0x0000000186fa47e8:   00007f83d6ae7c68 00007f83d6ae7c68
0x0000000186fa47f8:   0000000000000010 00007f83d6abfa48
0x0000000186fa4808:   0000000186fa4838 0000000000000001
0x0000000186fa4818:   0000000124f44c6a ffffffffffffffff
0x0000000186fa4828:   0000206000000040 00007f83d6ae7bd8
0x0000000186fa4838:   00007f830000010c 00007f83d6abfa48
0x0000000186fa4848:   000000003e9b3000 00007f83d6aec680
0x0000000186fa4858:   00007f83d6ae7bc0 0000000000000002
0x0000000186fa4868:   00007f833e9b3000 0000000186fa48a0
0x0000000186fa4878:   000020608ebdd68f 0004920000049200
0x0000000186fa4888:   00007f83d69edad0 00007f83d6aec688
0x0000000186fa4898:   0000000186d71299 0000000000000001
0x0000000186fa48a8:   0000000186ced2f4 0004910000049100
0x0000000186fa48b8:   00007f83d6ae7bb0 00007f83d6ae7bc0
0x0000000186fa48c8:   0000000186d71299 00007f83d6ae7c68
0x0000000186fa48d8:   0000000000000010 0000000000000004
0x0000000186fa48e8:   0000000186d71299 0000000186d3c2a0
0x0000000186fa48f8:   00007f83d6ae7bc0 0000000000000000
0x0000000186fa4908:   0000000001130efa 0000798cd8ec76d1
0x0000000186fa4918:   00007f83d6aec550 0000000186fa4a70
0x0000000186fa4928:   000000000010b6e6 00007f83d6ae7c68
0x0000000186fa4938:   0000000186d13fd5 0000000000001000
0x0000000186fa4948:   0000000000000000 0000000000000000
0x0000000186fa4958:   0000000000000000 0000000186fa49d0
0x0000000186fa4968:   00007f83d6ae7c68 0000000186fa49b0
0x0000000186fa4978:   00007fff830f09ea 00007f83d4a79e08
0x0000000186fa4988:   00012068d6bbf050 00000000038d48ed
0x0000000186fa4998:   000000000123c5e0 3fd4932b9749147b
0x0000000186fa49a8:   00007f83d6ae7c68 00007fff00000000 

Instructions: (pc=0x000000011baf1010)
0x000000011baf0ff0:   00 00 00 00 00 00 00 00 00 00 00 00 00 00 00 00
0x000000011baf1000:   00 00 00 00 00 00 00 00 39 00 00 00 00 00 00 00
0x000000011baf1010:   30 08 c3 24 01 00 00 00 30 08 c3 24 01 00 00 00
0x000000011baf1020:   01 00 00 00 f8 49 ff e3 08 49 79 d6 83 7f 00 00 

Register to memory mapping:

RAX=0x0000000000000000 is an unknown value
RBX=0x00007f83d6ae6410 is an unknown value
RCX=0x0000000000000000 is an unknown value
RDX=0x00007f83d6ae62d0 is an unknown value
RSP=0x0000000186fa47b8 is an unknown value
RBP=0x000000011baf1010 is an unknown value
RSI=0x0000000000000000 is an unknown value
RDI=0x0000000186fa4838 is an unknown value
R8 =0x0000000186fa4790 is an unknown value
R9 =0x00000000fffe0000 is an unknown value
R10=0x0000000000000004 is an unknown value
R11=0x0000000000000246 is an unknown value
R12=0x00007f83d6bcd8f0 is an unknown value
R13=0x0000000000000010 is an unknown value
R14=0x00007f83d6ae6290 is an unknown value
R15=0x0000000186fa4838 is an unknown value


Stack: [0x0000000186ea5000,0x0000000186fa5000],  sp=0x0000000186fa47b8,  free space=1021k
Native frames: (J=compiled Java code, j=interpreted, Vv=VM code, C=native code)
C  0x000000011baf1010


---------------  P R O C E S S  ---------------

VM state:not at safepoint (normal execution)

VM Mutex/Monitor currently owned by a thread: None

Heap:
 PSYoungGen      total 18944K, used 3095K [0x00000007aab00000, 0x00000007ac400000, 0x00000007c0000000)
  eden space 16384K, 3% used [0x00000007aab00000,0x00000007aab86f68,0x00000007abb00000)
  from space 2560K, 99% used [0x00000007abb00000,0x00000007abd7ef20,0x00000007abd80000)
  to   space 4608K, 0% used [0x00000007abf80000,0x00000007abf80000,0x00000007ac400000)
 ParOldGen       total 44032K, used 2544K [0x0000000780000000, 0x0000000782b00000, 0x00000007aab00000)
  object space 44032K, 5% used [0x0000000780000000,0x000000078027c028,0x0000000782b00000)
 Metaspace       used 14262K, capacity 14570K, committed 14720K, reserved 1062912K
  class space    used 1773K, capacity 1860K, committed 1920K, reserved 1048576K

Card table byte_map: [0x0000000117ac3000,0x0000000117cc4000] byte_map_base: 0x0000000113ec3000

Marking Bits: (ParMarkBitMap*) 0x0000000107a3cea0
 Begin Bits: [0x0000000118020000, 0x0000000119020000)
 End Bits:   [0x0000000119020000, 0x000000011a020000)

Polling page: 0x0000000108142000

CodeCache: size=245760Kb used=4907Kb max_used=4914Kb free=240852Kb
 bounds [0x0000000108703000, 0x0000000108be3000, 0x0000000117703000]
 total_blobs=1981 nmethods=1452 adapters=444
 compilation: enabled

Compilation events (10 events):
Event: 29.078 Thread 0x00007f83d407d000 1471   !   4       java.lang.ref.ReferenceQueue::remove (125 bytes)
Event: 29.088 Thread 0x00007f83d407d000 nmethod 1471 0x0000000108bcda10 code [0x0000000108bcdba0, 0x0000000108bce2f0]
Event: 29.088 Thread 0x00007f83d407d000 1472       4       java.lang.ref.Finalizer::access$100 (6 bytes)
Event: 29.093 Thread 0x00007f83d407d000 nmethod 1472 0x0000000108bd0350 code [0x0000000108bd04e0, 0x0000000108bd0ab8]
Event: 29.163 Thread 0x00007f83d4848800 1474       3       sun.lwawt.LWCursorManager$1::run (8 bytes)
Event: 29.163 Thread 0x00007f83d4848800 nmethod 1474 0x0000000108bcfcd0 code [0x0000000108bcfe60, 0x0000000108bd01e8]
Event: 29.197 Thread 0x00007f83d4848800 1475       3       java.util.concurrent.locks.AbstractQueuedSynchronizer::transferForSignal (45 bytes)
Event: 29.198 Thread 0x00007f83d4848800 nmethod 1475 0x0000000108bcf4d0 code [0x0000000108bcf680, 0x0000000108bcfb38]
Event: 29.202 Thread 0x00007f83d4848800 1476       3       java.awt.Component::getCursor (5 bytes)
Event: 29.202 Thread 0x00007f83d4848800 nmethod 1476 0x0000000108bd3790 code [0x0000000108bd3940, 0x0000000108bd3e88]

GC Heap History (10 events):
Event: 1.726 GC heap before
{Heap before GC invocations=1 (full 0):
 PSYoungGen      total 18944K, used 16384K [0x00000007aab00000, 0x00000007ac000000, 0x00000007c0000000)
  eden space 16384K, 100% used [0x00000007aab00000,0x00000007abb00000,0x00000007abb00000)
  from space 2560K, 0% used [0x00000007abd80000,0x00000007abd80000,0x00000007ac000000)
  to   space 2560K, 0% used [0x00000007abb00000,0x00000007abb00000,0x00000007abd80000)
 ParOldGen       total 44032K, used 0K [0x0000000780000000, 0x0000000782b00000, 0x00000007aab00000)
  object space 44032K, 0% used [0x0000000780000000,0x0000000780000000,0x0000000782b00000)
 Metaspace       used 9945K, capacity 10198K, committed 10368K, reserved 1058816K
  class space    used 1251K, capacity 1328K, committed 1408K, reserved 1048576K
Event: 1.734 GC heap after
Heap after GC invocations=1 (full 0):
 PSYoungGen      total 18944K, used 2350K [0x00000007aab00000, 0x00000007ac000000, 0x00000007c0000000)
  eden space 16384K, 0% used [0x00000007aab00000,0x00000007aab00000,0x00000007abb00000)
  from space 2560K, 91% used [0x00000007abb00000,0x00000007abd4bab8,0x00000007abd80000)
  to   space 2560K, 0% used [0x00000007abd80000,0x00000007abd80000,0x00000007ac000000)
 ParOldGen       total 44032K, used 8K [0x0000000780000000, 0x0000000782b00000, 0x00000007aab00000)
  object space 44032K, 0% used [0x0000000780000000,0x0000000780002000,0x0000000782b00000)
 Metaspace       used 9945K, capacity 10198K, committed 10368K, reserved 1058816K
  class space    used 1251K, capacity 1328K, committed 1408K, reserved 1048576K
}
Event: 10.465 GC heap before
{Heap before GC invocations=2 (full 0):
 PSYoungGen      total 18944K, used 18734K [0x00000007aab00000, 0x00000007ac000000, 0x00000007c0000000)
  eden space 16384K, 100% used [0x00000007aab00000,0x00000007abb00000,0x00000007abb00000)
  from space 2560K, 91% used [0x00000007abb00000,0x00000007abd4bab8,0x00000007abd80000)
  to   space 2560K, 0% used [0x00000007abd80000,0x00000007abd80000,0x00000007ac000000)
 ParOldGen       total 44032K, used 8K [0x0000000780000000, 0x0000000782b00000, 0x00000007aab00000)
  object space 44032K, 0% used [0x0000000780000000,0x0000000780002000,0x0000000782b00000)
 Metaspace       used 13515K, capacity 13782K, committed 14208K, reserved 1060864K
  class space    used 1710K, capacity 1816K, committed 1920K, reserved 1048576K
Event: 10.481 GC heap after
Heap after GC invocations=2 (full 0):
 PSYoungGen      total 18944K, used 2537K [0x00000007aab00000, 0x00000007ac000000, 0x00000007c0000000)
  eden space 16384K, 0% used [0x00000007aab00000,0x00000007aab00000,0x00000007abb00000)
  from space 2560K, 99% used [0x00000007abd80000,0x00000007abffa6c8,0x00000007ac000000)
  to   space 2560K, 0% used [0x00000007abb00000,0x00000007abb00000,0x00000007abd80000)
 ParOldGen       total 44032K, used 1800K [0x0000000780000000, 0x0000000782b00000, 0x00000007aab00000)
  object space 44032K, 4% used [0x0000000780000000,0x00000007801c2028,0x0000000782b00000)
 Metaspace       used 13515K, capacity 13782K, committed 14208K, reserved 1060864K
  class space    used 1710K, capacity 1816K, committed 1920K, reserved 1048576K
}
Event: 13.907 GC heap before
{Heap before GC invocations=3 (full 0):
 PSYoungGen      total 18944K, used 18921K [0x00000007aab00000, 0x00000007ac000000, 0x00000007c0000000)
  eden space 16384K, 100% used [0x00000007aab00000,0x00000007abb00000,0x00000007abb00000)
  from space 2560K, 99% used [0x00000007abd80000,0x00000007abffa6c8,0x00000007ac000000)
  to   space 2560K, 0% used [0x00000007abb00000,0x00000007abb00000,0x00000007abd80000)
 ParOldGen       total 44032K, used 1800K [0x0000000780000000, 0x0000000782b00000, 0x00000007aab00000)
  object space 44032K, 4% used [0x0000000780000000,0x00000007801c2028,0x0000000782b00000)
 Metaspace       used 14054K, capacity 14370K, committed 14464K, reserved 1062912K
  class space    used 1773K, capacity 1860K, committed 1920K, reserved 1048576K
Event: 13.917 GC heap after
Heap after GC invocations=3 (full 0):
 PSYoungGen      total 18944K, used 2555K [0x00000007aab00000, 0x00000007ac000000, 0x00000007c0000000)
  eden space 16384K, 0% used [0x00000007aab00000,0x00000007aab00000,0x00000007abb00000)
  from space 2560K, 99% used [0x00000007abb00000,0x00000007abd7ef20,0x00000007abd80000)
  to   space 2560K, 0% used [0x00000007abd80000,0x00000007abd80000,0x00000007ac000000)
 ParOldGen       total 44032K, used 2280K [0x0000000780000000, 0x0000000782b00000, 0x00000007aab00000)
  object space 44032K, 5% used [0x0000000780000000,0x000000078023a028,0x0000000782b00000)
 Metaspace       used 14054K, capacity 14370K, committed 14464K, reserved 1062912K
  class space    used 1773K, capacity 1860K, committed 1920K, reserved 1048576K
}
Event: 24.402 GC heap before
{Heap before GC invocations=4 (full 0):
 PSYoungGen      total 18944K, used 18939K [0x00000007aab00000, 0x00000007ac000000, 0x00000007c0000000)
  eden space 16384K, 100% used [0x00000007aab00000,0x00000007abb00000,0x00000007abb00000)
  from space 2560K, 99% used [0x00000007abb00000,0x00000007abd7ef20,0x00000007abd80000)
  to   space 2560K, 0% used [0x00000007abd80000,0x00000007abd80000,0x00000007ac000000)
 ParOldGen       total 44032K, used 2280K [0x0000000780000000, 0x0000000782b00000, 0x00000007aab00000)
  object space 44032K, 5% used [0x0000000780000000,0x000000078023a028,0x0000000782b00000)
 Metaspace       used 14118K, capacity 14370K, committed 14464K, reserved 1062912K
  class space    used 1773K, capacity 1860K, committed 1920K, reserved 1048576K
Event: 24.413 GC heap after
Heap after GC invocations=4 (full 0):
 PSYoungGen      total 18944K, used 2543K [0x00000007aab00000, 0x00000007ac000000, 0x00000007c0000000)
  eden space 16384K, 0% used [0x00000007aab00000,0x00000007aab00000,0x00000007abb00000)
  from space 2560K, 99% used [0x00000007abd80000,0x00000007abffbf58,0x00000007ac000000)
  to   space 2560K, 0% used [0x00000007abb00000,0x00000007abb00000,0x00000007abd80000)
 ParOldGen       total 44032K, used 2432K [0x0000000780000000, 0x0000000782b00000, 0x00000007aab00000)
  object space 44032K, 5% used [0x0000000780000000,0x0000000780260028,0x0000000782b00000)
 Metaspace       used 14118K, capacity 14370K, committed 14464K, reserved 1062912K
  class space    used 1773K, capacity 1860K, committed 1920K, reserved 1048576K
}
Event: 29.047 GC heap before
{Heap before GC invocations=5 (full 0):
 PSYoungGen      total 18944K, used 18927K [0x00000007aab00000, 0x00000007ac000000, 0x00000007c0000000)
  eden space 16384K, 100% used [0x00000007aab00000,0x00000007abb00000,0x00000007abb00000)
  from space 2560K, 99% used [0x00000007abd80000,0x00000007abffbf58,0x00000007ac000000)
  to   space 2560K, 0% used [0x00000007abb00000,0x00000007abb00000,0x00000007abd80000)
 ParOldGen       total 44032K, used 2432K [0x0000000780000000, 0x0000000782b00000, 0x00000007aab00000)
  object space 44032K, 5% used [0x0000000780000000,0x0000000780260028,0x0000000782b00000)
 Metaspace       used 14261K, capacity 14570K, committed 14720K, reserved 1062912K
  class space    used 1773K, capacity 1860K, committed 1920K, reserved 1048576K
Event: 29.060 GC heap after
Heap after GC invocations=5 (full 0):
 PSYoungGen      total 18944K, used 2555K [0x00000007aab00000, 0x00000007ac400000, 0x00000007c0000000)
  eden space 16384K, 0% used [0x00000007aab00000,0x00000007aab00000,0x00000007abb00000)
  from space 2560K, 99% used [0x00000007abb00000,0x00000007abd7ef20,0x00000007abd80000)
  to   space 4608K, 0% used [0x00000007abf80000,0x00000007abf80000,0x00000007ac400000)
 ParOldGen       total 44032K, used 2544K [0x0000000780000000, 0x0000000782b00000, 0x00000007aab00000)
  object space 44032K, 5% used [0x0000000780000000,0x000000078027c028,0x0000000782b00000)
 Metaspace       used 14261K, capacity 14570K, committed 14720K, reserved 1062912K
  class space    used 1773K, capacity 1860K, committed 1920K, reserved 1048576K
}

Deoptimization events (9 events):
Event: 0.503 Thread 0x00007f83d480a000 Uncommon trap: reason=unstable_if action=reinterpret pc=0x0000000108827828 method=java.lang.String.hashCode()I @ 14
Event: 1.751 Thread 0x00007f83d480a000 Uncommon trap: reason=unstable_if action=reinterpret pc=0x00000001088cd2ac method=java.lang.String.replace(CC)Ljava/lang/String; @ 26
Event: 5.896 Thread 0x00007f83d4baf000 Uncommon trap: reason=unstable_if action=reinterpret pc=0x000000010892eda0 method=java.lang.CharacterData.of(I)Ljava/lang/CharacterData; @ 4
Event: 8.196 Thread 0x00007f83d4baf000 Uncommon trap: reason=unstable_if action=reinterpret pc=0x000000010898c56c method=java.util.HashMap.getNode(ILjava/lang/Object;)Ljava/util/HashMap$Node; @ 62
Event: 8.197 Thread 0x00007f83d4baf000 Uncommon trap: reason=unstable_if action=reinterpret pc=0x000000010896aa40 method=java.util.HashMap.getNode(ILjava/lang/Object;)Ljava/util/HashMap$Node; @ 62
Event: 8.345 Thread 0x00007f83d4baf000 Uncommon trap: reason=unstable_if action=reinterpret pc=0x00000001089c7894 method=java.lang.String.lastIndexOf([CII[CIII)I @ 118
Event: 12.282 Thread 0x00007f83d4e8f000 Uncommon trap: reason=null_check action=make_not_entrant pc=0x0000000108af2818 method=com.sun.jna.Native.getNativeSize(Ljava/lang/Class;Ljava/lang/Object;)I @ 64
Event: 12.544 Thread 0x00007f83d471c800 Uncommon trap: reason=null_check action=make_not_entrant pc=0x0000000108af5440 method=com.sun.jna.Native.getNativeSize(Ljava/lang/Class;)I @ 4
Event: 28.161 Thread 0x00007f83d4baf000 Uncommon trap: reason=unstable_if action=reinterpret pc=0x0000000108bb2f00 method=java.util.regex.Matcher.reset()Ljava/util/regex/Matcher; @ 47

Internal exceptions (10 events):
Event: 1.359 Thread 0x00007f83d480a000 Exception <a 'java/io/FileNotFoundException'> (0x00000007ab908900) thrown at [/Users/java_re/workspace/8-2-build-macosx-x86_64/jdk8u72/5732/hotspot/src/share/vm/prims/jni.cpp, line 709]
Event: 1.359 Thread 0x00007f83d480a000 Exception <a 'java/io/FileNotFoundException'> (0x00000007ab909448) thrown at [/Users/java_re/workspace/8-2-build-macosx-x86_64/jdk8u72/5732/hotspot/src/share/vm/prims/jni.cpp, line 709]
Event: 7.985 Thread 0x00007f83d4baf000 Exception <a 'java/lang/NoClassDefFoundError': org/slf4j/impl/StaticLoggerBinder> (0x00000007aae99870) thrown at [/Users/java_re/workspace/8-2-build-macosx-x86_64/jdk8u72/5732/hotspot/src/share/vm/classfile/systemDictionary.cpp, line 199]
Event: 8.344 Thread 0x00007f83d4baf000 Exception <a 'java/lang/UnsatisfiedLinkError': dlopen(libX11.dylib, 9): image not found> (0x00000007ab7eb9d0) thrown at [/Users/java_re/workspace/8-2-build-macosx-x86_64/jdk8u72/5732/hotspot/src/share/vm/prims/jni.cpp, line 735]
Event: 8.345 Thread 0x00007f83d4baf000 Exception <a 'java/lang/UnsatisfiedLinkError': dlopen(libX11.dylib, 9): image not found> (0x00000007ab7ecb18) thrown at [/Users/java_re/workspace/8-2-build-macosx-x86_64/jdk8u72/5732/hotspot/src/share/vm/prims/jni.cpp, line 735]
Event: 8.346 Thread 0x00007f83d4baf000 Exception <a 'java/lang/UnsatisfiedLinkError'> (0x00000007ab819490) thrown at [/Users/java_re/workspace/8-2-build-macosx-x86_64/jdk8u72/5732/hotspot/src/share/vm/oops/instanceKlass.cpp, line 948]
Event: 10.490 Thread 0x00007f83d4043000 Exception <a 'java/lang/NullPointerException'> (0x00000007aab1b090) thrown at [/Users/java_re/workspace/8-2-build-macosx-x86_64/jdk8u72/5732/hotspot/src/share/vm/interpreter/linkResolver.cpp, line 1178]
Event: 11.830 Thread 0x00007f83d48ca800 Exception <a 'java/lang/NullPointerException'> (0x00000007ab31a060) thrown at [/Users/java_re/workspace/8-2-build-macosx-x86_64/jdk8u72/5732/hotspot/src/share/vm/interpreter/linkResolver.cpp, line 1178]
Event: 17.758 Thread 0x00007f83d4baf000 Exception <a 'java/lang/reflect/InvocationTargetException'> (0x00000007aab599f8) thrown at [/Users/java_re/workspace/8-2-build-macosx-x86_64/jdk8u72/5732/hotspot/src/share/vm/runtime/reflection.cpp, line 1092]
Event: 26.763 Thread 0x00007f83d4baf000 Exception <a 'java/lang/reflect/InvocationTargetException'> (0x00000007aacbb928) thrown at [/Users/java_re/workspace/8-2-build-macosx-x86_64/jdk8u72/5732/hotspot/src/share/vm/runtime/reflection.cpp, line 1092]

Events (10 events):
Event: 29.003 Thread 0x00007f83d4ea1800 Thread exited: 0x00007f83d4ea1800
Event: 29.047 Thread 0x00007f83d4ea1800 Thread added: 0x00007f83d4ea1800
Event: 29.047 Executing VM operation: ParallelGCFailedAllocation
Event: 29.061 Executing VM operation: ParallelGCFailedAllocation done
Event: 29.062 Thread 0x00007f83d4ea1800 Thread exited: 0x00007f83d4ea1800
Event: 29.062 Thread 0x00007f83d4ea1800 Thread added: 0x00007f83d4ea1800
Event: 29.063 Thread 0x00007f83d4ea1800 Thread exited: 0x00007f83d4ea1800
Event: 29.065 Executing VM operation: RevokeBias
Event: 29.065 Executing VM operation: RevokeBias done
Event: 29.066 Thread 0x00007f83d4722000 Thread exited: 0x00007f83d4722000


Dynamic libraries:
0x0000000001910000 	/System/Library/Frameworks/Cocoa.framework/Versions/A/Cocoa
0x0000000001910000 	/System/Library/Frameworks/Security.framework/Versions/A/Security
0x0000000001910000 	/System/Library/Frameworks/ApplicationServices.framework/Versions/A/ApplicationServices
0x0000000001910000 	/usr/lib/libz.1.dylib
0x0000000001910000 	/usr/lib/libSystem.B.dylib
0x0000000001910000 	/usr/lib/libobjc.A.dylib
0x0000000001910000 	/System/Library/Frameworks/CoreFoundation.framework/Versions/A/CoreFoundation
0x0000000001910000 	/System/Library/Frameworks/Foundation.framework/Versions/C/Foundation
0x0000000001910000 	/System/Library/Frameworks/AppKit.framework/Versions/C/AppKit
0x0000000001910000 	/System/Library/Frameworks/CoreData.framework/Versions/A/CoreData
0x0000000001910000 	/System/Library/PrivateFrameworks/RemoteViewServices.framework/Versions/A/RemoteViewServices
0x0000000001910000 	/System/Library/PrivateFrameworks/UIFoundation.framework/Versions/A/UIFoundation
0x0000000001910000 	/System/Library/Frameworks/IOSurface.framework/Versions/A/IOSurface
0x0000000001910000 	/System/Library/Frameworks/AudioToolbox.framework/Versions/A/AudioToolbox
0x0000000001910000 	/System/Library/Frameworks/AudioUnit.framework/Versions/A/AudioUnit
0x0000000001910000 	/System/Library/PrivateFrameworks/DataDetectorsCore.framework/Versions/A/DataDetectorsCore
0x0000000001910000 	/System/Library/PrivateFrameworks/DesktopServicesPriv.framework/Versions/A/DesktopServicesPriv
0x0000000001910000 	/System/Library/Frameworks/Carbon.framework/Versions/A/Frameworks/HIToolbox.framework/Versions/A/HIToolbox
0x0000000001910000 	/System/Library/Frameworks/QuartzCore.framework/Versions/A/QuartzCore
0x0000000001910000 	/System/Library/Frameworks/Carbon.framework/Versions/A/Frameworks/SpeechRecognition.framework/Versions/A/SpeechRecognition
0x0000000001910000 	/usr/lib/libauto.dylib
0x0000000001910000 	/usr/lib/libicucore.A.dylib
0x0000000001910000 	/usr/lib/libxml2.2.dylib
0x0000000001910000 	/System/Library/PrivateFrameworks/CoreUI.framework/Versions/A/CoreUI
0x0000000001910000 	/System/Library/Frameworks/CoreAudio.framework/Versions/A/CoreAudio
0x0000000001910000 	/System/Library/Frameworks/DiskArbitration.framework/Versions/A/DiskArbitration
0x0000000001910000 	/usr/lib/liblangid.dylib
0x0000000001910000 	/System/Library/PrivateFrameworks/MultitouchSupport.framework/Versions/A/MultitouchSupport
0x0000000001910000 	/System/Library/Frameworks/IOKit.framework/Versions/A/IOKit
0x0000000001910000 	/usr/lib/libDiagnosticMessagesClient.dylib
0x0000000001910000 	/System/Library/Frameworks/CoreServices.framework/Versions/A/CoreServices
0x0000000001910000 	/System/Library/PrivateFrameworks/PerformanceAnalysis.framework/Versions/A/PerformanceAnalysis
0x0000000001910000 	/System/Library/PrivateFrameworks/GenerationalStorage.framework/Versions/A/GenerationalStorage
0x0000000001910000 	/System/Library/Frameworks/OpenGL.framework/Versions/A/OpenGL
0x0000000001910000 	/System/Library/PrivateFrameworks/Sharing.framework/Versions/A/Sharing
0x0000000001910000 	/System/Library/Frameworks/CoreGraphics.framework/Versions/A/CoreGraphics
0x0000000001910000 	/System/Library/Frameworks/CoreText.framework/Versions/A/CoreText
0x0000000001910000 	/System/Library/Frameworks/ImageIO.framework/Versions/A/ImageIO
0x0000000001910000 	/usr/lib/libextension.dylib
0x0000000001910000 	/System/Library/PrivateFrameworks/Backup.framework/Versions/A/Backup
0x0000000001910000 	/usr/lib/libarchive.2.dylib
0x0000000001910000 	/System/Library/Frameworks/CFNetwork.framework/Versions/A/CFNetwork
0x0000000001910000 	/System/Library/Frameworks/SystemConfiguration.framework/Versions/A/SystemConfiguration
0x0000000001910000 	/usr/lib/libCRFSuite.dylib
0x0000000001910000 	/usr/lib/libc++.1.dylib
0x0000000001910000 	/usr/lib/libc++abi.dylib
0x0000000001910000 	/usr/lib/system/libcache.dylib
0x0000000001910000 	/usr/lib/system/libcommonCrypto.dylib
0x0000000001910000 	/usr/lib/system/libcompiler_rt.dylib
0x0000000001910000 	/usr/lib/system/libcopyfile.dylib
0x0000000001910000 	/usr/lib/system/libcorecrypto.dylib
0x0000000001910000 	/usr/lib/system/libdispatch.dylib
0x0000000001910000 	/usr/lib/system/libdyld.dylib
0x0000000001910000 	/usr/lib/system/libkeymgr.dylib
0x0000000001910000 	/usr/lib/system/liblaunch.dylib
0x0000000001910000 	/usr/lib/system/libmacho.dylib
0x0000000001910000 	/usr/lib/system/libquarantine.dylib
0x0000000001910000 	/usr/lib/system/libremovefile.dylib
0x0000000001910000 	/usr/lib/system/libsystem_asl.dylib
0x0000000001910000 	/usr/lib/system/libsystem_blocks.dylib
0x0000000001910000 	/usr/lib/system/libsystem_c.dylib
0x0000000001910000 	/usr/lib/system/libsystem_configuration.dylib
0x0000000001910000 	/usr/lib/system/libsystem_coreservices.dylib
0x0000000001910000 	/usr/lib/system/libsystem_coretls.dylib
0x0000000001910000 	/usr/lib/system/libsystem_dnssd.dylib
0x0000000001910000 	/usr/lib/system/libsystem_info.dylib
0x0000000001910000 	/usr/lib/system/libsystem_kernel.dylib
0x0000000001910000 	/usr/lib/system/libsystem_m.dylib
0x0000000001910000 	/usr/lib/system/libsystem_malloc.dylib
0x0000000001910000 	/usr/lib/system/libsystem_network.dylib
0x0000000001910000 	/usr/lib/system/libsystem_networkextension.dylib
0x0000000001910000 	/usr/lib/system/libsystem_notify.dylib
0x0000000001910000 	/usr/lib/system/libsystem_platform.dylib
0x0000000001910000 	/usr/lib/system/libsystem_pthread.dylib
0x0000000001910000 	/usr/lib/system/libsystem_sandbox.dylib
0x0000000001910000 	/usr/lib/system/libsystem_secinit.dylib
0x0000000001910000 	/usr/lib/system/libsystem_stats.dylib
0x0000000001910000 	/usr/lib/system/libsystem_trace.dylib
0x0000000001910000 	/usr/lib/system/libunc.dylib
0x0000000001910000 	/usr/lib/system/libunwind.dylib
0x0000000001910000 	/usr/lib/system/libxpc.dylib
0x0000000001910000 	/usr/lib/libbz2.1.0.dylib
0x0000000001910000 	/usr/lib/liblzma.5.dylib
0x0000000001910000 	/usr/lib/libbsm.0.dylib
0x0000000001910000 	/usr/lib/libsqlite3.dylib
0x0000000001910000 	/usr/lib/system/libkxld.dylib
0x0000000001910000 	/usr/lib/libxar.1.dylib
0x0000000001910000 	/usr/lib/libpam.2.dylib
0x0000000001910000 	/usr/lib/libOpenScriptingUtil.dylib
0x0000000001910000 	/System/Library/Frameworks/CoreServices.framework/Versions/A/Frameworks/FSEvents.framework/Versions/A/FSEvents
0x0000000001910000 	/System/Library/Frameworks/CoreServices.framework/Versions/A/Frameworks/CarbonCore.framework/Versions/A/CarbonCore
0x0000000001910000 	/System/Library/Frameworks/CoreServices.framework/Versions/A/Frameworks/Metadata.framework/Versions/A/Metadata
0x0000000001910000 	/System/Library/Frameworks/CoreServices.framework/Versions/A/Frameworks/OSServices.framework/Versions/A/OSServices
0x0000000001910000 	/System/Library/Frameworks/CoreServices.framework/Versions/A/Frameworks/SearchKit.framework/Versions/A/SearchKit
0x0000000001910000 	/System/Library/Frameworks/CoreServices.framework/Versions/A/Frameworks/AE.framework/Versions/A/AE
0x0000000001910000 	/System/Library/Frameworks/CoreServices.framework/Versions/A/Frameworks/LaunchServices.framework/Versions/A/LaunchServices
0x0000000001910000 	/System/Library/Frameworks/CoreServices.framework/Versions/A/Frameworks/DictionaryServices.framework/Versions/A/DictionaryServices
0x0000000001910000 	/System/Library/Frameworks/NetFS.framework/Versions/A/NetFS
0x0000000001910000 	/System/Library/PrivateFrameworks/NetAuth.framework/Versions/A/NetAuth
0x0000000001910000 	/System/Library/PrivateFrameworks/login.framework/Versions/A/Frameworks/loginsupport.framework/Versions/A/loginsupport
0x0000000001910000 	/System/Library/PrivateFrameworks/TCC.framework/Versions/A/TCC
0x0000000001910000 	/usr/lib/libmecabra.dylib
0x0000000001910000 	/System/Library/Frameworks/ApplicationServices.framework/Versions/A/Frameworks/ATS.framework/Versions/A/ATS
0x0000000001910000 	/System/Library/Frameworks/ApplicationServices.framework/Versions/A/Frameworks/ColorSync.framework/Versions/A/ColorSync
0x0000000001910000 	/System/Library/Frameworks/ApplicationServices.framework/Versions/A/Frameworks/HIServices.framework/Versions/A/HIServices
0x0000000001910000 	/System/Library/Frameworks/ApplicationServices.framework/Versions/A/Frameworks/LangAnalysis.framework/Versions/A/LangAnalysis
0x0000000001910000 	/System/Library/Frameworks/ApplicationServices.framework/Versions/A/Frameworks/PrintCore.framework/Versions/A/PrintCore
0x0000000001910000 	/System/Library/Frameworks/ApplicationServices.framework/Versions/A/Frameworks/QD.framework/Versions/A/QD
0x0000000001910000 	/System/Library/Frameworks/ApplicationServices.framework/Versions/A/Frameworks/SpeechSynthesis.framework/Versions/A/SpeechSynthesis
0x0000000001910000 	/System/Library/Frameworks/Accelerate.framework/Versions/A/Accelerate
0x0000000001910000 	/System/Library/Frameworks/Accelerate.framework/Versions/A/Frameworks/vImage.framework/Versions/A/vImage
0x0000000001910000 	/System/Library/Frameworks/Accelerate.framework/Versions/A/Frameworks/vecLib.framework/Versions/A/vecLib
0x0000000001910000 	/System/Library/Frameworks/Accelerate.framework/Versions/A/Frameworks/vecLib.framework/Versions/A/libvDSP.dylib
0x0000000001910000 	/System/Library/Frameworks/Accelerate.framework/Versions/A/Frameworks/vecLib.framework/Versions/A/libvMisc.dylib
0x0000000001910000 	/System/Library/Frameworks/Accelerate.framework/Versions/A/Frameworks/vecLib.framework/Versions/A/libLAPACK.dylib
0x0000000001910000 	/System/Library/Frameworks/Accelerate.framework/Versions/A/Frameworks/vecLib.framework/Versions/A/libBLAS.dylib
0x0000000001910000 	/System/Library/Frameworks/Accelerate.framework/Versions/A/Frameworks/vecLib.framework/Versions/A/libLinearAlgebra.dylib
0x0000000001910000 	/System/Library/Frameworks/ApplicationServices.framework/Versions/A/Frameworks/ATS.framework/Versions/A/Resources/libFontParser.dylib
0x0000000001910000 	/System/Library/Frameworks/ApplicationServices.framework/Versions/A/Frameworks/ATS.framework/Versions/A/Resources/libFontRegistry.dylib
0x0000000001910000 	/System/Library/PrivateFrameworks/AppleVPA.framework/Versions/A/AppleVPA
0x0000000001910000 	/System/Library/PrivateFrameworks/AppleJPEG.framework/Versions/A/AppleJPEG
0x0000000001910000 	/System/Library/Frameworks/ImageIO.framework/Versions/A/Resources/libJPEG.dylib
0x0000000001910000 	/System/Library/Frameworks/ImageIO.framework/Versions/A/Resources/libTIFF.dylib
0x0000000001910000 	/System/Library/Frameworks/ImageIO.framework/Versions/A/Resources/libPng.dylib
0x0000000001910000 	/System/Library/Frameworks/ImageIO.framework/Versions/A/Resources/libGIF.dylib
0x0000000001910000 	/System/Library/Frameworks/ImageIO.framework/Versions/A/Resources/libJP2.dylib
0x0000000001910000 	/System/Library/Frameworks/ImageIO.framework/Versions/A/Resources/libRadiance.dylib
0x0000000001910000 	/System/Library/Frameworks/CoreVideo.framework/Versions/A/CoreVideo
0x0000000001910000 	/System/Library/Frameworks/OpenGL.framework/Versions/A/Libraries/libGLU.dylib
0x0000000001910000 	/System/Library/Frameworks/OpenGL.framework/Versions/A/Libraries/libGFXShared.dylib
0x0000000001910000 	/System/Library/Frameworks/OpenGL.framework/Versions/A/Libraries/libGL.dylib
0x0000000001910000 	/System/Library/Frameworks/OpenGL.framework/Versions/A/Libraries/libGLImage.dylib
0x0000000001910000 	/System/Library/Frameworks/OpenGL.framework/Versions/A/Libraries/libCVMSPluginSupport.dylib
0x0000000001910000 	/System/Library/Frameworks/OpenGL.framework/Versions/A/Libraries/libCoreVMClient.dylib
0x0000000001910000 	/usr/lib/libcups.2.dylib
0x0000000001910000 	/System/Library/Frameworks/Kerberos.framework/Versions/A/Kerberos
0x0000000001910000 	/System/Library/Frameworks/GSS.framework/Versions/A/GSS
0x0000000001910000 	/usr/lib/libresolv.9.dylib
0x0000000001910000 	/usr/lib/libiconv.2.dylib
0x0000000001910000 	/System/Library/PrivateFrameworks/Heimdal.framework/Versions/A/Heimdal
0x0000000001910000 	/usr/lib/libheimdal-asn1.dylib
0x0000000001910000 	/System/Library/Frameworks/OpenDirectory.framework/Versions/A/OpenDirectory
0x0000000001910000 	/System/Library/PrivateFrameworks/CommonAuth.framework/Versions/A/CommonAuth
0x0000000001910000 	/System/Library/Frameworks/OpenDirectory.framework/Versions/A/Frameworks/CFOpenDirectory.framework/Versions/A/CFOpenDirectory
0x0000000001910000 	/System/Library/Frameworks/SecurityFoundation.framework/Versions/A/SecurityFoundation
0x0000000001910000 	/System/Library/PrivateFrameworks/LanguageModeling.framework/Versions/A/LanguageModeling
0x0000000001910000 	/usr/lib/libcmph.dylib
0x0000000001910000 	/System/Library/Frameworks/ServiceManagement.framework/Versions/A/ServiceManagement
0x0000000001910000 	/usr/lib/libxslt.1.dylib
0x0000000001910000 	/System/Library/Frameworks/Carbon.framework/Versions/A/Frameworks/Ink.framework/Versions/A/Ink
0x0000000001910000 	/System/Library/Frameworks/QuartzCore.framework/Versions/A/Frameworks/CoreImage.framework/Versions/A/CoreImage
0x0000000001910000 	/System/Library/PrivateFrameworks/CrashReporterSupport.framework/Versions/A/CrashReporterSupport
0x0000000001910000 	/System/Library/Frameworks/OpenCL.framework/Versions/A/OpenCL
0x0000000001910000 	/System/Library/PrivateFrameworks/FaceCore.framework/Versions/A/FaceCore
0x0000000001910000 	/System/Library/PrivateFrameworks/Ubiquity.framework/Versions/A/Ubiquity
0x0000000001910000 	/System/Library/PrivateFrameworks/IconServices.framework/Versions/A/IconServices
0x0000000001910000 	/System/Library/PrivateFrameworks/ChunkingLibrary.framework/Versions/A/ChunkingLibrary
0x0000000001910000 	/System/Library/PrivateFrameworks/Apple80211.framework/Versions/A/Apple80211
0x0000000001910000 	/System/Library/Frameworks/CoreWLAN.framework/Versions/A/CoreWLAN
0x0000000001910000 	/System/Library/Frameworks/IOBluetooth.framework/Versions/A/IOBluetooth
0x0000000001910000 	/System/Library/PrivateFrameworks/CoreWiFi.framework/Versions/A/CoreWiFi
0x0000000001910000 	/System/Library/Frameworks/CoreBluetooth.framework/Versions/A/CoreBluetooth
0x0000000001910000 	/System/Library/PrivateFrameworks/DebugSymbols.framework/Versions/A/DebugSymbols
0x0000000001910000 	/System/Library/PrivateFrameworks/CoreSymbolication.framework/Versions/A/CoreSymbolication
0x0000000001910000 	/System/Library/PrivateFrameworks/Symbolication.framework/Versions/A/Symbolication
0x0000000001910000 	/System/Library/PrivateFrameworks/SpeechRecognitionCore.framework/Versions/A/SpeechRecognitionCore
0x0000000107159000 	/Library/Java/JavaVirtualMachines/jdk1.8.0_72.jdk/Contents/Home/jre/lib/server/libjvm.dylib
0x0000000001910000 	/usr/lib/libstdc++.6.dylib
0x00000001080ff000 	/Library/Java/JavaVirtualMachines/jdk1.8.0_72.jdk/Contents/Home/jre/lib/libverify.dylib
0x000000010810d000 	/Library/Java/JavaVirtualMachines/jdk1.8.0_72.jdk/Contents/Home/jre/lib/libjava.dylib
0x000000010814c000 	/Library/Java/JavaVirtualMachines/jdk1.8.0_72.jdk/Contents/Home/jre/lib/libzip.dylib
0x000000011b934000 	/System/Library/Frameworks/JavaVM.framework/Frameworks/JavaRuntimeSupport.framework/JavaRuntimeSupport
0x000000011b94f000 	/System/Library/Frameworks/JavaVM.framework/Versions/A/Frameworks/JavaNativeFoundation.framework/Versions/A/JavaNativeFoundation
0x00000001081ed000 	/System/Library/Frameworks/JavaVM.framework/Versions/A/JavaVM
0x0000000001910000 	/System/Library/Frameworks/Carbon.framework/Versions/A/Carbon
0x000000011b964000 	/System/Library/PrivateFrameworks/JavaLaunching.framework/Versions/A/JavaLaunching
0x0000000001910000 	/System/Library/Frameworks/Carbon.framework/Versions/A/Frameworks/CommonPanels.framework/Versions/A/CommonPanels
0x0000000001910000 	/System/Library/Frameworks/Carbon.framework/Versions/A/Frameworks/Help.framework/Versions/A/Help
0x0000000001910000 	/System/Library/Frameworks/Carbon.framework/Versions/A/Frameworks/ImageCapture.framework/Versions/A/ImageCapture
0x0000000001910000 	/System/Library/Frameworks/Carbon.framework/Versions/A/Frameworks/OpenScripting.framework/Versions/A/OpenScripting
0x0000000001910000 	/System/Library/Frameworks/Carbon.framework/Versions/A/Frameworks/Print.framework/Versions/A/Print
0x0000000001910000 	/System/Library/Frameworks/Carbon.framework/Versions/A/Frameworks/SecurityHI.framework/Versions/A/SecurityHI
0x000000011da97000 	/Library/Java/JavaVirtualMachines/jdk1.8.0_72.jdk/Contents/Home/jre/lib/libawt.dylib
0x000000011db3f000 	/Library/Java/JavaVirtualMachines/jdk1.8.0_72.jdk/Contents/Home/jre/lib/./libmlib_image.dylib
0x000000011dc0b000 	/Library/Java/JavaVirtualMachines/jdk1.8.0_72.jdk/Contents/Home/jre/lib/libawt_lwawt.dylib
0x000000011dcc0000 	/Library/Java/JavaVirtualMachines/jdk1.8.0_72.jdk/Contents/Home/jre/lib/./libosxapp.dylib
0x0000000001910000 	/System/Library/Frameworks/ExceptionHandling.framework/Versions/A/ExceptionHandling
0x0000000001910000 	/System/Library/PrivateFrameworks/CoreServicesInternal.framework/Versions/A/CoreServicesInternal
0x0000000001910000 	/System/Library/PrivateFrameworks/CloudDocs.framework/Versions/A/CloudDocs
0x0000000001910000 	/System/Library/PrivateFrameworks/CoreDuet.framework/Versions/A/CoreDuet
0x0000000001910000 	/System/Library/Frameworks/CloudKit.framework/Versions/A/CloudKit
0x0000000001910000 	/System/Library/PrivateFrameworks/ProtocolBuffer.framework/Versions/A/ProtocolBuffer
0x0000000001910000 	/System/Library/PrivateFrameworks/CoreDuetDaemonProtocol.framework/Versions/A/CoreDuetDaemonProtocol
0x0000000001910000 	/System/Library/PrivateFrameworks/CoreDuetDebugLogging.framework/Versions/A/CoreDuetDebugLogging
0x0000000001910000 	/System/Library/PrivateFrameworks/MMCS.framework/Versions/A/MMCS
0x0000000001910000 	/System/Library/Frameworks/CoreLocation.framework/Versions/A/CoreLocation
0x0000000001910000 	/System/Library/PrivateFrameworks/ProtectedCloudStorage.framework/Versions/A/ProtectedCloudStorage
0x0000000001910000 	/System/Library/PrivateFrameworks/GeoServices.framework/Versions/A/GeoServices
0x000000011f74d000 	/System/Library/Frameworks/CoreGraphics.framework/Versions/A/Resources/libCGCMS.A.dylib
0x0000000120230000 	/System/Library/Frameworks/CoreGraphics.framework/Versions/A/Resources/libRIP.A.dylib
0x00000001204a8000 	/System/Library/Frameworks/CoreGraphics.framework/Versions/A/Resources/libCGXType.A.dylib
0x0000000001910000 	/System/Library/Frameworks/OpenCL.framework/Versions/A/Libraries/libcldcpuengine.dylib
0x0000000001910000 	/System/Library/PrivateFrameworks/DiskImages.framework/Versions/A/DiskImages
0x0000000001910000 	/System/Library/Frameworks/DiscRecording.framework/Versions/A/DiscRecording
0x0000000001910000 	/usr/lib/libcsfde.dylib
0x0000000001910000 	/usr/lib/libcurl.4.dylib
0x0000000001910000 	/System/Library/PrivateFrameworks/MediaKit.framework/Versions/A/MediaKit
0x0000000001910000 	/usr/lib/libCoreStorage.dylib
0x0000000001910000 	/System/Library/PrivateFrameworks/EFILogin.framework/Versions/A/EFILogin
0x0000000001910000 	/usr/lib/libutil.dylib
0x0000000001910000 	/System/Library/PrivateFrameworks/FindMyDevice.framework/Versions/A/FindMyDevice
0x0000000001910000 	/System/Library/Frameworks/LDAP.framework/Versions/A/LDAP
0x0000000001910000 	/usr/lib/libsasl2.2.dylib
0x0000000001910000 	/System/Library/PrivateFrameworks/CoreDaemon.framework/Versions/B/CoreDaemon
0x0000000001910000 	/usr/lib/libcrypto.0.9.8.dylib
0x0000000001910000 	/System/Library/PrivateFrameworks/AppleSRP.framework/Versions/A/AppleSRP
0x0000000001910000 	/System/Library/PrivateFrameworks/TrustEvaluationAgent.framework/Versions/A/TrustEvaluationAgent
0x0000000120f19000 	cl_kernels
0x0000000120f1b000 	/System/Library/Frameworks/OpenCL.framework/Versions/A/Libraries/ImageFormats/unorm8_bgra.dylib
0x0000000120f0a000 	cl_kernels
0x0000000001910000 	/System/Library/PrivateFrameworks/FamilyControls.framework/Versions/A/FamilyControls
0x0000000001910000 	/System/Library/PrivateFrameworks/CommerceKit.framework/Versions/A/Frameworks/CommerceCore.framework/Versions/A/CommerceCore
0x0000000001910000 	/System/Library/PrivateFrameworks/SystemAdministration.framework/Versions/A/SystemAdministration
0x0000000001910000 	/System/Library/PrivateFrameworks/AppContainer.framework/Versions/A/AppContainer
0x0000000001910000 	/System/Library/PrivateFrameworks/SecCodeWrapper.framework/Versions/A/SecCodeWrapper
0x0000000001910000 	/System/Library/Frameworks/DirectoryService.framework/Versions/A/DirectoryService
0x0000000001910000 	/System/Library/PrivateFrameworks/LoginUIKit.framework/Versions/A/Frameworks/LoginUICore.framework/Versions/A/LoginUICore
0x0000000001910000 	/usr/lib/libodfde.dylib
0x00000001221e1000 	/System/Library/Frameworks/OpenGL.framework/Resources/GLEngine.bundle/GLEngine
0x0000000001910000 	/System/Library/Frameworks/OpenGL.framework/Versions/A/Libraries/libGLProgrammability.dylib
0x0000000000000000 	/System/Library/Extensions/GeForceTeslaGLDriver.bundle/Contents/MacOS/GeForceTeslaGLDriver
0x00000001223cc000 	/System/Library/Extensions/GeForceTeslaGLDriver.bundle/Contents/MacOS/libclh.dylib
0x0000000120441000 	/System/Library/PrivateFrameworks/GPUSupport.framework/Versions/A/Libraries/libGPUSupport.dylib
0x0000000122c13000 	/System/Library/Frameworks/OpenGL.framework/Resources//GLRendererFloat.bundle/GLRendererFloat
0x00000001232c1000 	/Library/Java/JavaVirtualMachines/jdk1.8.0_72.jdk/Contents/Home/jre/lib/libfontmanager.dylib
0x0000000123328000 	/Library/Java/JavaVirtualMachines/jdk1.8.0_72.jdk/Contents/Home/jre/lib/libosxui.dylib
0x0000000125a45000 	/Library/Java/JavaVirtualMachines/jdk1.8.0_72.jdk/Contents/Home/jre/lib/libnet.dylib
0x0000000125aa4000 	/Library/Java/JavaVirtualMachines/jdk1.8.0_72.jdk/Contents/Home/jre/lib/libnio.dylib
0x0000000001910000 	/System/Library/Frameworks/ApplicationServices.framework/Versions/A/Frameworks/ATS.framework/Versions/A/Resources/libTrueTypeScaler.dylib
0x0000000001910000 	/System/Library/Frameworks/Accelerate.framework/Versions/A/Frameworks/vImage.framework/Versions/A/Libraries/libCGInterfaces.dylib
0x0000000124c1e000 	/private/var/folders/fz/n4xv205n29s453jyxm07l31c0000gn/T/jna-67228189/jna8494972170165720905.tmp
0x0000000124f38000 	/Applications/VLC.app/Contents/MacOS/lib/libvlc.dylib
0x0000000186cae000 	/Applications/VLC.app/Contents/MacOS/lib/libvlccore.8.dylib
0x000000011bae7000 	/Applications/VLC.app/Contents/MacOS/plugins/libavcapture_plugin.dylib
0x0000000001910000 	/System/Library/Frameworks/AVFoundation.framework/Versions/A/AVFoundation
0x0000000001910000 	/System/Library/Frameworks/CoreMedia.framework/Versions/A/CoreMedia
0x0000000001910000 	/System/Library/Frameworks/AVFoundation.framework/Versions/A/Resources/libAVFAudio.dylib
0x0000000001910000 	/System/Library/Frameworks/MediaToolbox.framework/Versions/A/MediaToolbox
0x0000000001910000 	/System/Library/Frameworks/VideoToolbox.framework/Versions/A/VideoToolbox
0x0000000001910000 	/System/Library/Frameworks/CoreMediaIO.framework/Versions/A/CoreMediaIO
0x0000000001910000 	/System/Library/PrivateFrameworks/MediaControlSender.framework/Versions/A/MediaControlSender
0x0000000001910000 	/System/Library/PrivateFrameworks/CoreAVCHD.framework/Versions/A/CoreAVCHD
0x0000000001910000 	/System/Library/Frameworks/MediaAccessibility.framework/Versions/A/MediaAccessibility
0x0000000001910000 	/System/Library/PrivateFrameworks/Mangrove.framework/Versions/A/Mangrove
0x0000000001910000 	/System/Library/PrivateFrameworks/CoreAUC.framework/Versions/A/CoreAUC
0x0000000001910000 	/System/Library/PrivateFrameworks/NetworkStatistics.framework/Versions/A/NetworkStatistics
0x0000000001910000 	/System/Library/PrivateFrameworks/AirPlaySupport.framework/Versions/A/AirPlaySupport
0x0000000001910000 	/System/Library/PrivateFrameworks/CoreUtils.framework/Versions/A/CoreUtils
0x0000000001910000 	/System/Library/PrivateFrameworks/AppleVA.framework/Versions/A/AppleVA
0x0000000001910000 	/System/Library/PrivateFrameworks/XPCService.framework/Versions/A/XPCService
0x0000000001910000 	/System/Library/PrivateFrameworks/AppSandbox.framework/Versions/A/AppSandbox
0x0000000001910000 	/usr/lib/libsandbox.1.dylib
0x0000000001910000 	/usr/lib/libMatch.1.dylib
0x000000011dd53000 	/Applications/VLC.app/Contents/MacOS/plugins/libqtcapture_plugin.dylib
0x0000000001910000 	/System/Library/Frameworks/QTKit.framework/Versions/A/QTKit
0x0000000001910000 	/System/Library/PrivateFrameworks/CoreMediaAuthoring.framework/Versions/A/CoreMediaAuthoring
0x0000000124f57000 	/Applications/VLC.app/Contents/MacOS/plugins/libqtsound_plugin.dylib
0x0000000124f61000 	/Applications/VLC.app/Contents/MacOS/plugins/libauhal_plugin.dylib
0x0000000124f70000 	/System/Library/Extensions/AppleHDA.kext/Contents/PlugIns/AppleHDAHALPlugIn.bundle/Contents/MacOS/AppleHDAHALPlugIn
0x0000000125383000 	/Applications/VLC.app/Contents/MacOS/plugins/liblua_plugin.dylib
0x000000011baf2000 	/Applications/VLC.app/Contents/MacOS/plugins/libfolder_plugin.dylib
0x0000000186fa7000 	/Applications/VLC.app/Contents/MacOS/plugins/liblibbluray_plugin.dylib
0x0000000124f79000 	/Applications/VLC.app/Contents/MacOS/plugins/libaccess_bd_plugin.dylib
0x0000000185fc8000 	/Applications/VLC.app/Contents/MacOS/plugins/libdvdnav_plugin.dylib
0x000000018467d000 	/Applications/VLC.app/Contents/MacOS/plugins/libvdr_plugin.dylib
0x0000000184686000 	/Applications/VLC.app/Contents/MacOS/plugins/libfilesystem_plugin.dylib
0x0000000184e87000 	/Applications/VLC.app/Contents/MacOS/plugins/libsmooth_plugin.dylib
0x00000001253d9000 	/Applications/VLC.app/Contents/MacOS/plugins/libdecomp_plugin.dylib
0x0000000188c45000 	/Applications/VLC.app/Contents/MacOS/plugins/libhttplive_plugin.dylib
0x0000000185757000 	/Applications/VLC.app/Contents/MacOS/plugins/libdash_plugin.dylib
0x0000000184e92000 	/Applications/VLC.app/Contents/MacOS/plugins/librar_plugin.dylib
0x0000000184e99000 	/Applications/VLC.app/Contents/MacOS/plugins/libzip_plugin.dylib
0x00000001846a5000 	/Applications/VLC.app/Contents/MacOS/plugins/librecord_plugin.dylib
0x0000000185786000 	/Applications/VLC.app/Contents/MacOS/plugins/libes_plugin.dylib
0x0000000188d45000 	/Applications/VLC.app/Contents/MacOS/plugins/libvorbis_plugin.dylib
0x0000000184eb1000 	/Applications/VLC.app/Contents/MacOS/plugins/librawvideo_plugin.dylib
0x0000000188e22000 	/Applications/VLC.app/Contents/MacOS/plugins/libtheora_plugin.dylib
0x0000000188e67000 	/Applications/VLC.app/Contents/MacOS/plugins/libspeex_plugin.dylib
0x000000018578f000 	/Applications/VLC.app/Contents/MacOS/plugins/libaes3_plugin.dylib
0x0000000185795000 	/Applications/VLC.app/Contents/MacOS/plugins/liblpcm_plugin.dylib
0x000000018579d000 	/Applications/VLC.app/Contents/MacOS/plugins/libpacketizer_mpeg4audio_plugin.dylib
0x0000000186027000 	/Applications/VLC.app/Contents/MacOS/plugins/libpacketizer_mlp_plugin.dylib
0x0000000188e9d000 	/Applications/VLC.app/Contents/MacOS/plugins/libpacketizer_h264_plugin.dylib
0x000000018602e000 	/Applications/VLC.app/Contents/MacOS/plugins/libpacketizer_flac_plugin.dylib
0x0000000188ea8000 	/Applications/VLC.app/Contents/MacOS/plugins/libpacketizer_dirac_plugin.dylib
0x0000000188eb1000 	/Applications/VLC.app/Contents/MacOS/plugins/libpacketizer_hevc_plugin.dylib
0x0000000188eb8000 	/Applications/VLC.app/Contents/MacOS/plugins/libsvcdsub_plugin.dylib
0x0000000188ebf000 	/Applications/VLC.app/Contents/MacOS/plugins/libspudec_plugin.dylib
0x0000000188ec6000 	/Applications/VLC.app/Contents/MacOS/plugins/libpacketizer_vc1_plugin.dylib
0x0000000188ece000 	/Applications/VLC.app/Contents/MacOS/plugins/libpacketizer_mpegvideo_plugin.dylib
0x0000000188ed6000 	/Applications/VLC.app/Contents/MacOS/plugins/libpacketizer_mpeg4video_plugin.dylib
0x0000000188ede000 	/Applications/VLC.app/Contents/MacOS/plugins/libcvdsub_plugin.dylib
0x0000000188ee5000 	/Applications/VLC.app/Contents/MacOS/plugins/libavcodec_plugin.dylib
0x000000018a538000 	/System/Library/Frameworks/VideoDecodeAcceleration.framework/Versions/A/VideoDecodeAcceleration
0x000000018a53e000 	/Applications/VLC.app/Contents/MacOS/plugins/libmp4_plugin.dylib
0x000000018a56f000 	/Applications/VLC.app/Contents/MacOS/plugins/libavi_plugin.dylib
0x000000018a580000 	/Applications/VLC.app/Contents/MacOS/plugins/libasf_plugin.dylib
0x000000018a590000 	/Applications/VLC.app/Contents/MacOS/plugins/libflacsys_plugin.dylib
0x000000018a599000 	/Applications/VLC.app/Contents/MacOS/plugins/libdts_plugin.dylib
0x000000018a5a0000 	/Applications/VLC.app/Contents/MacOS/plugins/liba52_plugin.dylib
0x000000018a5a7000 	/Applications/VLC.app/Contents/MacOS/plugins/libmpeg_audio_plugin.dylib
0x000000018a7ae000 	/Applications/VLC.app/Contents/MacOS/plugins/libtaglib_plugin.dylib
0x000000018aab7000 	/Applications/VLC.app/Contents/MacOS/plugins/libcdg_plugin.dylib
0x000000018aabe000 	/Applications/VLC.app/Contents/MacOS/plugins/libpng_plugin.dylib
0x000000018ab32000 	/Applications/VLC.app/Contents/MacOS/plugins/libjpeg_plugin.dylib
0x000000018aba4000 	/Applications/VLC.app/Contents/MacOS/plugins/libschroedinger_plugin.dylib
0x000000018adb6000 	/Applications/VLC.app/Contents/MacOS/plugins/libsubstx3g_plugin.dylib
0x000000018adbd000 	/Applications/VLC.app/Contents/MacOS/plugins/libopus_plugin.dylib
0x000000018b0a3000 	/System/Library/Components/CoreAudio.component/Contents/MacOS/CoreAudio
0x0000000124c33000 	/Applications/VLC.app/Contents/MacOS/plugins/libfloat_mixer_plugin.dylib
0x000000018b6b1000 	/Applications/VLC.app/Contents/MacOS/plugins/libscaletempo_plugin.dylib
0x000000018b6b8000 	/Applications/VLC.app/Contents/MacOS/plugins/liba52tofloat32_plugin.dylib
0x000000018b6c8000 	/Applications/VLC.app/Contents/MacOS/plugins/libmpgatofixed32_plugin.dylib
0x000000018b6ef000 	/Applications/VLC.app/Contents/MacOS/plugins/libdtstofloat32_plugin.dylib
0x000000018b719000 	/Applications/VLC.app/Contents/MacOS/plugins/libdtstospdif_plugin.dylib
0x000000018b71f000 	/Applications/VLC.app/Contents/MacOS/plugins/libsimple_channel_mixer_plugin.dylib
0x000000018b726000 	/Applications/VLC.app/Contents/MacOS/plugins/liba52tospdif_plugin.dylib
0x000000018b72c000 	/Applications/VLC.app/Contents/MacOS/plugins/libdolby_surround_decoder_plugin.dylib
0x000000018b732000 	/Applications/VLC.app/Contents/MacOS/plugins/libugly_resampler_plugin.dylib
0x000000018b738000 	/Applications/VLC.app/Contents/MacOS/plugins/libaudio_format_plugin.dylib
0x000000018b73f000 	/Applications/VLC.app/Contents/MacOS/plugins/libtrivial_channel_mixer_plugin.dylib

VM Arguments:
jvm_args: -Dfile.encoding=UTF-8 
java_command: mediaplayer.MediaPlayer
java_class_path (initial): /Applications/NetBeans/NetBeans 8.1.app/Contents/Resources/NetBeans/ide/modules/org-apache-commons-logging.jar:/Applications/NetBeans/NetBeans 8.1.app/Contents/Resources/NetBeans/java/modules/ext/cglib-2.2.jar:/Applications/NetBeans/NetBeans 8.1.app/Contents/Resources/NetBeans/java/modules/ext/spring-4/spring-aop-4.0.1.RELEASE.jar:/Applications/NetBeans/NetBeans 8.1.app/Contents/Resources/NetBeans/java/modules/ext/spring-4/spring-aspects-4.0.1.RELEASE.jar:/Applications/NetBeans/NetBeans 8.1.app/Contents/Resources/NetBeans/java/modules/ext/spring-4/spring-beans-4.0.1.RELEASE.jar:/Applications/NetBeans/NetBeans 8.1.app/Contents/Resources/NetBeans/java/modules/ext/spring-4/spring-build-src-4.0.1.RELEASE.jar:/Applications/NetBeans/NetBeans 8.1.app/Contents/Resources/NetBeans/java/modules/ext/spring-4/spring-context-4.0.1.RELEASE.jar:/Applications/NetBeans/NetBeans 8.1.app/Contents/Resources/NetBeans/java/modules/ext/spring-4/spring-context-support-4.0.1.RELEASE.jar:/Applications/NetBeans/NetBeans 8.1.app/Contents/Resources/NetBeans/java/modules/ext/spring-4/spring-core-4.0.1.RELEASE.jar:/Applications/NetBeans/NetBeans 8.1.app/Contents/Resources/NetBeans/java/modules/ext/spring-4/spring-expression-4.0.1.RELEASE.jar:/Applications/NetBeans/NetBeans 8.1.app/Contents/Resources/NetBeans/java/modules/ext/spring-4/spring-framework-bom-4.0.1.RELEASE.jar:/Applications/NetBeans/NetBeans 8.1.app/Contents/Resources/NetBeans/java/modules/ext/spring-4/spring-instrument-4.0.1.RELEASE.jar:/Applications/NetBeans/NetBeans 8.1.app/Contents/Resources/NetBeans/java/modules/ext/spring-4/spring-instrument-tomcat-4.0.1.RELEASE.jar:/Applications/NetBeans/NetBeans 8.1.app/Contents/Resources/NetBeans/java/modules/ext/spring-4/spring-jdbc-4.0.1.RELEASE.jar:/Applications/NetBeans/NetBeans 8.1.app/Contents/Resources/NetBeans/java/modules/ext/spring-4/spring-jms-4.0.1.RELEASE.jar:/Applications/NetBeans/NetBeans 8.1.app/Contents/Resources/NetBeans/java/modules/ext/spring-4/
Launcher Type: SUN_STANDARD

Environment Variables:
PATH=/usr/bin:/bin:/usr/sbin:/sbin
LD_LIBRARY_PATH=/Library/Java/JavaVirtualMachines/jdk1.8.0_72.jdk/Contents/Home/jre/lib/amd64:/Library/Java/JavaVirtualMachines/jdk1.8.0_72.jdk/Contents/Home/jre/lib/i386:
SHELL=/bin/bash
DISPLAY=/private/tmp/com.apple.launchd.yYtkahHiwM/org.macosforge.xquartz:0
DYLD_LIBRARY_PATH=/Applications/NetBeans/NetBeans 8.1.app/Contents/Resources/NetBeans/webcommon/bin:

Signal Handlers:
SIGSEGV: [libjvm.dylib+0x5a6855], sa_mask[0]=11111111011111110111111111111111, sa_flags=SA_ONSTACK|SA_RESTART|SA_SIGINFO
SIGBUS: [libjvm.dylib+0x5a6855], sa_mask[0]=11111111011111110111111111111111, sa_flags=SA_RESTART|SA_SIGINFO
SIGFPE: [libjvm.dylib+0x4804ec], sa_mask[0]=11111111011111110111111111111111, sa_flags=SA_RESTART|SA_SIGINFO
SIGPIPE: [libjvm.dylib+0x4804ec], sa_mask[0]=11111111011111110111111111111111, sa_flags=SA_RESTART|SA_SIGINFO
SIGXFSZ: [libjvm.dylib+0x4804ec], sa_mask[0]=11111111011111110111111111111111, sa_flags=SA_RESTART|SA_SIGINFO
SIGILL: [libjvm.dylib+0x4804ec], sa_mask[0]=11111111011111110111111111111111, sa_flags=SA_RESTART|SA_SIGINFO
SIGUSR1: SIG_DFL, sa_mask[0]=00000000000000000000000000000000, sa_flags=none
SIGUSR2: [libjvm.dylib+0x48000a], sa_mask[0]=00100000000000000000000000000000, sa_flags=SA_RESTART|SA_SIGINFO
SIGHUP: [AudioToolbox+0xf933a], sa_mask[0]=00000000000000000000000000000000, sa_flags=SA_RESTART
SIGINT: SIG_IGN, sa_mask[0]=00000000000000000000000000000000, sa_flags=none
SIGTERM: [libjvm.dylib+0x47e5e1], sa_mask[0]=11111111011111110111111111111111, sa_flags=SA_RESTART|SA_SIGINFO
SIGQUIT: [libjvm.dylib+0x47e5e1], sa_mask[0]=11111111011111110111111111111111, sa_flags=SA_RESTART|SA_SIGINFO


---------------  S Y S T E M  ---------------

OS:Bsduname:Darwin 14.5.0 Darwin Kernel Version 14.5.0: Mon Jan 11 18:48:35 PST 2016; root:xnu-2782.50.2~1/RELEASE_X86_64 x86_64
rlimit: STACK 8192k, CORE 0k, NPROC 709, NOFILE 10240, AS infinity
load average:1.66 1.68 1.65

CPU:total 2 (2 cores per cpu, 1 threads per core) family 6 model 23 stepping 10, cmov, cx8, fxsr, mmx, sse, sse2, sse3, ssse3, sse4.1, tsc

Memory: 4k page, physical 4194304k(150980k free)

/proc/meminfo:


vm_info: Java HotSpot(TM) 64-Bit Server VM (25.72-b15) for bsd-amd64 JRE (1.8.0_72-b15), built on Dec 22 2015 15:43:34 by "java_re" with gcc 4.2.1 (Based on Apple Inc. build 5658) (LLVM build 2336.11.00)

time: Sun Apr 24 16:33:38 2016
elapsed time: 29 seconds (0d 0h 0m 29s)

