#
# A fatal error has been detected by the Java Runtime Environment:
#
#  SIGSEGV (0xb) at pc=0x0000000124518048, pid=6829, tid=70423
#
# JRE version: Java(TM) SE Runtime Environment (8.0_72-b15) (build 1.8.0_72-b15)
# Java VM: Java HotSpot(TM) 64-Bit Server VM (25.72-b15 mixed mode bsd-amd64 compressed oops)
# Problematic frame:
# C  0x0000000124518048
#
# Failed to write core dump. Core dumps have been disabled. To enable core dumping, try "ulimit -c unlimited" before starting Java again
#
# If you would like to submit a bug report, please visit:
#   http://bugreport.java.com/bugreport/crash.jsp
#

---------------  T H R E A D  ---------------

Current thread is native thread

siginfo: si_signo: 11 (SIGSEGV), si_code: 1 (SEGV_MAPERR), si_addr: 0x0000000000000000

Registers:
RAX=0x0000000000000000, RBX=0x00007fcf93bb6690, RCX=0x0000000000000000, RDX=0x00007fcf93bb6500
RSP=0x0000000190f6b7b8, RBP=0x0000000124518048, RSI=0x0000000000000000, RDI=0x0000000190f6b838
R8 =0x0000000190f6b790, R9 =0x00000000e0000000, R10=0x0000000000000004, R11=0x0000000000000246
R12=0x00007fcf93c571b0, R13=0x0000000000000004, R14=0x00007fcf93bb64c0, R15=0x0000000190f6b838
RIP=0x0000000124518048, EFLAGS=0x0000000000010246, ERR=0x0000000000000006
  TRAPNO=0x000000000000000e

Top of Stack: (sp=0x0000000190f6b7b8)
0x0000000190f6b7b8:   000000012dde6755 00007fcf93c571b0
0x0000000190f6b7c8:   00007fcf93bb6520 0000000190f6b838
0x0000000190f6b7d8:   0000000100000000 00007fcf93bb64e0
0x0000000190f6b7e8:   00007fcf93c4ced8 00007fcf93c4ced8
0x0000000190f6b7f8:   0000000000000004 00007fcf93bb3c18
0x0000000190f6b808:   0000000190f6b838 0000000000000001
0x0000000190f6b818:   000000012ddecc6a ffffffffffffffff
0x0000000190f6b828:   0000206000000040 00007fcf93c4ce48
0x0000000190f6b838:   00007fcf0000010c 00007fcf93bb3c18
0x0000000190f6b848:   000000003e46efda 00007fcf93c53a40
0x0000000190f6b858:   00007fcf93c4ce30 0000000000000002
0x0000000190f6b868:   00007fcf3e46efda 0000000190f6b8a0
0x0000000190f6b878:   000020608ebdd68f 0003a4000003a400
0x0000000190f6b888:   00007fcf93c530b0 00007fcf93c53a48
0x0000000190f6b898:   000000018f850299 0000000000000001
0x0000000190f6b8a8:   000000018f7cc2f4 0003a3000003a300
0x0000000190f6b8b8:   00007fcf93c4ce20 00007fcf93c4ce30
0x0000000190f6b8c8:   000000018f850299 00007fcf93c4ced8
0x0000000190f6b8d8:   0000000000000004 0000000000000004
0x0000000190f6b8e8:   000000018f850299 000000018f81b2a0
0x0000000190f6b8f8:   00007fcf93c4ce30 0000000000000000
0x0000000190f6b908:   0000000000b03614 000079b659d1e724
0x0000000190f6b918:   00007fcf93c53910 0000000190f6ba70
0x0000000190f6b928:   000000000010b5ad 00007fcf93c4ced8
0x0000000190f6b938:   000000018f7f2fd5 0000000000001000
0x0000000190f6b948:   0000000000000000 0000000000000000
0x0000000190f6b958:   0000000000000000 0000000190f6b9d0
0x0000000190f6b968:   00007fcf93c4ced8 0000000190f6b9b0
0x0000000190f6b978:   00007fff830f09ea 00007fcf91d65a08
0x0000000190f6b988:   0001206893bb8a20 00000000038d48ed
0x0000000190f6b998:   0000000000c0ebc1 3fcb3826486d3950
0x0000000190f6b9a8:   00007fcf93c4ced8 00007fff00000000 

Instructions: (pc=0x0000000124518048)
0x0000000124518028:   68 2f c2 93 cf 7f 00 00 60 9c 99 2d 01 00 00 00
0x0000000124518038:   50 2f c2 93 cf 7f 00 00 39 00 00 00 00 00 00 00
0x0000000124518048:   30 28 9a 2d 01 00 00 00 30 28 9a 2d 01 00 00 00
0x0000000124518058:   01 00 00 00 f8 49 ff e3 68 11 c5 93 cf 7f 00 00 

Register to memory mapping:

RAX=0x0000000000000000 is an unknown value
RBX=0x00007fcf93bb6690 is an unknown value
RCX=0x0000000000000000 is an unknown value
RDX=0x00007fcf93bb6500 is an unknown value
RSP=0x0000000190f6b7b8 is an unknown value
RBP=0x0000000124518048 is an unknown value
RSI=0x0000000000000000 is an unknown value
RDI=0x0000000190f6b838 is an unknown value
R8 =0x0000000190f6b790 is an unknown value
R9 =0x00000000e0000000 is an unknown value
R10=0x0000000000000004 is an unknown value
R11=0x0000000000000246 is an unknown value
R12=0x00007fcf93c571b0 is an unknown value
R13=0x0000000000000004 is an unknown value
R14=0x00007fcf93bb64c0 is an unknown value
R15=0x0000000190f6b838 is an unknown value


Stack: [0x0000000190e6c000,0x0000000190f6c000],  sp=0x0000000190f6b7b8,  free space=1021k
Native frames: (J=compiled Java code, j=interpreted, Vv=VM code, C=native code)
C  0x0000000124518048


---------------  P R O C E S S  ---------------

VM state:not at safepoint (normal execution)

VM Mutex/Monitor currently owned by a thread: None

Heap:
 PSYoungGen      total 19968K, used 6052K [0x00000007aab00000, 0x00000007ac300000, 0x00000007c0000000)
  eden space 16384K, 20% used [0x00000007aab00000,0x00000007aae3f878,0x00000007abb00000)
  from space 3584K, 76% used [0x00000007abf80000,0x00000007ac229b40,0x00000007ac300000)
  to   space 4096K, 0% used [0x00000007abb00000,0x00000007abb00000,0x00000007abf00000)
 ParOldGen       total 44032K, used 2774K [0x0000000780000000, 0x0000000782b00000, 0x00000007aab00000)
  object space 44032K, 6% used [0x0000000780000000,0x00000007802b5818,0x0000000782b00000)
 Metaspace       used 14277K, capacity 14590K, committed 14720K, reserved 1062912K
  class space    used 1777K, capacity 1866K, committed 1920K, reserved 1048576K

Card table byte_map: [0x00000001205c0000,0x00000001207c1000] byte_map_base: 0x000000011c9c0000

Marking Bits: (ParMarkBitMap*) 0x0000000110560ea0
 Begin Bits: [0x0000000120b1d000, 0x0000000121b1d000)
 End Bits:   [0x0000000121b1d000, 0x0000000122b1d000)

Polling page: 0x0000000110d52000

CodeCache: size=245760Kb used=5027Kb max_used=5038Kb free=240732Kb
 bounds [0x0000000111200000, 0x00000001116f0000, 0x0000000120200000]
 total_blobs=2048 nmethods=1519 adapters=444
 compilation: enabled

Compilation events (10 events):
Event: 21.755 Thread 0x00007fcf91042800 1534       3       java.awt.Color::getAlpha (12 bytes)
Event: 21.758 Thread 0x00007fcf91042800 nmethod 1534 0x00000001116e6f10 code [0x00000001116e7080, 0x00000001116e72a8]
Event: 21.760 Thread 0x00007fcf91042800 1535       3       java.util.concurrent.locks.AbstractQueuedSynchronizer$ConditionObject::await (98 bytes)
Event: 21.764 Thread 0x00007fcf91042800 nmethod 1535 0x00000001116e9d90 code [0x00000001116ea040, 0x00000001116eb1e8]
Event: 21.764 Thread 0x00007fcf91042800 1536       3       java.util.concurrent.ThreadPoolExecutor::isRunning (10 bytes)
Event: 21.764 Thread 0x00007fcf91042800 nmethod 1536 0x00000001116e6b90 code [0x00000001116e6d00, 0x00000001116e6e90]
Event: 21.765 Thread 0x00007fcf9186e000 nmethod 1528 0x00000001116e6150 code [0x00000001116e62e0, 0x00000001116e66e8]
Event: 21.765 Thread 0x00007fcf9186e000 1532       4       java.lang.ref.Reference::<init> (25 bytes)
Event: 21.783 Thread 0x00007fcf9186e000 nmethod 1532 0x00000001116ec3d0 code [0x00000001116ec520, 0x00000001116ec618]
Event: 21.783 Thread 0x00007fcf9186e000 1537   !   4       com.sun.jna.Structure::read (192 bytes)

GC Heap History (10 events):
Event: 6.231 GC heap before
{Heap before GC invocations=2 (full 0):
 PSYoungGen      total 18944K, used 18754K [0x00000007aab00000, 0x00000007ac000000, 0x00000007c0000000)
  eden space 16384K, 100% used [0x00000007aab00000,0x00000007abb00000,0x00000007abb00000)
  from space 2560K, 92% used [0x00000007abb00000,0x00000007abd50af0,0x00000007abd80000)
  to   space 2560K, 0% used [0x00000007abd80000,0x00000007abd80000,0x00000007ac000000)
 ParOldGen       total 44032K, used 8K [0x0000000780000000, 0x0000000782b00000, 0x00000007aab00000)
  object space 44032K, 0% used [0x0000000780000000,0x0000000780002000,0x0000000782b00000)
 Metaspace       used 13550K, capacity 13766K, committed 14208K, reserved 1060864K
  class space    used 1712K, capacity 1816K, committed 1920K, reserved 1048576K
Event: 6.248 GC heap after
Heap after GC invocations=2 (full 0):
 PSYoungGen      total 18944K, used 2543K [0x00000007aab00000, 0x00000007ac000000, 0x00000007c0000000)
  eden space 16384K, 0% used [0x00000007aab00000,0x00000007aab00000,0x00000007abb00000)
  from space 2560K, 99% used [0x00000007abd80000,0x00000007abffbf98,0x00000007ac000000)
  to   space 2560K, 0% used [0x00000007abb00000,0x00000007abb00000,0x00000007abd80000)
 ParOldGen       total 44032K, used 1792K [0x0000000780000000, 0x0000000782b00000, 0x00000007aab00000)
  object space 44032K, 4% used [0x0000000780000000,0x00000007801c0008,0x0000000782b00000)
 Metaspace       used 13550K, capacity 13766K, committed 14208K, reserved 1060864K
  class space    used 1712K, capacity 1816K, committed 1920K, reserved 1048576K
}
Event: 8.198 GC heap before
{Heap before GC invocations=3 (full 0):
 PSYoungGen      total 18944K, used 18927K [0x00000007aab00000, 0x00000007ac000000, 0x00000007c0000000)
  eden space 16384K, 100% used [0x00000007aab00000,0x00000007abb00000,0x00000007abb00000)
  from space 2560K, 99% used [0x00000007abd80000,0x00000007abffbf98,0x00000007ac000000)
  to   space 2560K, 0% used [0x00000007abb00000,0x00000007abb00000,0x00000007abd80000)
 ParOldGen       total 44032K, used 1792K [0x0000000780000000, 0x0000000782b00000, 0x00000007aab00000)
  object space 44032K, 4% used [0x0000000780000000,0x00000007801c0008,0x0000000782b00000)
 Metaspace       used 14073K, capacity 14386K, committed 14464K, reserved 1062912K
  class space    used 1775K, capacity 1866K, committed 1920K, reserved 1048576K
Event: 8.207 GC heap after
Heap after GC invocations=3 (full 0):
 PSYoungGen      total 18944K, used 2529K [0x00000007aab00000, 0x00000007ac000000, 0x00000007c0000000)
  eden space 16384K, 0% used [0x00000007aab00000,0x00000007aab00000,0x00000007abb00000)
  from space 2560K, 98% used [0x00000007abb00000,0x00000007abd787f0,0x00000007abd80000)
  to   space 2560K, 0% used [0x00000007abd80000,0x00000007abd80000,0x00000007ac000000)
 ParOldGen       total 44032K, used 2264K [0x0000000780000000, 0x0000000782b00000, 0x00000007aab00000)
  object space 44032K, 5% used [0x0000000780000000,0x0000000780236008,0x0000000782b00000)
 Metaspace       used 14073K, capacity 14386K, committed 14464K, reserved 1062912K
  class space    used 1775K, capacity 1866K, committed 1920K, reserved 1048576K
}
Event: 10.890 GC heap before
{Heap before GC invocations=4 (full 0):
 PSYoungGen      total 18944K, used 18913K [0x00000007aab00000, 0x00000007ac000000, 0x00000007c0000000)
  eden space 16384K, 100% used [0x00000007aab00000,0x00000007abb00000,0x00000007abb00000)
  from space 2560K, 98% used [0x00000007abb00000,0x00000007abd787f0,0x00000007abd80000)
  to   space 2560K, 0% used [0x00000007abd80000,0x00000007abd80000,0x00000007ac000000)
 ParOldGen       total 44032K, used 2264K [0x0000000780000000, 0x0000000782b00000, 0x00000007aab00000)
  object space 44032K, 5% used [0x0000000780000000,0x0000000780236008,0x0000000782b00000)
 Metaspace       used 14114K, capacity 14458K, committed 14720K, reserved 1062912K
  class space    used 1776K, capacity 1866K, committed 1920K, reserved 1048576K
Event: 10.901 GC heap after
Heap after GC invocations=4 (full 0):
 PSYoungGen      total 18944K, used 2529K [0x00000007aab00000, 0x00000007ac000000, 0x00000007c0000000)
  eden space 16384K, 0% used [0x00000007aab00000,0x00000007aab00000,0x00000007abb00000)
  from space 2560K, 98% used [0x00000007abd80000,0x00000007abff87f0,0x00000007ac000000)
  to   space 2560K, 0% used [0x00000007abb00000,0x00000007abb00000,0x00000007abd80000)
 ParOldGen       total 44032K, used 2416K [0x0000000780000000, 0x0000000782b00000, 0x00000007aab00000)
  object space 44032K, 5% used [0x0000000780000000,0x000000078025c008,0x0000000782b00000)
 Metaspace       used 14114K, capacity 14458K, committed 14720K, reserved 1062912K
  class space    used 1776K, capacity 1866K, committed 1920K, reserved 1048576K
}
Event: 17.104 GC heap before
{Heap before GC invocations=5 (full 0):
 PSYoungGen      total 18944K, used 18913K [0x00000007aab00000, 0x00000007ac000000, 0x00000007c0000000)
  eden space 16384K, 100% used [0x00000007aab00000,0x00000007abb00000,0x00000007abb00000)
  from space 2560K, 98% used [0x00000007abd80000,0x00000007abff87f0,0x00000007ac000000)
  to   space 2560K, 0% used [0x00000007abb00000,0x00000007abb00000,0x00000007abd80000)
 ParOldGen       total 44032K, used 2416K [0x0000000780000000, 0x0000000782b00000, 0x00000007aab00000)
  object space 44032K, 5% used [0x0000000780000000,0x000000078025c008,0x0000000782b00000)
 Metaspace       used 14207K, capacity 14526K, committed 14720K, reserved 1062912K
  class space    used 1777K, capacity 1866K, committed 1920K, reserved 1048576K
Event: 17.115 GC heap after
Heap after GC invocations=5 (full 0):
 PSYoungGen      total 18944K, used 2534K [0x00000007aab00000, 0x00000007ac400000, 0x00000007c0000000)
  eden space 16384K, 0% used [0x00000007aab00000,0x00000007aab00000,0x00000007abb00000)
  from space 2560K, 99% used [0x00000007abb00000,0x00000007abd79b40,0x00000007abd80000)
  to   space 4608K, 0% used [0x00000007abf80000,0x00000007abf80000,0x00000007ac400000)
 ParOldGen       total 44032K, used 2774K [0x0000000780000000, 0x0000000782b00000, 0x00000007aab00000)
  object space 44032K, 6% used [0x0000000780000000,0x00000007802b5818,0x0000000782b00000)
 Metaspace       used 14207K, capacity 14526K, committed 14720K, reserved 1062912K
  class space    used 1777K, capacity 1866K, committed 1920K, reserved 1048576K
}
Event: 21.767 GC heap before
{Heap before GC invocations=6 (full 0):
 PSYoungGen      total 18944K, used 18918K [0x00000007aab00000, 0x00000007ac400000, 0x00000007c0000000)
  eden space 16384K, 100% used [0x00000007aab00000,0x00000007abb00000,0x00000007abb00000)
  from space 2560K, 99% used [0x00000007abb00000,0x00000007abd79b40,0x00000007abd80000)
  to   space 4608K, 0% used [0x00000007abf80000,0x00000007abf80000,0x00000007ac400000)
 ParOldGen       total 44032K, used 2774K [0x0000000780000000, 0x0000000782b00000, 0x00000007aab00000)
  object space 44032K, 6% used [0x0000000780000000,0x00000007802b5818,0x0000000782b00000)
 Metaspace       used 14277K, capacity 14590K, committed 14720K, reserved 1062912K
  class space    used 1777K, capacity 1866K, committed 1920K, reserved 1048576K
Event: 21.778 GC heap after
Heap after GC invocations=6 (full 0):
 PSYoungGen      total 19968K, used 2726K [0x00000007aab00000, 0x00000007ac300000, 0x00000007c0000000)
  eden space 16384K, 0% used [0x00000007aab00000,0x00000007aab00000,0x00000007abb00000)
  from space 3584K, 76% used [0x00000007abf80000,0x00000007ac229b40,0x00000007ac300000)
  to   space 4096K, 0% used [0x00000007abb00000,0x00000007abb00000,0x00000007abf00000)
 ParOldGen       total 44032K, used 2774K [0x0000000780000000, 0x0000000782b00000, 0x00000007aab00000)
  object space 44032K, 6% used [0x0000000780000000,0x00000007802b5818,0x0000000782b00000)
 Metaspace       used 14277K, capacity 14590K, committed 14720K, reserved 1062912K
  class space    used 1777K, capacity 1866K, committed 1920K, reserved 1048576K
}

Deoptimization events (10 events):
Event: 5.921 Thread 0x00007fcf91be2000 Uncommon trap: reason=unstable_if action=reinterpret pc=0x00000001114dcd14 method=java.lang.String.lastIndexOf([CII[CIII)I @ 118
Event: 8.460 Thread 0x00007fcf9400a000 Uncommon trap: reason=null_check action=make_not_entrant pc=0x000000011160eb1c method=com.sun.jna.Native.getNativeSize(Ljava/lang/Class;Ljava/lang/Object;)I @ 64
Event: 8.743 Thread 0x00007fcf94006800 Uncommon trap: reason=null_check action=make_not_entrant pc=0x000000011160b954 method=com.sun.jna.Native.getNativeSize(Ljava/lang/Class;)I @ 4
Event: 10.254 Thread 0x00007fcf91be2000 Uncommon trap: reason=unstable_if action=reinterpret pc=0x000000011161c884 method=java.util.regex.Matcher.reset()Ljava/util/regex/Matcher; @ 47
Event: 16.089 Thread 0x00007fcf91be2000 Uncommon trap: reason=class_check action=maybe_recompile pc=0x00000001113c87d8 method=java.lang.String.equals(Ljava/lang/Object;)Z @ 8
Event: 16.089 Thread 0x00007fcf91be2000 Uncommon trap: reason=class_check action=maybe_recompile pc=0x00000001113c87d8 method=java.lang.String.equals(Ljava/lang/Object;)Z @ 8
Event: 16.157 Thread 0x00007fcf91be2000 Uncommon trap: reason=class_check action=maybe_recompile pc=0x00000001113c87d8 method=java.lang.String.equals(Ljava/lang/Object;)Z @ 8
Event: 16.157 Thread 0x00007fcf91be2000 Uncommon trap: reason=class_check action=maybe_recompile pc=0x00000001113c87d8 method=java.lang.String.equals(Ljava/lang/Object;)Z @ 8
Event: 21.722 Thread 0x00007fcf91be2000 Uncommon trap: reason=unstable_if action=reinterpret pc=0x00000001116342f4 method=java.util.regex.Matcher.match(II)Z @ 91
Event: 21.728 Thread 0x00007fcf91be2000 Uncommon trap: reason=class_check action=maybe_recompile pc=0x00000001114fa0dc method=java.util.regex.Matcher.match(II)Z @ 86

Internal exceptions (10 events):
Event: 0.705 Thread 0x00007fcf91018800 Exception <a 'java/lang/NoSuchFieldError': method resolution failed> (0x00000007ab87f3d8) thrown at [/Users/java_re/workspace/8-2-build-macosx-x86_64/jdk8u72/5732/hotspot/src/share/vm/prims/methodHandles.cpp, line 1146]
Event: 0.722 Thread 0x00007fcf91018800 Exception <a 'java/lang/NoSuchFieldError': method resolution failed> (0x00000007ab88cb78) thrown at [/Users/java_re/workspace/8-2-build-macosx-x86_64/jdk8u72/5732/hotspot/src/share/vm/prims/methodHandles.cpp, line 1146]
Event: 1.155 Thread 0x00007fcf91018800 Exception <a 'java/io/FileNotFoundException'> (0x00000007ab908998) thrown at [/Users/java_re/workspace/8-2-build-macosx-x86_64/jdk8u72/5732/hotspot/src/share/vm/prims/jni.cpp, line 709]
Event: 1.155 Thread 0x00007fcf91018800 Exception <a 'java/io/FileNotFoundException'> (0x00000007ab9094e0) thrown at [/Users/java_re/workspace/8-2-build-macosx-x86_64/jdk8u72/5732/hotspot/src/share/vm/prims/jni.cpp, line 709]
Event: 5.583 Thread 0x00007fcf91be2000 Exception <a 'java/lang/NoClassDefFoundError': org/slf4j/impl/StaticLoggerBinder> (0x00000007aaeb91c8) thrown at [/Users/java_re/workspace/8-2-build-macosx-x86_64/jdk8u72/5732/hotspot/src/share/vm/classfile/systemDictionary.cpp, line 199]
Event: 5.921 Thread 0x00007fcf91be2000 Exception <a 'java/lang/UnsatisfiedLinkError': dlopen(libX11.dylib, 9): image not found> (0x00000007ab80bac8) thrown at [/Users/java_re/workspace/8-2-build-macosx-x86_64/jdk8u72/5732/hotspot/src/share/vm/prims/jni.cpp, line 735]
Event: 5.922 Thread 0x00007fcf91be2000 Exception <a 'java/lang/UnsatisfiedLinkError': dlopen(libX11.dylib, 9): image not found> (0x00000007ab80cc10) thrown at [/Users/java_re/workspace/8-2-build-macosx-x86_64/jdk8u72/5732/hotspot/src/share/vm/prims/jni.cpp, line 735]
Event: 5.928 Thread 0x00007fcf91be2000 Exception <a 'java/lang/UnsatisfiedLinkError'> (0x00000007ab839588) thrown at [/Users/java_re/workspace/8-2-build-macosx-x86_64/jdk8u72/5732/hotspot/src/share/vm/oops/instanceKlass.cpp, line 948]
Event: 7.566 Thread 0x00007fcf94089000 Exception <a 'java/lang/NullPointerException'> (0x00000007ab1dd1f8) thrown at [/Users/java_re/workspace/8-2-build-macosx-x86_64/jdk8u72/5732/hotspot/src/share/vm/interpreter/linkResolver.cpp, line 1178]
Event: 11.314 Thread 0x00007fcf91776000 Exception <a 'java/lang/NullPointerException'> (0x00000007aabd8b30) thrown at [/Users/java_re/workspace/8-2-build-macosx-x86_64/jdk8u72/5732/hotspot/src/share/vm/interpreter/linkResolver.cpp, line 1178]

Events (10 events):
Event: 21.793 Thread 0x00007fcf91db2000 Thread added: 0x00007fcf91db2000
Event: 21.794 Thread 0x00007fcf91db2000 Thread exited: 0x00007fcf91db2000
Event: 21.794 Thread 0x00007fcf91db2000 Thread added: 0x00007fcf91db2000
Event: 21.794 Thread 0x00007fcf91db2000 Thread exited: 0x00007fcf91db2000
Event: 21.794 Thread 0x00007fcf91db2000 Thread added: 0x00007fcf91db2000
Event: 21.795 Thread 0x00007fcf91db2000 Thread exited: 0x00007fcf91db2000
Event: 21.795 Thread 0x00007fcf91db2000 Thread added: 0x00007fcf91db2000
Event: 21.795 Thread 0x00007fcf91db2000 Thread exited: 0x00007fcf91db2000
Event: 21.795 Thread 0x00007fcf91db2000 Thread added: 0x00007fcf91db2000
Event: 21.795 Thread 0x00007fcf91db2000 Thread exited: 0x00007fcf91db2000


Dynamic libraries:
0x0000000001910000 	/System/Library/Frameworks/Cocoa.framework/Versions/A/Cocoa
0x0000000001910000 	/System/Library/Frameworks/Security.framework/Versions/A/Security
0x0000000001910000 	/System/Library/Frameworks/ApplicationServices.framework/Versions/A/ApplicationServices
0x0000000001910000 	/usr/lib/libz.1.dylib
0x0000000001910000 	/usr/lib/libSystem.B.dylib
0x0000000001910000 	/usr/lib/libobjc.A.dylib
0x0000000001910000 	/System/Library/Frameworks/CoreFoundation.framework/Versions/A/CoreFoundation
0x0000000001910000 	/System/Library/Frameworks/Foundation.framework/Versions/C/Foundation
0x0000000001910000 	/System/Library/Frameworks/AppKit.framework/Versions/C/AppKit
0x0000000001910000 	/System/Library/Frameworks/CoreData.framework/Versions/A/CoreData
0x0000000001910000 	/System/Library/PrivateFrameworks/RemoteViewServices.framework/Versions/A/RemoteViewServices
0x0000000001910000 	/System/Library/PrivateFrameworks/UIFoundation.framework/Versions/A/UIFoundation
0x0000000001910000 	/System/Library/Frameworks/IOSurface.framework/Versions/A/IOSurface
0x0000000001910000 	/System/Library/Frameworks/AudioToolbox.framework/Versions/A/AudioToolbox
0x0000000001910000 	/System/Library/Frameworks/AudioUnit.framework/Versions/A/AudioUnit
0x0000000001910000 	/System/Library/PrivateFrameworks/DataDetectorsCore.framework/Versions/A/DataDetectorsCore
0x0000000001910000 	/System/Library/PrivateFrameworks/DesktopServicesPriv.framework/Versions/A/DesktopServicesPriv
0x0000000001910000 	/System/Library/Frameworks/Carbon.framework/Versions/A/Frameworks/HIToolbox.framework/Versions/A/HIToolbox
0x0000000001910000 	/System/Library/Frameworks/QuartzCore.framework/Versions/A/QuartzCore
0x0000000001910000 	/System/Library/Frameworks/Carbon.framework/Versions/A/Frameworks/SpeechRecognition.framework/Versions/A/SpeechRecognition
0x0000000001910000 	/usr/lib/libauto.dylib
0x0000000001910000 	/usr/lib/libicucore.A.dylib
0x0000000001910000 	/usr/lib/libxml2.2.dylib
0x0000000001910000 	/System/Library/PrivateFrameworks/CoreUI.framework/Versions/A/CoreUI
0x0000000001910000 	/System/Library/Frameworks/CoreAudio.framework/Versions/A/CoreAudio
0x0000000001910000 	/System/Library/Frameworks/DiskArbitration.framework/Versions/A/DiskArbitration
0x0000000001910000 	/usr/lib/liblangid.dylib
0x0000000001910000 	/System/Library/PrivateFrameworks/MultitouchSupport.framework/Versions/A/MultitouchSupport
0x0000000001910000 	/System/Library/Frameworks/IOKit.framework/Versions/A/IOKit
0x0000000001910000 	/usr/lib/libDiagnosticMessagesClient.dylib
0x0000000001910000 	/System/Library/Frameworks/CoreServices.framework/Versions/A/CoreServices
0x0000000001910000 	/System/Library/PrivateFrameworks/PerformanceAnalysis.framework/Versions/A/PerformanceAnalysis
0x0000000001910000 	/System/Library/PrivateFrameworks/GenerationalStorage.framework/Versions/A/GenerationalStorage
0x0000000001910000 	/System/Library/Frameworks/OpenGL.framework/Versions/A/OpenGL
0x0000000001910000 	/System/Library/PrivateFrameworks/Sharing.framework/Versions/A/Sharing
0x0000000001910000 	/System/Library/Frameworks/CoreGraphics.framework/Versions/A/CoreGraphics
0x0000000001910000 	/System/Library/Frameworks/CoreText.framework/Versions/A/CoreText
0x0000000001910000 	/System/Library/Frameworks/ImageIO.framework/Versions/A/ImageIO
0x0000000001910000 	/usr/lib/libextension.dylib
0x0000000001910000 	/System/Library/PrivateFrameworks/Backup.framework/Versions/A/Backup
0x0000000001910000 	/usr/lib/libarchive.2.dylib
0x0000000001910000 	/System/Library/Frameworks/CFNetwork.framework/Versions/A/CFNetwork
0x0000000001910000 	/System/Library/Frameworks/SystemConfiguration.framework/Versions/A/SystemConfiguration
0x0000000001910000 	/usr/lib/libCRFSuite.dylib
0x0000000001910000 	/usr/lib/libc++.1.dylib
0x0000000001910000 	/usr/lib/libc++abi.dylib
0x0000000001910000 	/usr/lib/system/libcache.dylib
0x0000000001910000 	/usr/lib/system/libcommonCrypto.dylib
0x0000000001910000 	/usr/lib/system/libcompiler_rt.dylib
0x0000000001910000 	/usr/lib/system/libcopyfile.dylib
0x0000000001910000 	/usr/lib/system/libcorecrypto.dylib
0x0000000001910000 	/usr/lib/system/libdispatch.dylib
0x0000000001910000 	/usr/lib/system/libdyld.dylib
0x0000000001910000 	/usr/lib/system/libkeymgr.dylib
0x0000000001910000 	/usr/lib/system/liblaunch.dylib
0x0000000001910000 	/usr/lib/system/libmacho.dylib
0x0000000001910000 	/usr/lib/system/libquarantine.dylib
0x0000000001910000 	/usr/lib/system/libremovefile.dylib
0x0000000001910000 	/usr/lib/system/libsystem_asl.dylib
0x0000000001910000 	/usr/lib/system/libsystem_blocks.dylib
0x0000000001910000 	/usr/lib/system/libsystem_c.dylib
0x0000000001910000 	/usr/lib/system/libsystem_configuration.dylib
0x0000000001910000 	/usr/lib/system/libsystem_coreservices.dylib
0x0000000001910000 	/usr/lib/system/libsystem_coretls.dylib
0x0000000001910000 	/usr/lib/system/libsystem_dnssd.dylib
0x0000000001910000 	/usr/lib/system/libsystem_info.dylib
0x0000000001910000 	/usr/lib/system/libsystem_kernel.dylib
0x0000000001910000 	/usr/lib/system/libsystem_m.dylib
0x0000000001910000 	/usr/lib/system/libsystem_malloc.dylib
0x0000000001910000 	/usr/lib/system/libsystem_network.dylib
0x0000000001910000 	/usr/lib/system/libsystem_networkextension.dylib
0x0000000001910000 	/usr/lib/system/libsystem_notify.dylib
0x0000000001910000 	/usr/lib/system/libsystem_platform.dylib
0x0000000001910000 	/usr/lib/system/libsystem_pthread.dylib
0x0000000001910000 	/usr/lib/system/libsystem_sandbox.dylib
0x0000000001910000 	/usr/lib/system/libsystem_secinit.dylib
0x0000000001910000 	/usr/lib/system/libsystem_stats.dylib
0x0000000001910000 	/usr/lib/system/libsystem_trace.dylib
0x0000000001910000 	/usr/lib/system/libunc.dylib
0x0000000001910000 	/usr/lib/system/libunwind.dylib
0x0000000001910000 	/usr/lib/system/libxpc.dylib
0x0000000001910000 	/usr/lib/libbz2.1.0.dylib
0x0000000001910000 	/usr/lib/liblzma.5.dylib
0x0000000001910000 	/usr/lib/libbsm.0.dylib
0x0000000001910000 	/usr/lib/libsqlite3.dylib
0x0000000001910000 	/usr/lib/system/libkxld.dylib
0x0000000001910000 	/usr/lib/libxar.1.dylib
0x0000000001910000 	/usr/lib/libpam.2.dylib
0x0000000001910000 	/usr/lib/libOpenScriptingUtil.dylib
0x0000000001910000 	/System/Library/Frameworks/CoreServices.framework/Versions/A/Frameworks/FSEvents.framework/Versions/A/FSEvents
0x0000000001910000 	/System/Library/Frameworks/CoreServices.framework/Versions/A/Frameworks/CarbonCore.framework/Versions/A/CarbonCore
0x0000000001910000 	/System/Library/Frameworks/CoreServices.framework/Versions/A/Frameworks/Metadata.framework/Versions/A/Metadata
0x0000000001910000 	/System/Library/Frameworks/CoreServices.framework/Versions/A/Frameworks/OSServices.framework/Versions/A/OSServices
0x0000000001910000 	/System/Library/Frameworks/CoreServices.framework/Versions/A/Frameworks/SearchKit.framework/Versions/A/SearchKit
0x0000000001910000 	/System/Library/Frameworks/CoreServices.framework/Versions/A/Frameworks/AE.framework/Versions/A/AE
0x0000000001910000 	/System/Library/Frameworks/CoreServices.framework/Versions/A/Frameworks/LaunchServices.framework/Versions/A/LaunchServices
0x0000000001910000 	/System/Library/Frameworks/CoreServices.framework/Versions/A/Frameworks/DictionaryServices.framework/Versions/A/DictionaryServices
0x0000000001910000 	/System/Library/Frameworks/NetFS.framework/Versions/A/NetFS
0x0000000001910000 	/System/Library/PrivateFrameworks/NetAuth.framework/Versions/A/NetAuth
0x0000000001910000 	/System/Library/PrivateFrameworks/login.framework/Versions/A/Frameworks/loginsupport.framework/Versions/A/loginsupport
0x0000000001910000 	/System/Library/PrivateFrameworks/TCC.framework/Versions/A/TCC
0x0000000001910000 	/usr/lib/libmecabra.dylib
0x0000000001910000 	/System/Library/Frameworks/ApplicationServices.framework/Versions/A/Frameworks/ATS.framework/Versions/A/ATS
0x0000000001910000 	/System/Library/Frameworks/ApplicationServices.framework/Versions/A/Frameworks/ColorSync.framework/Versions/A/ColorSync
0x0000000001910000 	/System/Library/Frameworks/ApplicationServices.framework/Versions/A/Frameworks/HIServices.framework/Versions/A/HIServices
0x0000000001910000 	/System/Library/Frameworks/ApplicationServices.framework/Versions/A/Frameworks/LangAnalysis.framework/Versions/A/LangAnalysis
0x0000000001910000 	/System/Library/Frameworks/ApplicationServices.framework/Versions/A/Frameworks/PrintCore.framework/Versions/A/PrintCore
0x0000000001910000 	/System/Library/Frameworks/ApplicationServices.framework/Versions/A/Frameworks/QD.framework/Versions/A/QD
0x0000000001910000 	/System/Library/Frameworks/ApplicationServices.framework/Versions/A/Frameworks/SpeechSynthesis.framework/Versions/A/SpeechSynthesis
0x0000000001910000 	/System/Library/Frameworks/Accelerate.framework/Versions/A/Accelerate
0x0000000001910000 	/System/Library/Frameworks/Accelerate.framework/Versions/A/Frameworks/vImage.framework/Versions/A/vImage
0x0000000001910000 	/System/Library/Frameworks/Accelerate.framework/Versions/A/Frameworks/vecLib.framework/Versions/A/vecLib
0x0000000001910000 	/System/Library/Frameworks/Accelerate.framework/Versions/A/Frameworks/vecLib.framework/Versions/A/libvDSP.dylib
0x0000000001910000 	/System/Library/Frameworks/Accelerate.framework/Versions/A/Frameworks/vecLib.framework/Versions/A/libvMisc.dylib
0x0000000001910000 	/System/Library/Frameworks/Accelerate.framework/Versions/A/Frameworks/vecLib.framework/Versions/A/libLAPACK.dylib
0x0000000001910000 	/System/Library/Frameworks/Accelerate.framework/Versions/A/Frameworks/vecLib.framework/Versions/A/libBLAS.dylib
0x0000000001910000 	/System/Library/Frameworks/Accelerate.framework/Versions/A/Frameworks/vecLib.framework/Versions/A/libLinearAlgebra.dylib
0x0000000001910000 	/System/Library/Frameworks/ApplicationServices.framework/Versions/A/Frameworks/ATS.framework/Versions/A/Resources/libFontParser.dylib
0x0000000001910000 	/System/Library/Frameworks/ApplicationServices.framework/Versions/A/Frameworks/ATS.framework/Versions/A/Resources/libFontRegistry.dylib
0x0000000001910000 	/System/Library/PrivateFrameworks/AppleVPA.framework/Versions/A/AppleVPA
0x0000000001910000 	/System/Library/PrivateFrameworks/AppleJPEG.framework/Versions/A/AppleJPEG
0x0000000001910000 	/System/Library/Frameworks/ImageIO.framework/Versions/A/Resources/libJPEG.dylib
0x0000000001910000 	/System/Library/Frameworks/ImageIO.framework/Versions/A/Resources/libTIFF.dylib
0x0000000001910000 	/System/Library/Frameworks/ImageIO.framework/Versions/A/Resources/libPng.dylib
0x0000000001910000 	/System/Library/Frameworks/ImageIO.framework/Versions/A/Resources/libGIF.dylib
0x0000000001910000 	/System/Library/Frameworks/ImageIO.framework/Versions/A/Resources/libJP2.dylib
0x0000000001910000 	/System/Library/Frameworks/ImageIO.framework/Versions/A/Resources/libRadiance.dylib
0x0000000001910000 	/System/Library/Frameworks/CoreVideo.framework/Versions/A/CoreVideo
0x0000000001910000 	/System/Library/Frameworks/OpenGL.framework/Versions/A/Libraries/libGLU.dylib
0x0000000001910000 	/System/Library/Frameworks/OpenGL.framework/Versions/A/Libraries/libGFXShared.dylib
0x0000000001910000 	/System/Library/Frameworks/OpenGL.framework/Versions/A/Libraries/libGL.dylib
0x0000000001910000 	/System/Library/Frameworks/OpenGL.framework/Versions/A/Libraries/libGLImage.dylib
0x0000000001910000 	/System/Library/Frameworks/OpenGL.framework/Versions/A/Libraries/libCVMSPluginSupport.dylib
0x0000000001910000 	/System/Library/Frameworks/OpenGL.framework/Versions/A/Libraries/libCoreVMClient.dylib
0x0000000001910000 	/usr/lib/libcups.2.dylib
0x0000000001910000 	/System/Library/Frameworks/Kerberos.framework/Versions/A/Kerberos
0x0000000001910000 	/System/Library/Frameworks/GSS.framework/Versions/A/GSS
0x0000000001910000 	/usr/lib/libresolv.9.dylib
0x0000000001910000 	/usr/lib/libiconv.2.dylib
0x0000000001910000 	/System/Library/PrivateFrameworks/Heimdal.framework/Versions/A/Heimdal
0x0000000001910000 	/usr/lib/libheimdal-asn1.dylib
0x0000000001910000 	/System/Library/Frameworks/OpenDirectory.framework/Versions/A/OpenDirectory
0x0000000001910000 	/System/Library/PrivateFrameworks/CommonAuth.framework/Versions/A/CommonAuth
0x0000000001910000 	/System/Library/Frameworks/OpenDirectory.framework/Versions/A/Frameworks/CFOpenDirectory.framework/Versions/A/CFOpenDirectory
0x0000000001910000 	/System/Library/Frameworks/SecurityFoundation.framework/Versions/A/SecurityFoundation
0x0000000001910000 	/System/Library/PrivateFrameworks/LanguageModeling.framework/Versions/A/LanguageModeling
0x0000000001910000 	/usr/lib/libcmph.dylib
0x0000000001910000 	/System/Library/Frameworks/ServiceManagement.framework/Versions/A/ServiceManagement
0x0000000001910000 	/usr/lib/libxslt.1.dylib
0x0000000001910000 	/System/Library/Frameworks/Carbon.framework/Versions/A/Frameworks/Ink.framework/Versions/A/Ink
0x0000000001910000 	/System/Library/Frameworks/QuartzCore.framework/Versions/A/Frameworks/CoreImage.framework/Versions/A/CoreImage
0x0000000001910000 	/System/Library/PrivateFrameworks/CrashReporterSupport.framework/Versions/A/CrashReporterSupport
0x0000000001910000 	/System/Library/Frameworks/OpenCL.framework/Versions/A/OpenCL
0x0000000001910000 	/System/Library/PrivateFrameworks/FaceCore.framework/Versions/A/FaceCore
0x0000000001910000 	/System/Library/PrivateFrameworks/Ubiquity.framework/Versions/A/Ubiquity
0x0000000001910000 	/System/Library/PrivateFrameworks/IconServices.framework/Versions/A/IconServices
0x0000000001910000 	/System/Library/PrivateFrameworks/ChunkingLibrary.framework/Versions/A/ChunkingLibrary
0x0000000001910000 	/System/Library/PrivateFrameworks/Apple80211.framework/Versions/A/Apple80211
0x0000000001910000 	/System/Library/Frameworks/CoreWLAN.framework/Versions/A/CoreWLAN
0x0000000001910000 	/System/Library/Frameworks/IOBluetooth.framework/Versions/A/IOBluetooth
0x0000000001910000 	/System/Library/PrivateFrameworks/CoreWiFi.framework/Versions/A/CoreWiFi
0x0000000001910000 	/System/Library/Frameworks/CoreBluetooth.framework/Versions/A/CoreBluetooth
0x0000000001910000 	/System/Library/PrivateFrameworks/DebugSymbols.framework/Versions/A/DebugSymbols
0x0000000001910000 	/System/Library/PrivateFrameworks/CoreSymbolication.framework/Versions/A/CoreSymbolication
0x0000000001910000 	/System/Library/PrivateFrameworks/Symbolication.framework/Versions/A/Symbolication
0x0000000001910000 	/System/Library/PrivateFrameworks/SpeechRecognitionCore.framework/Versions/A/SpeechRecognitionCore
0x000000010fc7d000 	/Library/Java/JavaVirtualMachines/jdk1.8.0_72.jdk/Contents/Home/jre/lib/server/libjvm.dylib
0x0000000001910000 	/usr/lib/libstdc++.6.dylib
0x0000000110d0f000 	/Library/Java/JavaVirtualMachines/jdk1.8.0_72.jdk/Contents/Home/jre/lib/libverify.dylib
0x0000000110d1d000 	/Library/Java/JavaVirtualMachines/jdk1.8.0_72.jdk/Contents/Home/jre/lib/libjava.dylib
0x0000000110d73000 	/Library/Java/JavaVirtualMachines/jdk1.8.0_72.jdk/Contents/Home/jre/lib/libzip.dylib
0x000000012444c000 	/System/Library/Frameworks/JavaVM.framework/Frameworks/JavaRuntimeSupport.framework/JavaRuntimeSupport
0x0000000124467000 	/System/Library/Frameworks/JavaVM.framework/Versions/A/Frameworks/JavaNativeFoundation.framework/Versions/A/JavaNativeFoundation
0x000000012447c000 	/System/Library/Frameworks/JavaVM.framework/Versions/A/JavaVM
0x0000000001910000 	/System/Library/Frameworks/Carbon.framework/Versions/A/Carbon
0x0000000124489000 	/System/Library/PrivateFrameworks/JavaLaunching.framework/Versions/A/JavaLaunching
0x0000000001910000 	/System/Library/Frameworks/Carbon.framework/Versions/A/Frameworks/CommonPanels.framework/Versions/A/CommonPanels
0x0000000001910000 	/System/Library/Frameworks/Carbon.framework/Versions/A/Frameworks/Help.framework/Versions/A/Help
0x0000000001910000 	/System/Library/Frameworks/Carbon.framework/Versions/A/Frameworks/ImageCapture.framework/Versions/A/ImageCapture
0x0000000001910000 	/System/Library/Frameworks/Carbon.framework/Versions/A/Frameworks/OpenScripting.framework/Versions/A/OpenScripting
0x0000000001910000 	/System/Library/Frameworks/Carbon.framework/Versions/A/Frameworks/Print.framework/Versions/A/Print
0x0000000001910000 	/System/Library/Frameworks/Carbon.framework/Versions/A/Frameworks/SecurityHI.framework/Versions/A/SecurityHI
0x00000001265bb000 	/Library/Java/JavaVirtualMachines/jdk1.8.0_72.jdk/Contents/Home/jre/lib/libawt.dylib
0x0000000126663000 	/Library/Java/JavaVirtualMachines/jdk1.8.0_72.jdk/Contents/Home/jre/lib/./libmlib_image.dylib
0x000000012672f000 	/Library/Java/JavaVirtualMachines/jdk1.8.0_72.jdk/Contents/Home/jre/lib/libawt_lwawt.dylib
0x00000001267e4000 	/Library/Java/JavaVirtualMachines/jdk1.8.0_72.jdk/Contents/Home/jre/lib/./libosxapp.dylib
0x0000000001910000 	/System/Library/Frameworks/ExceptionHandling.framework/Versions/A/ExceptionHandling
0x0000000001910000 	/System/Library/PrivateFrameworks/CoreServicesInternal.framework/Versions/A/CoreServicesInternal
0x0000000001910000 	/System/Library/PrivateFrameworks/CloudDocs.framework/Versions/A/CloudDocs
0x0000000001910000 	/System/Library/PrivateFrameworks/CoreDuet.framework/Versions/A/CoreDuet
0x0000000001910000 	/System/Library/Frameworks/CloudKit.framework/Versions/A/CloudKit
0x0000000001910000 	/System/Library/PrivateFrameworks/ProtocolBuffer.framework/Versions/A/ProtocolBuffer
0x0000000001910000 	/System/Library/PrivateFrameworks/CoreDuetDaemonProtocol.framework/Versions/A/CoreDuetDaemonProtocol
0x0000000001910000 	/System/Library/PrivateFrameworks/CoreDuetDebugLogging.framework/Versions/A/CoreDuetDebugLogging
0x0000000001910000 	/System/Library/PrivateFrameworks/MMCS.framework/Versions/A/MMCS
0x0000000001910000 	/System/Library/Frameworks/CoreLocation.framework/Versions/A/CoreLocation
0x0000000001910000 	/System/Library/PrivateFrameworks/ProtectedCloudStorage.framework/Versions/A/ProtectedCloudStorage
0x0000000001910000 	/System/Library/PrivateFrameworks/GeoServices.framework/Versions/A/GeoServices
0x0000000126eea000 	/System/Library/Frameworks/CoreGraphics.framework/Versions/A/Resources/libCGCMS.A.dylib
0x0000000128d63000 	/System/Library/Frameworks/CoreGraphics.framework/Versions/A/Resources/libRIP.A.dylib
0x0000000128fd0000 	/System/Library/Frameworks/CoreGraphics.framework/Versions/A/Resources/libCGXType.A.dylib
0x0000000001910000 	/System/Library/Frameworks/OpenCL.framework/Versions/A/Libraries/libcldcpuengine.dylib
0x0000000001910000 	/System/Library/PrivateFrameworks/DiskImages.framework/Versions/A/DiskImages
0x0000000001910000 	/System/Library/Frameworks/DiscRecording.framework/Versions/A/DiscRecording
0x0000000001910000 	/usr/lib/libcsfde.dylib
0x0000000001910000 	/usr/lib/libcurl.4.dylib
0x0000000001910000 	/System/Library/PrivateFrameworks/MediaKit.framework/Versions/A/MediaKit
0x0000000001910000 	/usr/lib/libCoreStorage.dylib
0x0000000001910000 	/System/Library/PrivateFrameworks/EFILogin.framework/Versions/A/EFILogin
0x0000000001910000 	/usr/lib/libutil.dylib
0x0000000001910000 	/System/Library/PrivateFrameworks/FindMyDevice.framework/Versions/A/FindMyDevice
0x0000000001910000 	/System/Library/Frameworks/LDAP.framework/Versions/A/LDAP
0x0000000001910000 	/usr/lib/libsasl2.2.dylib
0x0000000001910000 	/System/Library/PrivateFrameworks/CoreDaemon.framework/Versions/B/CoreDaemon
0x0000000001910000 	/usr/lib/libcrypto.0.9.8.dylib
0x0000000001910000 	/System/Library/PrivateFrameworks/AppleSRP.framework/Versions/A/AppleSRP
0x0000000001910000 	/System/Library/PrivateFrameworks/TrustEvaluationAgent.framework/Versions/A/TrustEvaluationAgent
0x0000000129a3e000 	cl_kernels
0x0000000129a40000 	/System/Library/Frameworks/OpenCL.framework/Versions/A/Libraries/ImageFormats/unorm8_bgra.dylib
0x0000000129b6a000 	cl_kernels
0x0000000001910000 	/System/Library/PrivateFrameworks/FamilyControls.framework/Versions/A/FamilyControls
0x0000000001910000 	/System/Library/PrivateFrameworks/CommerceKit.framework/Versions/A/Frameworks/CommerceCore.framework/Versions/A/CommerceCore
0x0000000001910000 	/System/Library/PrivateFrameworks/SystemAdministration.framework/Versions/A/SystemAdministration
0x0000000001910000 	/System/Library/PrivateFrameworks/AppContainer.framework/Versions/A/AppContainer
0x0000000001910000 	/System/Library/PrivateFrameworks/SecCodeWrapper.framework/Versions/A/SecCodeWrapper
0x0000000001910000 	/System/Library/Frameworks/DirectoryService.framework/Versions/A/DirectoryService
0x0000000001910000 	/System/Library/PrivateFrameworks/LoginUIKit.framework/Versions/A/Frameworks/LoginUICore.framework/Versions/A/LoginUICore
0x0000000001910000 	/usr/lib/libodfde.dylib
0x000000012ad0a000 	/System/Library/Frameworks/OpenGL.framework/Resources/GLEngine.bundle/GLEngine
0x0000000001910000 	/System/Library/Frameworks/OpenGL.framework/Versions/A/Libraries/libGLProgrammability.dylib
0x0000000000000000 	/System/Library/Extensions/GeForceTeslaGLDriver.bundle/Contents/MacOS/GeForceTeslaGLDriver
0x000000012aef5000 	/System/Library/Extensions/GeForceTeslaGLDriver.bundle/Contents/MacOS/libclh.dylib
0x0000000128f74000 	/System/Library/PrivateFrameworks/GPUSupport.framework/Versions/A/Libraries/libGPUSupport.dylib
0x000000012b73c000 	/System/Library/Frameworks/OpenGL.framework/Resources//GLRendererFloat.bundle/GLRendererFloat
0x000000012bde6000 	/Library/Java/JavaVirtualMachines/jdk1.8.0_72.jdk/Contents/Home/jre/lib/libfontmanager.dylib
0x000000012be4d000 	/Library/Java/JavaVirtualMachines/jdk1.8.0_72.jdk/Contents/Home/jre/lib/libosxui.dylib
0x000000012e469000 	/Library/Java/JavaVirtualMachines/jdk1.8.0_72.jdk/Contents/Home/jre/lib/libnet.dylib
0x000000012e4c8000 	/Library/Java/JavaVirtualMachines/jdk1.8.0_72.jdk/Contents/Home/jre/lib/libnio.dylib
0x0000000001910000 	/System/Library/Frameworks/ApplicationServices.framework/Versions/A/Frameworks/ATS.framework/Versions/A/Resources/libTrueTypeScaler.dylib
0x0000000001910000 	/System/Library/Frameworks/Accelerate.framework/Versions/A/Frameworks/vImage.framework/Versions/A/Libraries/libCGInterfaces.dylib
0x000000012d990000 	/private/var/folders/fz/n4xv205n29s453jyxm07l31c0000gn/T/jna-67228189/jna5664932266609132740.tmp
0x000000012dde0000 	/Applications/VLC.app/Contents/MacOS/lib/libvlc.dylib
0x000000018f78d000 	/Applications/VLC.app/Contents/MacOS/lib/libvlccore.8.dylib
0x000000012d652000 	/Applications/VLC.app/Contents/MacOS/plugins/libavcapture_plugin.dylib
0x0000000001910000 	/System/Library/Frameworks/AVFoundation.framework/Versions/A/AVFoundation
0x0000000001910000 	/System/Library/Frameworks/CoreMedia.framework/Versions/A/CoreMedia
0x0000000001910000 	/System/Library/Frameworks/AVFoundation.framework/Versions/A/Resources/libAVFAudio.dylib
0x0000000001910000 	/System/Library/Frameworks/MediaToolbox.framework/Versions/A/MediaToolbox
0x0000000001910000 	/System/Library/Frameworks/VideoToolbox.framework/Versions/A/VideoToolbox
0x0000000001910000 	/System/Library/Frameworks/CoreMediaIO.framework/Versions/A/CoreMediaIO
0x0000000001910000 	/System/Library/PrivateFrameworks/MediaControlSender.framework/Versions/A/MediaControlSender
0x0000000001910000 	/System/Library/PrivateFrameworks/CoreAVCHD.framework/Versions/A/CoreAVCHD
0x0000000001910000 	/System/Library/Frameworks/MediaAccessibility.framework/Versions/A/MediaAccessibility
0x0000000001910000 	/System/Library/PrivateFrameworks/Mangrove.framework/Versions/A/Mangrove
0x0000000001910000 	/System/Library/PrivateFrameworks/CoreAUC.framework/Versions/A/CoreAUC
0x0000000001910000 	/System/Library/PrivateFrameworks/NetworkStatistics.framework/Versions/A/NetworkStatistics
0x0000000001910000 	/System/Library/PrivateFrameworks/AirPlaySupport.framework/Versions/A/AirPlaySupport
0x0000000001910000 	/System/Library/PrivateFrameworks/CoreUtils.framework/Versions/A/CoreUtils
0x0000000001910000 	/System/Library/PrivateFrameworks/AppleVA.framework/Versions/A/AppleVA
0x0000000001910000 	/System/Library/PrivateFrameworks/XPCService.framework/Versions/A/XPCService
0x0000000001910000 	/System/Library/PrivateFrameworks/AppSandbox.framework/Versions/A/AppSandbox
0x0000000001910000 	/usr/lib/libsandbox.1.dylib
0x0000000001910000 	/usr/lib/libMatch.1.dylib
0x000000018d0a1000 	/Applications/VLC.app/Contents/MacOS/plugins/libqtcapture_plugin.dylib
0x0000000001910000 	/System/Library/Frameworks/QTKit.framework/Versions/A/QTKit
0x0000000001910000 	/System/Library/PrivateFrameworks/CoreMediaAuthoring.framework/Versions/A/CoreMediaAuthoring
0x000000012d9a5000 	/Applications/VLC.app/Contents/MacOS/plugins/libqtsound_plugin.dylib
0x000000018d8ab000 	/Applications/VLC.app/Contents/MacOS/plugins/libauhal_plugin.dylib
0x000000018d8ba000 	/System/Library/Extensions/AppleHDA.kext/Contents/PlugIns/AppleHDAHALPlugIn.bundle/Contents/MacOS/AppleHDAHALPlugIn
0x000000018fb89000 	/Applications/VLC.app/Contents/MacOS/plugins/liblibbluray_plugin.dylib
0x0000000124519000 	/Applications/VLC.app/Contents/MacOS/plugins/libaccess_bd_plugin.dylib
0x0000000124527000 	/Applications/VLC.app/Contents/MacOS/plugins/libdvdnav_plugin.dylib
0x0000000124586000 	/Applications/VLC.app/Contents/MacOS/plugins/libvdr_plugin.dylib
0x000000012458f000 	/Applications/VLC.app/Contents/MacOS/plugins/libfilesystem_plugin.dylib
0x0000000126800000 	/Applications/VLC.app/Contents/MacOS/plugins/libsmooth_plugin.dylib
0x000000012680b000 	/Applications/VLC.app/Contents/MacOS/plugins/liblua_plugin.dylib
0x0000000126861000 	/Applications/VLC.app/Contents/MacOS/plugins/libdecomp_plugin.dylib
0x0000000190c27000 	/Applications/VLC.app/Contents/MacOS/plugins/libhttplive_plugin.dylib
0x0000000126868000 	/Applications/VLC.app/Contents/MacOS/plugins/libfolder_plugin.dylib
0x000000018ee7d000 	/Applications/VLC.app/Contents/MacOS/plugins/libdash_plugin.dylib
0x000000012686e000 	/Applications/VLC.app/Contents/MacOS/plugins/librar_plugin.dylib
0x000000018d8c3000 	/Applications/VLC.app/Contents/MacOS/plugins/libzip_plugin.dylib
0x0000000126875000 	/Applications/VLC.app/Contents/MacOS/plugins/librecord_plugin.dylib
0x000000018e3b5000 	/Applications/VLC.app/Contents/MacOS/plugins/libes_plugin.dylib
0x000000018fa86000 	/Applications/VLC.app/Contents/MacOS/plugins/libvorbis_plugin.dylib
0x000000012687b000 	/Applications/VLC.app/Contents/MacOS/plugins/librawvideo_plugin.dylib
0x0000000191927000 	/Applications/VLC.app/Contents/MacOS/plugins/libtheora_plugin.dylib
0x000000019196c000 	/Applications/VLC.app/Contents/MacOS/plugins/libspeex_plugin.dylib
0x000000018d0ac000 	/Applications/VLC.app/Contents/MacOS/plugins/libaes3_plugin.dylib
0x00000001919a2000 	/Applications/VLC.app/Contents/MacOS/plugins/libmp4_plugin.dylib
0x000000018e3be000 	/Applications/VLC.app/Contents/MacOS/plugins/liblpcm_plugin.dylib
0x000000018e90a000 	/Applications/VLC.app/Contents/MacOS/plugins/libavi_plugin.dylib
0x000000018fb63000 	/Applications/VLC.app/Contents/MacOS/plugins/libpacketizer_mpeg4audio_plugin.dylib
0x000000018fb6d000 	/Applications/VLC.app/Contents/MacOS/plugins/libasf_plugin.dylib
0x000000018e3c6000 	/Applications/VLC.app/Contents/MacOS/plugins/libpacketizer_mlp_plugin.dylib
0x000000018fb7d000 	/Applications/VLC.app/Contents/MacOS/plugins/libflacsys_plugin.dylib
0x00000001919d3000 	/Applications/VLC.app/Contents/MacOS/plugins/libpacketizer_h264_plugin.dylib
0x00000001919de000 	/Applications/VLC.app/Contents/MacOS/plugins/libpacketizer_flac_plugin.dylib
0x00000001919e6000 	/Applications/VLC.app/Contents/MacOS/plugins/libpacketizer_dirac_plugin.dylib
0x00000001919ef000 	/Applications/VLC.app/Contents/MacOS/plugins/libpacketizer_hevc_plugin.dylib
0x00000001919f6000 	/Applications/VLC.app/Contents/MacOS/plugins/libsvcdsub_plugin.dylib
0x00000001919fd000 	/Applications/VLC.app/Contents/MacOS/plugins/libspudec_plugin.dylib
0x0000000191a04000 	/Applications/VLC.app/Contents/MacOS/plugins/libpacketizer_vc1_plugin.dylib
0x0000000191a0c000 	/Applications/VLC.app/Contents/MacOS/plugins/libpacketizer_mpegvideo_plugin.dylib
0x0000000191a14000 	/Applications/VLC.app/Contents/MacOS/plugins/libpacketizer_mpeg4video_plugin.dylib
0x0000000191a1c000 	/Applications/VLC.app/Contents/MacOS/plugins/libcvdsub_plugin.dylib
0x0000000191a23000 	/Applications/VLC.app/Contents/MacOS/plugins/libavcodec_plugin.dylib
0x000000018d0c9000 	/System/Library/Frameworks/VideoDecodeAcceleration.framework/Versions/A/VideoDecodeAcceleration
0x0000000193076000 	/Applications/VLC.app/Contents/MacOS/plugins/libdts_plugin.dylib
0x000000019307d000 	/Applications/VLC.app/Contents/MacOS/plugins/liba52_plugin.dylib
0x0000000193084000 	/Applications/VLC.app/Contents/MacOS/plugins/libmpeg_audio_plugin.dylib
0x000000019328b000 	/Applications/VLC.app/Contents/MacOS/plugins/libtaglib_plugin.dylib
0x0000000193594000 	/Applications/VLC.app/Contents/MacOS/plugins/libcdg_plugin.dylib
0x000000019359b000 	/Applications/VLC.app/Contents/MacOS/plugins/libpng_plugin.dylib
0x0000000190b24000 	/Applications/VLC.app/Contents/MacOS/plugins/libjpeg_plugin.dylib
0x000000019360f000 	/Applications/VLC.app/Contents/MacOS/plugins/libschroedinger_plugin.dylib
0x0000000190b96000 	/Applications/VLC.app/Contents/MacOS/plugins/libsubstx3g_plugin.dylib
0x0000000193821000 	/Applications/VLC.app/Contents/MacOS/plugins/libopus_plugin.dylib
0x0000000193ac8000 	/System/Library/Components/CoreAudio.component/Contents/MacOS/CoreAudio
0x000000012ddff000 	/Applications/VLC.app/Contents/MacOS/plugins/libfloat_mixer_plugin.dylib
0x0000000190c20000 	/Applications/VLC.app/Contents/MacOS/plugins/libscaletempo_plugin.dylib
0x0000000194053000 	/Applications/VLC.app/Contents/MacOS/plugins/liba52tofloat32_plugin.dylib
0x0000000194063000 	/Applications/VLC.app/Contents/MacOS/plugins/libmpgatofixed32_plugin.dylib
0x000000019408a000 	/Applications/VLC.app/Contents/MacOS/plugins/libdtstofloat32_plugin.dylib
0x000000018e91b000 	/Applications/VLC.app/Contents/MacOS/plugins/libdtstospdif_plugin.dylib
0x00000001940b4000 	/Applications/VLC.app/Contents/MacOS/plugins/libsimple_channel_mixer_plugin.dylib
0x00000001940bb000 	/Applications/VLC.app/Contents/MacOS/plugins/liba52tospdif_plugin.dylib
0x00000001940c1000 	/Applications/VLC.app/Contents/MacOS/plugins/libdolby_surround_decoder_plugin.dylib
0x00000001940c7000 	/Applications/VLC.app/Contents/MacOS/plugins/libugly_resampler_plugin.dylib
0x00000001940cd000 	/Applications/VLC.app/Contents/MacOS/plugins/libaudio_format_plugin.dylib
0x00000001940d4000 	/Applications/VLC.app/Contents/MacOS/plugins/libtrivial_channel_mixer_plugin.dylib

VM Arguments:
jvm_args: -Dfile.encoding=UTF-8 
java_command: mediaplayer.MediaPlayer
java_class_path (initial): /Applications/NetBeans/NetBeans 8.1.app/Contents/Resources/NetBeans/ide/modules/org-apache-commons-logging.jar:/Applications/NetBeans/NetBeans 8.1.app/Contents/Resources/NetBeans/java/modules/ext/cglib-2.2.jar:/Applications/NetBeans/NetBeans 8.1.app/Contents/Resources/NetBeans/java/modules/ext/spring-4/spring-aop-4.0.1.RELEASE.jar:/Applications/NetBeans/NetBeans 8.1.app/Contents/Resources/NetBeans/java/modules/ext/spring-4/spring-aspects-4.0.1.RELEASE.jar:/Applications/NetBeans/NetBeans 8.1.app/Contents/Resources/NetBeans/java/modules/ext/spring-4/spring-beans-4.0.1.RELEASE.jar:/Applications/NetBeans/NetBeans 8.1.app/Contents/Resources/NetBeans/java/modules/ext/spring-4/spring-build-src-4.0.1.RELEASE.jar:/Applications/NetBeans/NetBeans 8.1.app/Contents/Resources/NetBeans/java/modules/ext/spring-4/spring-context-4.0.1.RELEASE.jar:/Applications/NetBeans/NetBeans 8.1.app/Contents/Resources/NetBeans/java/modules/ext/spring-4/spring-context-support-4.0.1.RELEASE.jar:/Applications/NetBeans/NetBeans 8.1.app/Contents/Resources/NetBeans/java/modules/ext/spring-4/spring-core-4.0.1.RELEASE.jar:/Applications/NetBeans/NetBeans 8.1.app/Contents/Resources/NetBeans/java/modules/ext/spring-4/spring-expression-4.0.1.RELEASE.jar:/Applications/NetBeans/NetBeans 8.1.app/Contents/Resources/NetBeans/java/modules/ext/spring-4/spring-framework-bom-4.0.1.RELEASE.jar:/Applications/NetBeans/NetBeans 8.1.app/Contents/Resources/NetBeans/java/modules/ext/spring-4/spring-instrument-4.0.1.RELEASE.jar:/Applications/NetBeans/NetBeans 8.1.app/Contents/Resources/NetBeans/java/modules/ext/spring-4/spring-instrument-tomcat-4.0.1.RELEASE.jar:/Applications/NetBeans/NetBeans 8.1.app/Contents/Resources/NetBeans/java/modules/ext/spring-4/spring-jdbc-4.0.1.RELEASE.jar:/Applications/NetBeans/NetBeans 8.1.app/Contents/Resources/NetBeans/java/modules/ext/spring-4/spring-jms-4.0.1.RELEASE.jar:/Applications/NetBeans/NetBeans 8.1.app/Contents/Resources/NetBeans/java/modules/ext/spring-4/
Launcher Type: SUN_STANDARD

Environment Variables:
PATH=/usr/bin:/bin:/usr/sbin:/sbin
LD_LIBRARY_PATH=/Library/Java/JavaVirtualMachines/jdk1.8.0_72.jdk/Contents/Home/jre/lib/amd64:/Library/Java/JavaVirtualMachines/jdk1.8.0_72.jdk/Contents/Home/jre/lib/i386:
SHELL=/bin/bash
DISPLAY=/private/tmp/com.apple.launchd.yYtkahHiwM/org.macosforge.xquartz:0
DYLD_LIBRARY_PATH=/Applications/NetBeans/NetBeans 8.1.app/Contents/Resources/NetBeans/webcommon/bin:

Signal Handlers:
SIGSEGV: [libjvm.dylib+0x5a6855], sa_mask[0]=11111111011111110111111111111111, sa_flags=SA_ONSTACK|SA_RESTART|SA_SIGINFO
SIGBUS: [libjvm.dylib+0x5a6855], sa_mask[0]=11111111011111110111111111111111, sa_flags=SA_RESTART|SA_SIGINFO
SIGFPE: [libjvm.dylib+0x4804ec], sa_mask[0]=11111111011111110111111111111111, sa_flags=SA_RESTART|SA_SIGINFO
SIGPIPE: [libjvm.dylib+0x4804ec], sa_mask[0]=11111111011111110111111111111111, sa_flags=SA_RESTART|SA_SIGINFO
SIGXFSZ: [libjvm.dylib+0x4804ec], sa_mask[0]=11111111011111110111111111111111, sa_flags=SA_RESTART|SA_SIGINFO
SIGILL: [libjvm.dylib+0x4804ec], sa_mask[0]=11111111011111110111111111111111, sa_flags=SA_RESTART|SA_SIGINFO
SIGUSR1: SIG_DFL, sa_mask[0]=00000000000000000000000000000000, sa_flags=none
SIGUSR2: [libjvm.dylib+0x48000a], sa_mask[0]=00100000000000000000000000000000, sa_flags=SA_RESTART|SA_SIGINFO
SIGHUP: [AudioToolbox+0xf933a], sa_mask[0]=00000000000000000000000000000000, sa_flags=SA_RESTART
SIGINT: SIG_IGN, sa_mask[0]=00000000000000000000000000000000, sa_flags=none
SIGTERM: [libjvm.dylib+0x47e5e1], sa_mask[0]=11111111011111110111111111111111, sa_flags=SA_RESTART|SA_SIGINFO
SIGQUIT: [libjvm.dylib+0x47e5e1], sa_mask[0]=11111111011111110111111111111111, sa_flags=SA_RESTART|SA_SIGINFO


---------------  S Y S T E M  ---------------

OS:Bsduname:Darwin 14.5.0 Darwin Kernel Version 14.5.0: Mon Jan 11 18:48:35 PST 2016; root:xnu-2782.50.2~1/RELEASE_X86_64 x86_64
rlimit: STACK 8192k, CORE 0k, NPROC 709, NOFILE 10240, AS infinity
load average:1.71 1.77 1.69

CPU:total 2 (2 cores per cpu, 1 threads per core) family 6 model 23 stepping 10, cmov, cx8, fxsr, mmx, sse, sse2, sse3, ssse3, sse4.1, tsc

Memory: 4k page, physical 4194304k(75996k free)

/proc/meminfo:


vm_info: Java HotSpot(TM) 64-Bit Server VM (25.72-b15) for bsd-amd64 JRE (1.8.0_72-b15), built on Dec 22 2015 15:43:34 by "java_re" with gcc 4.2.1 (Based on Apple Inc. build 5658) (LLVM build 2336.11.00)

time: Sun Apr 24 16:36:37 2016
elapsed time: 21 seconds (0d 0h 0m 21s)

